#
# A fatal error has been detected by the Java Runtime Environment:
#
#  SIGSEGV (0xb) at pc=0x00007ff813bdce1d, pid=7558, tid=259
#
# JRE version: OpenJDK Runtime Environment Temurin-17.0.6+10 (17.0.6+10) (build 17.0.6+10)
# Java VM: OpenJDK 64-Bit Server VM Temurin-17.0.6+10 (17.0.6+10, mixed mode, sharing, tiered, compressed oops, compressed class ptrs, g1 gc, bsd-amd64)
# Problematic frame:
# C  [libobjc.A.dylib+0x6e1d]  objc_msgSend+0x1d
#
# No core dump will be written. Core dumps have been disabled. To enable core dumping, try "ulimit -c unlimited" before starting Java again
#
# If you would like to submit a bug report, please visit:
#   https://github.com/adoptium/adoptium-support/issues
# The crash happened outside the Java Virtual Machine in native code.
# See problematic frame for where to report the bug.
#

---------------  S U M M A R Y ------------

Command Line: --add-opens=java.desktop/sun.awt=ALL-UNNAMED Project2Main

Host: "MacBookPro15,2" x86_64 2300 MHz, 8 cores, 16G, Darwin 22.1.0, macOS 10.16 (22A400)
Time: Sat Feb  4 14:33:11 2023 JST elapsed time: 3.434137 seconds (0d 0h 0m 3s)

---------------  T H R E A D  ---------------

Current thread (0x00007fd953047e00):  JavaThread "AppKit Thread" daemon [_thread_in_native, id=259, stack(0x00007ff7b435b000,0x00007ff7b4b5b000)]

Stack: [0x00007ff7b435b000,0x00007ff7b4b5b000],  sp=0x00007ff7b4b57348,  free space=8176k
Native frames: (J=compiled Java code, j=interpreted, Vv=VM code, C=native code)
C  [libobjc.A.dylib+0x6e1d]  objc_msgSend+0x1d
C  [AppKit+0x995464]  -[NSWindow(NSWMWindowManagement) window:didUpdateWithChangedProperties:]+0x54
C  [WindowManagement+0x604b]  -[_WMWindow performUpdatesUsingBlock:]+0x6b
C  [AppKit+0x8d32d]  -[NSWindow _oldPlaceWindow:fromServer:]+0x166
C  [AppKit+0x8bae5]  -[NSWindow _setFrameCommon:display:fromServer:]+0x678
C  [AppKit+0x1a49a7]  -[NSWindow _setFrameAfterMove:]+0x342
C  [AppKit+0x9824db]  -[NSWindow _windowMovedToRect:dueToMoveEvent:]+0xbf
C  [AppKit+0x1a4466]  -[NSWindow _windowMoved:]+0x44a
C  [AppKit+0x1a3ff9]  -[NSWindow _internalHandleAppKitDefinedEvent:]+0xef
C  [AppKit+0x1a2f70]  -[NSWindow(NSEventRouting) _reallySendEvent:isDelayedEvent:]+0xee9
C  [AppKit+0x1a1e6b]  -[NSWindow(NSEventRouting) sendEvent:]+0x159
C  [libawt_lwawt.dylib+0xf2f7]  -[AWTWindow_Normal sendEvent:]+0x57
C  [AppKit+0x1a0985]  -[NSApplication(NSEvent) sendEvent:]+0x911
C  [libosxapp.dylib+0x26d3]  -[NSApplicationAWT sendEvent:]+0x1c3
C  [AppKit+0x45f009]  -[NSApplication _handleEvent:]+0x41
C  [AppKit+0x30018]  -[NSApplication run]+0x26f
C  [libosxapp.dylib+0x22c9]  +[NSApplicationAWT runAWTLoopWithApp:]+0xb9
C  [libawt_lwawt.dylib+0x727c8]  +[AWTStarter starter:headless:]+0x208
C  [libosxapp.dylib+0x400f]  +[ThreadUtilities invokeBlockCopy:]+0xf
C  [Foundation+0x7f420]  __NSThreadPerformPerform+0xb1
C  [CoreFoundation+0x7ebc8]  __CFRUNLOOP_IS_CALLING_OUT_TO_A_SOURCE0_PERFORM_FUNCTION__+0x11
C  [CoreFoundation+0x7eb77]  __CFRunLoopDoSource0+0x9d
C  [CoreFoundation+0x7e951]  __CFRunLoopDoSources0+0xd4
C  [CoreFoundation+0x7d5cb]  __CFRunLoopRun+0x3a1
C  [CoreFoundation+0x7cbb0]  CFRunLoopRunSpecific+0x230
C  [libjli.dylib+0x6f42]  CreateExecutionEnvironment+0x192
C  [libjli.dylib+0x2945]  JLI_Launch+0x605
C  [java+0xc0e]  main+0x19e
C  [dyld+0x6310]  start+0x980


siginfo: si_signo: 11 (SIGSEGV), si_code: 1 (SEGV_MAPERR), si_addr: 0x0000000000000018

Register to memory mapping:

RAX=0x00007ff813bdce00: objc_msgSend+0 in /usr/lib/libobjc.A.dylib at 0x00007ff813bd6000
RBX=0x00006000005ca060 points into unknown readable memory: 0x031dfff855f543fd | fd 43 f5 55 f8 ff 1d 03
RCX=0x00007fd95100b140 points into unknown readable memory: 0xa3a3a3a3a3a3a3a3 | a3 a3 a3 a3 a3 a3 a3 a3
RDX=0x0000600000acea00 points into unknown readable memory: 0x011dfffb5634fced | ed fc 34 56 fb ff 1d 01
RSP=0x00007ff7b4b57348 is pointing into the stack for thread: 0x00007fd953047e00
RBP=0x00007ff7b4b573a0 is pointing into the stack for thread: 0x00007fd953047e00
RSI=0x00007ff8340e2f06 points into unknown readable memory: 61 64
RDI=0x0000600002c1f690 points into unknown readable memory: 0x000000010d293ca0 | a0 3c 29 0d 01 00 00 00
R8 =0x00007fd95100b038 points into unknown readable memory: 0x0000000000000000 | 00 00 00 00 00 00 00 00
R9 =0x0000600002c1e770 points into unknown readable memory: 0x021dfff857887551 | 51 75 88 57 f8 ff 1d 02
R10=0x0 is NULL
R11=0x00007ff8340e2f06 points into unknown readable memory: 61 64
R12=0x0000600002c1f690 points into unknown readable memory: 0x000000010d293ca0 | a0 3c 29 0d 01 00 00 00
R13=0x0000600002c1f690 points into unknown readable memory: 0x000000010d293ca0 | a0 3c 29 0d 01 00 00 00
R14=0x00007ff7b4b573b0 is pointing into the stack for thread: 0x00007fd953047e00
R15=0x0000600002ec36c0 points into unknown readable memory: 0x013dfff855dba64d | 4d a6 db 55 f8 ff 3d 01


Registers:
RAX=0x00007ff813bdce00, RBX=0x00006000005ca060, RCX=0x00007fd95100b140, RDX=0x0000600000acea00
RSP=0x00007ff7b4b57348, RBP=0x00007ff7b4b573a0, RSI=0x00007ff8340e2f06, RDI=0x0000600002c1f690
R8 =0x00007fd95100b038, R9 =0x0000600002c1e770, R10=0x0000000000000000, R11=0x00007ff8340e2f06
R12=0x0000600002c1f690, R13=0x0000600002c1f690, R14=0x00007ff7b4b573b0, R15=0x0000600002ec36c0
RIP=0x00007ff813bdce1d, EFLAGS=0x0000000000010246, ERR=0x0000000000000004
  TRAPNO=0x000000000000000e

Top of Stack: (sp=0x00007ff7b4b57348)
0x00007ff7b4b57348:   00007ff817c4b8ac 00007ffb29e24230
0x00007ff7b4b57358:   00007ffb5634afc0 00007fd950f39260
0x00007ff7b4b57368:   00000fa8852a166b 00007ff7b4b573e0
0x00007ff7b4b57378:   00007ff7b4b57500 0000000000000001
0x00007ff7b4b57388:   00007fd950f39260 0000000000004000
0x00007ff7b4b57398:   00007fd950f390b0 00007ff7b4b573e0
0x00007ff7b4b573a8:   00007ff817a9b464 00007ff857875de0
0x00007ff7b4b573b8:   00000000c2000000 00007ff817a9b46a
0x00007ff7b4b573c8:   00007ff853dfe588 00007fd950f39260
0x00007ff7b4b573d8:   0000000000004000 00007ff7b4b57420
0x00007ff7b4b573e8:   00007ffb29e2504b 00007ff853de9770
0x00007ff7b4b573f8:   00007ff7b4b57500 0000000000000001
0x00007ff7b4b57408:   00007fd950f390b0 00007fd950f39180
0x00007ff7b4b57418:   00007ff813bdce00 00007ff7b4b574f0
0x00007ff7b4b57428:   00007ff81719332d 0000000000000000
0x00007ff7b4b57438:   408b500000000000 3ff0000000000000
0x00007ff7b4b57448:   3ff0000000000000 0000600002e204c0
0x00007ff7b4b57458:   00007ff857875de0 00000000c2000000
0x00007ff7b4b57468:   00007ff817a85239 00007ff853de9770
0x00007ff7b4b57478:   00007fd950f390b0 0000000000000000
0x00007ff7b4b57488:   00007ff853e2cbc8 0000000000000000
0x00007ff7b4b57498:   000000001bc49e79 0000600000acea00
0x00007ff7b4b574a8:   3ff0000000000000 00000000000000c8
0x00007ff7b4b574b8:   0000000000000000 a17589c500000001
0x00007ff7b4b574c8:   00007ff833f8e97b 0000000000000001
0x00007ff7b4b574d8:   0000000000000000 00007ff7b4b57890
0x00007ff7b4b574e8:   0000000000000000 00007ff7b4b57880
0x00007ff7b4b574f8:   00007ff817191ae5 0000000000000000
0x00007ff7b4b57508:   408b500000000000 3ff0000000000000
0x00007ff7b4b57518:   3ff0000000000000 0000000000000000
0x00007ff7b4b57528:   408b500000000000 3ff0000000000000
0x00007ff7b4b57538:   3ff0000000000000 0000000000000000 

Instructions: (pc=0x00007ff813bdce1d)
0x00007ff813bdcd1d:   2e fa 3f ff 25 ea 15 fa 3f f6 41 1e 01 74 ca 48
0x00007ff813bdcd2d:   89 f8 c3 48 8b 05 51 64 c9 43 ff e0 90 90 90 90
0x00007ff813bdcd3d:   90 90 90 31 c0 31 d2 0f 57 c0 0f 57 c9 c3 90 d9
0x00007ff813bdcd4d:   ee 31 c0 31 d2 0f 57 c0 0f 57 c9 c3 0f 1f 00 d9
0x00007ff813bdcd5d:   ee d9 ee 31 c0 31 d2 0f 57 c0 0f 57 c9 c3 90 48
0x00007ff813bdcd6d:   89 f8 c3 49 89 fa 49 89 f3 45 23 5a 18 49 c1 e3
0x00007ff813bdcd7d:   04 4d 03 5a 10 49 3b 33 75 0e 49 8b 43 08 48 83
0x00007ff813bdcd8d:   f8 00 74 03 4c 31 d0 c3 49 83 3b 01 76 17 49 83
0x00007ff813bdcd9d:   c3 10 49 3b 33 75 f1 49 8b 43 08 48 83 f8 00 74
0x00007ff813bdcdad:   03 4c 31 d0 c3 72 25 4d 8b 5b 08 eb 0a 49 83 3b
0x00007ff813bdcdbd:   01 76 17 49 83 c3 10 49 3b 33 75 f1 49 8b 43 08
0x00007ff813bdcdcd:   48 83 f8 00 74 03 4c 31 d0 c3 eb 00 31 c0 c3 66
0x00007ff813bdcddd:   66 66 66 66 66 2e 0f 1f 84 00 00 00 00 00 66 66
0x00007ff813bdcded:   66 66 66 66 2e 0f 1f 84 00 00 00 00 00 66 0f 1f
0x00007ff813bdcdfd:   44 00 00 48 85 ff 2e 74 72 40 f6 c7 01 2e 75 76
0x00007ff813bdce0d:   49 ba f8 ff ff ff ff 7f 00 00 4c 23 17 49 89 f3
0x00007ff813bdce1d:   45 23 5a 18 49 c1 e3 04 4d 03 5a 10 49 3b 33 75
0x00007ff813bdce2d:   0a 4d 8b 5b 08 4d 31 d3 41 ff e3 49 83 3b 01 76
0x00007ff813bdce3d:   13 49 83 c3 10 49 3b 33 75 f1 4d 8b 5b 08 4d 31
0x00007ff813bdce4d:   d3 41 ff e3 72 70 4d 8b 5b 08 eb 0a 49 83 3b 01
0x00007ff813bdce5d:   76 13 49 83 c3 10 49 3b 33 75 f1 4d 8b 5b 08 4d
0x00007ff813bdce6d:   31 d3 41 ff e3 eb 4f 0f 1f 40 00 31 c0 31 d2 0f
0x00007ff813bdce7d:   57 c0 0f 57 c9 c3 41 89 fb 41 83 e3 0f 4c 8d 15
0x00007ff813bdce8d:   af 46 c9 43 4f 8b 14 da 4c 8d 1d 7c 45 c9 43 4d
0x00007ff813bdce9d:   39 d3 0f 85 75 ff ff ff 41 89 fb 41 c1 eb 04 41
0x00007ff813bdcead:   81 e3 ff 00 00 00 4c 8d 15 06 47 c9 43 4f 8b 14
0x00007ff813bdcebd:   da e9 57 ff ff ff e9 88 0a 00 00 66 66 66 66 66
0x00007ff813bdcecd:   66 2e 0f 1f 84 00 00 00 00 00 66 66 66 66 66 66
0x00007ff813bdcedd:   2e 0f 1f 84 00 00 00 00 00 66 66 66 66 66 66 2e
0x00007ff813bdceed:   0f 1f 84 00 00 00 00 00 66 66 2e 0f 1f 84 00 00
0x00007ff813bdcefd:   00 00 00 48 85 ff 2e 74 6a 40 f6 c7 01 2e 75 6b
0x00007ff813bdcf0d:   49 ba f8 ff ff ff ff 7f 00 00 4c 23 17 49 89 f3 


Stack slot to memory mapping:
stack at sp + 0 slots: 0x00007ff817c4b8ac: -[NSWMWindowCoordinator performTransactionUsingBlock:]+0x7b in /System/Library/Frameworks/AppKit.framework/Versions/C/AppKit at 0x00007ff817106000
stack at sp + 1 slots: 0x00007ffb29e24230: __31-[_WMWindow setFrameEventTime:]_block_invoke+0 in /System/Library/PrivateFrameworks/WindowManagement.framework/Versions/A/WindowManagement at 0x00007ffb29e1f000
stack at sp + 2 slots: 0x00007ffb5634afc0: __block_descriptor_48_e8_32s_e19_v16?0"_WMWindow"8l+0 in /System/Library/PrivateFrameworks/WindowManagement.framework/Versions/A/WindowManagement at 0x00007ffb29e1f000
stack at sp + 3 slots: 0x00007fd950f39260 points into unknown readable memory: 0x031dfffb5634fddd | dd fd 34 56 fb ff 1d 03
stack at sp + 4 slots: 0x00000fa8852a166b is an unknown value
stack at sp + 5 slots: 0x00007ff7b4b573e0 is pointing into the stack for thread: 0x00007fd953047e00
stack at sp + 6 slots: 0x00007ff7b4b57500 is pointing into the stack for thread: 0x00007fd953047e00
stack at sp + 7 slots: 0x0000000000000001 is an unknown value


---------------  P R O C E S S  ---------------

Threads class SMR info:
_java_thread_list=0x0000600002e51240, length=21, elements={
0x00007fd953008a00, 0x00007fd95102a200, 0x00007fd95100c600, 0x00007fd9518cea00,
0x00007fd9518cf000, 0x00007fd95100cc00, 0x00007fd95102da00, 0x00007fd95102e000,
0x00007fd95102e600, 0x00007fd953029000, 0x00007fd951036c00, 0x00007fd953047e00,
0x00007fd95347ec00, 0x00007fd952aa1000, 0x00007fd952a92c00, 0x00007fd95349b400,
0x00007fd952a8f000, 0x00007fd95129d800, 0x00007fd95103e000, 0x00007fd95103e600,
0x00007fd951ddf000
}

Java Threads: ( => current thread )
  0x00007fd953008a00 JavaThread "main" [_thread_blocked, id=4355, stack(0x000070000bd45000,0x000070000be45000)]
  0x00007fd95102a200 JavaThread "Reference Handler" daemon [_thread_blocked, id=19203, stack(0x000070000c45a000,0x000070000c55a000)]
  0x00007fd95100c600 JavaThread "Finalizer" daemon [_thread_blocked, id=18435, stack(0x000070000c55d000,0x000070000c65d000)]
  0x00007fd9518cea00 JavaThread "Signal Dispatcher" daemon [_thread_blocked, id=22531, stack(0x000070000c766000,0x000070000c866000)]
  0x00007fd9518cf000 JavaThread "Service Thread" daemon [_thread_blocked, id=22787, stack(0x000070000c869000,0x000070000c969000)]
  0x00007fd95100cc00 JavaThread "Monitor Deflation Thread" daemon [_thread_blocked, id=23299, stack(0x000070000c96c000,0x000070000ca6c000)]
  0x00007fd95102da00 JavaThread "C2 CompilerThread0" daemon [_thread_blocked, id=23811, stack(0x000070000ca6f000,0x000070000cb6f000)]
  0x00007fd95102e000 JavaThread "C1 CompilerThread0" daemon [_thread_blocked, id=30467, stack(0x000070000cb72000,0x000070000cc72000)]
  0x00007fd95102e600 JavaThread "Sweeper thread" daemon [_thread_blocked, id=30211, stack(0x000070000cc75000,0x000070000cd75000)]
  0x00007fd953029000 JavaThread "Common-Cleaner" daemon [_thread_blocked, id=24579, stack(0x000070000cd78000,0x000070000ce78000)]
  0x00007fd951036c00 JavaThread "Notification Thread" daemon [_thread_blocked, id=29443, stack(0x000070000ce7b000,0x000070000cf7b000)]
=>0x00007fd953047e00 JavaThread "AppKit Thread" daemon [_thread_in_native, id=259, stack(0x00007ff7b435b000,0x00007ff7b4b5b000)]
  0x00007fd95347ec00 JavaThread "AWT-Shutdown" [_thread_blocked, id=37635, stack(0x000070000d081000,0x000070000d181000)]
  0x00007fd952aa1000 JavaThread "Java2D Queue Flusher" daemon [_thread_blocked, id=53779, stack(0x000070000d496000,0x000070000d596000)]
  0x00007fd952a92c00 JavaThread "Java2D Disposer" daemon [_thread_blocked, id=85515, stack(0x000070000d599000,0x000070000d699000)]
  0x00007fd95349b400 JavaThread "AWT-EventQueue-0" [_thread_blocked, id=71483, stack(0x000070000dbab000,0x000070000dcab000)]
  0x00007fd952a8f000 JavaThread "J3D-RenderingAttributesStructureUpdateThread" daemon [_thread_blocked, id=76319, stack(0x000070000dcae000,0x000070000ddae000)]
  0x00007fd95129d800 JavaThread "J3D-TimerThread" daemon [_thread_blocked, id=76043, stack(0x000070000ddb1000,0x000070000deb1000)]
  0x00007fd95103e000 JavaThread "J3D-NotificationThread" daemon [_thread_blocked, id=74763, stack(0x000070000deb4000,0x000070000dfb4000)]
  0x00007fd95103e600 JavaThread "J3D-MasterControl-1" daemon [_thread_blocked, id=75523, stack(0x000070000dfb7000,0x000070000e0b7000)]
  0x00007fd951ddf000 JavaThread "J3D-Renderer-1" daemon [_thread_blocked, id=87299, stack(0x000070000e0ba000,0x000070000e1ba000)]

Other Threads:
  0x00007fd953b0afe0 VMThread "VM Thread" [stack: 0x000070000c357000,0x000070000c457000] [id=17923]
  0x00007fd953b0f4d0 WatcherThread [stack: 0x000070000cf7e000,0x000070000d07e000] [id=28931]
  0x00007fd952207460 GCTaskThread "GC Thread#0" [stack: 0x000070000be48000,0x000070000bf48000] [id=11779]
  0x00007fd95222f420 GCTaskThread "GC Thread#1" [stack: 0x000070000d69c000,0x000070000d79c000] [id=84487]
  0x00007fd95222f6c0 GCTaskThread "GC Thread#2" [stack: 0x000070000d79f000,0x000070000d89f000] [id=69891]
  0x00007fd95222fc30 GCTaskThread "GC Thread#3" [stack: 0x000070000d8a2000,0x000070000d9a2000] [id=70403]
  0x00007fd9522300a0 GCTaskThread "GC Thread#4" [stack: 0x000070000d9a5000,0x000070000daa5000] [id=83715]
  0x00007fd9521220b0 GCTaskThread "GC Thread#5" [stack: 0x000070000daa8000,0x000070000dba8000] [id=83203]
  0x00007fd950f04fe0 ConcurrentGCThread "G1 Main Marker" [stack: 0x000070000bf4b000,0x000070000c04b000] [id=12035]
  0x00007fd953b04080 ConcurrentGCThread "G1 Conc#0" [stack: 0x000070000c04e000,0x000070000c14e000] [id=13059]
  0x00007fd953b068e0 ConcurrentGCThread "G1 Refine#0" [stack: 0x000070000c151000,0x000070000c251000] [id=16643]
  0x00007fd953b07170 ConcurrentGCThread "G1 Service" [stack: 0x000070000c254000,0x000070000c354000] [id=16899]

Threads with active compile tasks:

VM state: not at safepoint (normal execution)

VM Mutex/Monitor currently owned by a thread: None

Heap address: 0x0000000700000000, size: 4096 MB, Compressed Oops mode: Zero based, Oop shift amount: 3

CDS archive(s) mapped at: [0x0000000800000000-0x0000000800bd4000-0x0000000800bd4000), size 12402688, SharedBaseAddress: 0x0000000800000000, ArchiveRelocationMode: 0.
Compressed class space mapped at: 0x0000000800c00000-0x0000000840c00000, reserved size: 1073741824
Narrow klass base: 0x0000000800000000, Narrow klass shift: 0, Narrow klass range: 0x100000000

GC Precious Log:
 CPUs: 8 total, 8 available
 Memory: 16384M
 Large Page Support: Disabled
 NUMA Support: Disabled
 Compressed Oops: Enabled (Zero based)
 Heap Region Size: 2M
 Heap Min Capacity: 8M
 Heap Initial Capacity: 256M
 Heap Max Capacity: 4G
 Pre-touch: Disabled
 Parallel Workers: 8
 Concurrent Workers: 2
 Concurrent Refinement Workers: 8
 Periodic GC: Disabled

Heap:
 garbage-first heap   total 266240K, used 20862K [0x0000000700000000, 0x0000000800000000)
  region size 2048K, 12 young (24576K), 2 survivors (4096K)
 Metaspace       used 12358K, committed 12544K, reserved 1064960K
  class space    used 1013K, committed 1088K, reserved 1048576K

Heap Regions: E=young(eden), S=young(survivor), O=old, HS=humongous(starts), HC=humongous(continues), CS=collection set, F=free, OA=open archive, CA=closed archive, TAMS=top-at-mark-start (previous, next)
|   0|0x0000000700000000, 0x0000000700000000, 0x0000000700200000|  0%| F|  |TAMS 0x0000000700000000, 0x0000000700000000| Untracked 
|   1|0x0000000700200000, 0x0000000700200000, 0x0000000700400000|  0%| F|  |TAMS 0x0000000700200000, 0x0000000700200000| Untracked 
|   2|0x0000000700400000, 0x0000000700400000, 0x0000000700600000|  0%| F|  |TAMS 0x0000000700400000, 0x0000000700400000| Untracked 
|   3|0x0000000700600000, 0x0000000700600000, 0x0000000700800000|  0%| F|  |TAMS 0x0000000700600000, 0x0000000700600000| Untracked 
|   4|0x0000000700800000, 0x0000000700800000, 0x0000000700a00000|  0%| F|  |TAMS 0x0000000700800000, 0x0000000700800000| Untracked 
|   5|0x0000000700a00000, 0x0000000700a00000, 0x0000000700c00000|  0%| F|  |TAMS 0x0000000700a00000, 0x0000000700a00000| Untracked 
|   6|0x0000000700c00000, 0x0000000700c00000, 0x0000000700e00000|  0%| F|  |TAMS 0x0000000700c00000, 0x0000000700c00000| Untracked 
|   7|0x0000000700e00000, 0x0000000700e00000, 0x0000000701000000|  0%| F|  |TAMS 0x0000000700e00000, 0x0000000700e00000| Untracked 
|   8|0x0000000701000000, 0x0000000701000000, 0x0000000701200000|  0%| F|  |TAMS 0x0000000701000000, 0x0000000701000000| Untracked 
|   9|0x0000000701200000, 0x0000000701200000, 0x0000000701400000|  0%| F|  |TAMS 0x0000000701200000, 0x0000000701200000| Untracked 
|  10|0x0000000701400000, 0x0000000701400000, 0x0000000701600000|  0%| F|  |TAMS 0x0000000701400000, 0x0000000701400000| Untracked 
|  11|0x0000000701600000, 0x0000000701600000, 0x0000000701800000|  0%| F|  |TAMS 0x0000000701600000, 0x0000000701600000| Untracked 
|  12|0x0000000701800000, 0x0000000701800000, 0x0000000701a00000|  0%| F|  |TAMS 0x0000000701800000, 0x0000000701800000| Untracked 
|  13|0x0000000701a00000, 0x0000000701a00000, 0x0000000701c00000|  0%| F|  |TAMS 0x0000000701a00000, 0x0000000701a00000| Untracked 
|  14|0x0000000701c00000, 0x0000000701c00000, 0x0000000701e00000|  0%| F|  |TAMS 0x0000000701c00000, 0x0000000701c00000| Untracked 
|  15|0x0000000701e00000, 0x0000000701e00000, 0x0000000702000000|  0%| F|  |TAMS 0x0000000701e00000, 0x0000000701e00000| Untracked 
|  16|0x0000000702000000, 0x0000000702000000, 0x0000000702200000|  0%| F|  |TAMS 0x0000000702000000, 0x0000000702000000| Untracked 
|  17|0x0000000702200000, 0x0000000702200000, 0x0000000702400000|  0%| F|  |TAMS 0x0000000702200000, 0x0000000702200000| Untracked 
|  18|0x0000000702400000, 0x0000000702400000, 0x0000000702600000|  0%| F|  |TAMS 0x0000000702400000, 0x0000000702400000| Untracked 
|  19|0x0000000702600000, 0x0000000702600000, 0x0000000702800000|  0%| F|  |TAMS 0x0000000702600000, 0x0000000702600000| Untracked 
|  20|0x0000000702800000, 0x0000000702800000, 0x0000000702a00000|  0%| F|  |TAMS 0x0000000702800000, 0x0000000702800000| Untracked 
|  21|0x0000000702a00000, 0x0000000702a00000, 0x0000000702c00000|  0%| F|  |TAMS 0x0000000702a00000, 0x0000000702a00000| Untracked 
|  22|0x0000000702c00000, 0x0000000702c00000, 0x0000000702e00000|  0%| F|  |TAMS 0x0000000702c00000, 0x0000000702c00000| Untracked 
|  23|0x0000000702e00000, 0x0000000702e00000, 0x0000000703000000|  0%| F|  |TAMS 0x0000000702e00000, 0x0000000702e00000| Untracked 
|  24|0x0000000703000000, 0x0000000703000000, 0x0000000703200000|  0%| F|  |TAMS 0x0000000703000000, 0x0000000703000000| Untracked 
|  25|0x0000000703200000, 0x0000000703200000, 0x0000000703400000|  0%| F|  |TAMS 0x0000000703200000, 0x0000000703200000| Untracked 
|  26|0x0000000703400000, 0x0000000703400000, 0x0000000703600000|  0%| F|  |TAMS 0x0000000703400000, 0x0000000703400000| Untracked 
|  27|0x0000000703600000, 0x0000000703600000, 0x0000000703800000|  0%| F|  |TAMS 0x0000000703600000, 0x0000000703600000| Untracked 
|  28|0x0000000703800000, 0x0000000703800000, 0x0000000703a00000|  0%| F|  |TAMS 0x0000000703800000, 0x0000000703800000| Untracked 
|  29|0x0000000703a00000, 0x0000000703a00000, 0x0000000703c00000|  0%| F|  |TAMS 0x0000000703a00000, 0x0000000703a00000| Untracked 
|  30|0x0000000703c00000, 0x0000000703c00000, 0x0000000703e00000|  0%| F|  |TAMS 0x0000000703c00000, 0x0000000703c00000| Untracked 
|  31|0x0000000703e00000, 0x0000000703e00000, 0x0000000704000000|  0%| F|  |TAMS 0x0000000703e00000, 0x0000000703e00000| Untracked 
|  32|0x0000000704000000, 0x0000000704000000, 0x0000000704200000|  0%| F|  |TAMS 0x0000000704000000, 0x0000000704000000| Untracked 
|  33|0x0000000704200000, 0x0000000704200000, 0x0000000704400000|  0%| F|  |TAMS 0x0000000704200000, 0x0000000704200000| Untracked 
|  34|0x0000000704400000, 0x0000000704400000, 0x0000000704600000|  0%| F|  |TAMS 0x0000000704400000, 0x0000000704400000| Untracked 
|  35|0x0000000704600000, 0x0000000704600000, 0x0000000704800000|  0%| F|  |TAMS 0x0000000704600000, 0x0000000704600000| Untracked 
|  36|0x0000000704800000, 0x0000000704800000, 0x0000000704a00000|  0%| F|  |TAMS 0x0000000704800000, 0x0000000704800000| Untracked 
|  37|0x0000000704a00000, 0x0000000704a00000, 0x0000000704c00000|  0%| F|  |TAMS 0x0000000704a00000, 0x0000000704a00000| Untracked 
|  38|0x0000000704c00000, 0x0000000704c00000, 0x0000000704e00000|  0%| F|  |TAMS 0x0000000704c00000, 0x0000000704c00000| Untracked 
|  39|0x0000000704e00000, 0x0000000704e00000, 0x0000000705000000|  0%| F|  |TAMS 0x0000000704e00000, 0x0000000704e00000| Untracked 
|  40|0x0000000705000000, 0x0000000705000000, 0x0000000705200000|  0%| F|  |TAMS 0x0000000705000000, 0x0000000705000000| Untracked 
|  41|0x0000000705200000, 0x0000000705200000, 0x0000000705400000|  0%| F|  |TAMS 0x0000000705200000, 0x0000000705200000| Untracked 
|  42|0x0000000705400000, 0x0000000705400000, 0x0000000705600000|  0%| F|  |TAMS 0x0000000705400000, 0x0000000705400000| Untracked 
|  43|0x0000000705600000, 0x0000000705600000, 0x0000000705800000|  0%| F|  |TAMS 0x0000000705600000, 0x0000000705600000| Untracked 
|  44|0x0000000705800000, 0x0000000705800000, 0x0000000705a00000|  0%| F|  |TAMS 0x0000000705800000, 0x0000000705800000| Untracked 
|  45|0x0000000705a00000, 0x0000000705a00000, 0x0000000705c00000|  0%| F|  |TAMS 0x0000000705a00000, 0x0000000705a00000| Untracked 
|  46|0x0000000705c00000, 0x0000000705c00000, 0x0000000705e00000|  0%| F|  |TAMS 0x0000000705c00000, 0x0000000705c00000| Untracked 
|  47|0x0000000705e00000, 0x0000000705e00000, 0x0000000706000000|  0%| F|  |TAMS 0x0000000705e00000, 0x0000000705e00000| Untracked 
|  48|0x0000000706000000, 0x0000000706000000, 0x0000000706200000|  0%| F|  |TAMS 0x0000000706000000, 0x0000000706000000| Untracked 
|  49|0x0000000706200000, 0x0000000706200000, 0x0000000706400000|  0%| F|  |TAMS 0x0000000706200000, 0x0000000706200000| Untracked 
|  50|0x0000000706400000, 0x0000000706400000, 0x0000000706600000|  0%| F|  |TAMS 0x0000000706400000, 0x0000000706400000| Untracked 
|  51|0x0000000706600000, 0x0000000706600000, 0x0000000706800000|  0%| F|  |TAMS 0x0000000706600000, 0x0000000706600000| Untracked 
|  52|0x0000000706800000, 0x0000000706800000, 0x0000000706a00000|  0%| F|  |TAMS 0x0000000706800000, 0x0000000706800000| Untracked 
|  53|0x0000000706a00000, 0x0000000706a00000, 0x0000000706c00000|  0%| F|  |TAMS 0x0000000706a00000, 0x0000000706a00000| Untracked 
|  54|0x0000000706c00000, 0x0000000706c00000, 0x0000000706e00000|  0%| F|  |TAMS 0x0000000706c00000, 0x0000000706c00000| Untracked 
|  55|0x0000000706e00000, 0x0000000706e00000, 0x0000000707000000|  0%| F|  |TAMS 0x0000000706e00000, 0x0000000706e00000| Untracked 
|  56|0x0000000707000000, 0x0000000707000000, 0x0000000707200000|  0%| F|  |TAMS 0x0000000707000000, 0x0000000707000000| Untracked 
|  57|0x0000000707200000, 0x0000000707200000, 0x0000000707400000|  0%| F|  |TAMS 0x0000000707200000, 0x0000000707200000| Untracked 
|  58|0x0000000707400000, 0x0000000707400000, 0x0000000707600000|  0%| F|  |TAMS 0x0000000707400000, 0x0000000707400000| Untracked 
|  59|0x0000000707600000, 0x0000000707600000, 0x0000000707800000|  0%| F|  |TAMS 0x0000000707600000, 0x0000000707600000| Untracked 
|  60|0x0000000707800000, 0x0000000707800000, 0x0000000707a00000|  0%| F|  |TAMS 0x0000000707800000, 0x0000000707800000| Untracked 
|  61|0x0000000707a00000, 0x0000000707a00000, 0x0000000707c00000|  0%| F|  |TAMS 0x0000000707a00000, 0x0000000707a00000| Untracked 
|  62|0x0000000707c00000, 0x0000000707c00000, 0x0000000707e00000|  0%| F|  |TAMS 0x0000000707c00000, 0x0000000707c00000| Untracked 
|  63|0x0000000707e00000, 0x0000000707e00000, 0x0000000708000000|  0%| F|  |TAMS 0x0000000707e00000, 0x0000000707e00000| Untracked 
|  64|0x0000000708000000, 0x0000000708000000, 0x0000000708200000|  0%| F|  |TAMS 0x0000000708000000, 0x0000000708000000| Untracked 
|  65|0x0000000708200000, 0x0000000708200000, 0x0000000708400000|  0%| F|  |TAMS 0x0000000708200000, 0x0000000708200000| Untracked 
|  66|0x0000000708400000, 0x0000000708400000, 0x0000000708600000|  0%| F|  |TAMS 0x0000000708400000, 0x0000000708400000| Untracked 
|  67|0x0000000708600000, 0x0000000708600000, 0x0000000708800000|  0%| F|  |TAMS 0x0000000708600000, 0x0000000708600000| Untracked 
|  68|0x0000000708800000, 0x0000000708800000, 0x0000000708a00000|  0%| F|  |TAMS 0x0000000708800000, 0x0000000708800000| Untracked 
|  69|0x0000000708a00000, 0x0000000708a00000, 0x0000000708c00000|  0%| F|  |TAMS 0x0000000708a00000, 0x0000000708a00000| Untracked 
|  70|0x0000000708c00000, 0x0000000708c00000, 0x0000000708e00000|  0%| F|  |TAMS 0x0000000708c00000, 0x0000000708c00000| Untracked 
|  71|0x0000000708e00000, 0x0000000708e00000, 0x0000000709000000|  0%| F|  |TAMS 0x0000000708e00000, 0x0000000708e00000| Untracked 
|  72|0x0000000709000000, 0x0000000709000000, 0x0000000709200000|  0%| F|  |TAMS 0x0000000709000000, 0x0000000709000000| Untracked 
|  73|0x0000000709200000, 0x0000000709200000, 0x0000000709400000|  0%| F|  |TAMS 0x0000000709200000, 0x0000000709200000| Untracked 
|  74|0x0000000709400000, 0x0000000709400000, 0x0000000709600000|  0%| F|  |TAMS 0x0000000709400000, 0x0000000709400000| Untracked 
|  75|0x0000000709600000, 0x0000000709600000, 0x0000000709800000|  0%| F|  |TAMS 0x0000000709600000, 0x0000000709600000| Untracked 
|  76|0x0000000709800000, 0x0000000709800000, 0x0000000709a00000|  0%| F|  |TAMS 0x0000000709800000, 0x0000000709800000| Untracked 
|  77|0x0000000709a00000, 0x0000000709a00000, 0x0000000709c00000|  0%| F|  |TAMS 0x0000000709a00000, 0x0000000709a00000| Untracked 
|  78|0x0000000709c00000, 0x0000000709c00000, 0x0000000709e00000|  0%| F|  |TAMS 0x0000000709c00000, 0x0000000709c00000| Untracked 
|  79|0x0000000709e00000, 0x0000000709e00000, 0x000000070a000000|  0%| F|  |TAMS 0x0000000709e00000, 0x0000000709e00000| Untracked 
|  80|0x000000070a000000, 0x000000070a000000, 0x000000070a200000|  0%| F|  |TAMS 0x000000070a000000, 0x000000070a000000| Untracked 
|  81|0x000000070a200000, 0x000000070a200000, 0x000000070a400000|  0%| F|  |TAMS 0x000000070a200000, 0x000000070a200000| Untracked 
|  82|0x000000070a400000, 0x000000070a400000, 0x000000070a600000|  0%| F|  |TAMS 0x000000070a400000, 0x000000070a400000| Untracked 
|  83|0x000000070a600000, 0x000000070a600000, 0x000000070a800000|  0%| F|  |TAMS 0x000000070a600000, 0x000000070a600000| Untracked 
|  84|0x000000070a800000, 0x000000070a800000, 0x000000070aa00000|  0%| F|  |TAMS 0x000000070a800000, 0x000000070a800000| Untracked 
|  85|0x000000070aa00000, 0x000000070aa00000, 0x000000070ac00000|  0%| F|  |TAMS 0x000000070aa00000, 0x000000070aa00000| Untracked 
|  86|0x000000070ac00000, 0x000000070ac00000, 0x000000070ae00000|  0%| F|  |TAMS 0x000000070ac00000, 0x000000070ac00000| Untracked 
|  87|0x000000070ae00000, 0x000000070ae00000, 0x000000070b000000|  0%| F|  |TAMS 0x000000070ae00000, 0x000000070ae00000| Untracked 
|  88|0x000000070b000000, 0x000000070b000000, 0x000000070b200000|  0%| F|  |TAMS 0x000000070b000000, 0x000000070b000000| Untracked 
|  89|0x000000070b200000, 0x000000070b200000, 0x000000070b400000|  0%| F|  |TAMS 0x000000070b200000, 0x000000070b200000| Untracked 
|  90|0x000000070b400000, 0x000000070b400000, 0x000000070b600000|  0%| F|  |TAMS 0x000000070b400000, 0x000000070b400000| Untracked 
|  91|0x000000070b600000, 0x000000070b600000, 0x000000070b800000|  0%| F|  |TAMS 0x000000070b600000, 0x000000070b600000| Untracked 
|  92|0x000000070b800000, 0x000000070b800000, 0x000000070ba00000|  0%| F|  |TAMS 0x000000070b800000, 0x000000070b800000| Untracked 
|  93|0x000000070ba00000, 0x000000070ba00000, 0x000000070bc00000|  0%| F|  |TAMS 0x000000070ba00000, 0x000000070ba00000| Untracked 
|  94|0x000000070bc00000, 0x000000070bc00000, 0x000000070be00000|  0%| F|  |TAMS 0x000000070bc00000, 0x000000070bc00000| Untracked 
|  95|0x000000070be00000, 0x000000070be00000, 0x000000070c000000|  0%| F|  |TAMS 0x000000070be00000, 0x000000070be00000| Untracked 
|  96|0x000000070c000000, 0x000000070c000000, 0x000000070c200000|  0%| F|  |TAMS 0x000000070c000000, 0x000000070c000000| Untracked 
|  97|0x000000070c200000, 0x000000070c200000, 0x000000070c400000|  0%| F|  |TAMS 0x000000070c200000, 0x000000070c200000| Untracked 
|  98|0x000000070c400000, 0x000000070c400000, 0x000000070c600000|  0%| F|  |TAMS 0x000000070c400000, 0x000000070c400000| Untracked 
|  99|0x000000070c600000, 0x000000070c600000, 0x000000070c800000|  0%| F|  |TAMS 0x000000070c600000, 0x000000070c600000| Untracked 
| 100|0x000000070c800000, 0x000000070c800000, 0x000000070ca00000|  0%| F|  |TAMS 0x000000070c800000, 0x000000070c800000| Untracked 
| 101|0x000000070ca00000, 0x000000070ca00000, 0x000000070cc00000|  0%| F|  |TAMS 0x000000070ca00000, 0x000000070ca00000| Untracked 
| 102|0x000000070cc00000, 0x000000070cc00000, 0x000000070ce00000|  0%| F|  |TAMS 0x000000070cc00000, 0x000000070cc00000| Untracked 
| 103|0x000000070ce00000, 0x000000070ce00000, 0x000000070d000000|  0%| F|  |TAMS 0x000000070ce00000, 0x000000070ce00000| Untracked 
| 104|0x000000070d000000, 0x000000070d000000, 0x000000070d200000|  0%| F|  |TAMS 0x000000070d000000, 0x000000070d000000| Untracked 
| 105|0x000000070d200000, 0x000000070d200000, 0x000000070d400000|  0%| F|  |TAMS 0x000000070d200000, 0x000000070d200000| Untracked 
| 106|0x000000070d400000, 0x000000070d400000, 0x000000070d600000|  0%| F|  |TAMS 0x000000070d400000, 0x000000070d400000| Untracked 
| 107|0x000000070d600000, 0x000000070d600000, 0x000000070d800000|  0%| F|  |TAMS 0x000000070d600000, 0x000000070d600000| Untracked 
| 108|0x000000070d800000, 0x000000070d800000, 0x000000070da00000|  0%| F|  |TAMS 0x000000070d800000, 0x000000070d800000| Untracked 
| 109|0x000000070da00000, 0x000000070da00000, 0x000000070dc00000|  0%| F|  |TAMS 0x000000070da00000, 0x000000070da00000| Untracked 
| 110|0x000000070dc00000, 0x000000070dc00000, 0x000000070de00000|  0%| F|  |TAMS 0x000000070dc00000, 0x000000070dc00000| Untracked 
| 111|0x000000070de00000, 0x000000070de00000, 0x000000070e000000|  0%| F|  |TAMS 0x000000070de00000, 0x000000070de00000| Untracked 
| 112|0x000000070e000000, 0x000000070e000000, 0x000000070e200000|  0%| F|  |TAMS 0x000000070e000000, 0x000000070e000000| Untracked 
| 113|0x000000070e200000, 0x000000070e200000, 0x000000070e400000|  0%| F|  |TAMS 0x000000070e200000, 0x000000070e200000| Untracked 
| 114|0x000000070e400000, 0x000000070e400000, 0x000000070e600000|  0%| F|  |TAMS 0x000000070e400000, 0x000000070e400000| Untracked 
| 115|0x000000070e600000, 0x000000070e66aa90, 0x000000070e800000| 20%| S|CS|TAMS 0x000000070e600000, 0x000000070e600000| Complete 
| 116|0x000000070e800000, 0x000000070ea00000, 0x000000070ea00000|100%| S|CS|TAMS 0x000000070e800000, 0x000000070e800000| Complete 
| 117|0x000000070ea00000, 0x000000070ea00000, 0x000000070ec00000|  0%| F|  |TAMS 0x000000070ea00000, 0x000000070ea00000| Untracked 
| 118|0x000000070ec00000, 0x000000070ecbca68, 0x000000070ee00000| 36%| E|  |TAMS 0x000000070ec00000, 0x000000070ec00000| Complete 
| 119|0x000000070ee00000, 0x000000070f000000, 0x000000070f000000|100%| E|CS|TAMS 0x000000070ee00000, 0x000000070ee00000| Complete 
| 120|0x000000070f000000, 0x000000070f200000, 0x000000070f200000|100%| E|CS|TAMS 0x000000070f000000, 0x000000070f000000| Complete 
| 121|0x000000070f200000, 0x000000070f400000, 0x000000070f400000|100%| E|CS|TAMS 0x000000070f200000, 0x000000070f200000| Complete 
| 122|0x000000070f400000, 0x000000070f600000, 0x000000070f600000|100%| E|CS|TAMS 0x000000070f400000, 0x000000070f400000| Complete 
| 123|0x000000070f600000, 0x000000070f800000, 0x000000070f800000|100%| E|CS|TAMS 0x000000070f600000, 0x000000070f600000| Complete 
| 124|0x000000070f800000, 0x000000070fa00000, 0x000000070fa00000|100%| E|  |TAMS 0x000000070f800000, 0x000000070f800000| Complete 
| 125|0x000000070fa00000, 0x000000070fc00000, 0x000000070fc00000|100%| E|CS|TAMS 0x000000070fa00000, 0x000000070fa00000| Complete 
| 126|0x000000070fc00000, 0x000000070fe00000, 0x000000070fe00000|100%| E|CS|TAMS 0x000000070fc00000, 0x000000070fc00000| Complete 
| 127|0x000000070fe00000, 0x0000000710000000, 0x0000000710000000|100%| E|CS|TAMS 0x000000070fe00000, 0x000000070fe00000| Complete 
|2046|0x00000007ffc00000, 0x00000007ffd76000, 0x00000007ffe00000| 73%|OA|  |TAMS 0x00000007ffc00000, 0x00000007ffc00000| Untracked 
|2047|0x00000007ffe00000, 0x00000007ffe7f000, 0x0000000800000000| 24%|CA|  |TAMS 0x00000007ffe00000, 0x00000007ffe00000| Untracked 

Card table byte_map: [0x0000000124133000,0x0000000124933000] _byte_map_base: 0x0000000120933000

Marking Bits (Prev, Next): (CMBitMap*) 0x00007fd951019a10, (CMBitMap*) 0x00007fd951019a50
 Prev Bits: [0x0000000125133000, 0x0000000129133000)
 Next Bits: [0x0000000129133000, 0x000000012d133000)

Polling page: 0x000000010b3ed000

Metaspace:

Usage:
  Non-class:     11.08 MB used.
      Class:   1013.67 KB used.
       Both:     12.07 MB used.

Virtual space:
  Non-class space:       16.00 MB reserved,      11.19 MB ( 70%) committed,  2 nodes.
      Class space:        1.00 GB reserved,       1.06 MB ( <1%) committed,  1 nodes.
             Both:        1.02 GB reserved,      12.25 MB (  1%) committed. 

Chunk freelists:
   Non-Class:  432.00 KB
       Class:  2.95 MB
        Both:  3.37 MB

MaxMetaspaceSize: unlimited
CompressedClassSpaceSize: 1.00 GB
Initial GC threshold: 21.00 MB
Current GC threshold: 21.00 MB
CDS: on
MetaspaceReclaimPolicy: balanced
 - commit_granule_bytes: 65536.
 - commit_granule_words: 8192.
 - virtual_space_node_default_size: 1048576.
 - enlarge_chunks_in_place: 1.
 - new_chunks_are_fully_committed: 0.
 - uncommit_free_chunks: 1.
 - use_allocation_guard: 0.
 - handle_deallocations: 1.


Internal statistics:

num_allocs_failed_limit: 0.
num_arena_births: 116.
num_arena_deaths: 0.
num_vsnodes_births: 3.
num_vsnodes_deaths: 0.
num_space_committed: 192.
num_space_uncommitted: 0.
num_chunks_returned_to_freelist: 0.
num_chunks_taken_from_freelist: 332.
num_chunk_merges: 0.
num_chunk_splits: 253.
num_chunks_enlarged: 203.
num_purges: 0.
num_inconsistent_stats: 0.

CodeHeap 'non-profiled nmethods': size=120028Kb used=439Kb max_used=439Kb free=119588Kb
 bounds [0x000000011cbfc000, 0x000000011ce6c000, 0x0000000124133000]
CodeHeap 'profiled nmethods': size=120028Kb used=1861Kb max_used=1861Kb free=118166Kb
 bounds [0x0000000115133000, 0x00000001153a3000, 0x000000011c66a000]
CodeHeap 'non-nmethods': size=5704Kb used=1531Kb max_used=1540Kb free=4172Kb
 bounds [0x000000011c66a000, 0x000000011c8da000, 0x000000011cbfc000]
 total_blobs=1968 nmethods=1034 adapters=848
 compilation: enabled
              stopped_count=0, restarted_count=0
 full_count=0

Compilation events (20 events):
Event: 3.388 Thread 0x00007fd95102e000 1025       3       java.lang.String::equals (56 bytes)
Event: 3.389 Thread 0x00007fd95102e000 nmethod 1025 0x0000000115301390 code [0x0000000115301560, 0x00000001153019e0]
Event: 3.390 Thread 0x00007fd95102e000 1026       3       java.util.IdentityHashMap::isEmpty (13 bytes)
Event: 3.390 Thread 0x00007fd95102e000 nmethod 1026 0x0000000115301b10 code [0x0000000115301ca0, 0x0000000115301e10]
Event: 3.391 Thread 0x00007fd95102e000 1027       3       java.lang.Number::<init> (5 bytes)
Event: 3.391 Thread 0x00007fd95102e000 nmethod 1027 0x0000000115301e90 code [0x0000000115302040, 0x0000000115302190]
Event: 3.391 Thread 0x00007fd95102e000 1028       1       java.util.EventObject::getSource (5 bytes)
Event: 3.391 Thread 0x00007fd95102e000 nmethod 1028 0x000000011cc69c90 code [0x000000011cc69e20, 0x000000011cc69ef0]
Event: 3.409 Thread 0x00007fd95102e000 1029       3       java.util.concurrent.ConcurrentHashMap::isEmpty (15 bytes)
Event: 3.409 Thread 0x00007fd95102e000 nmethod 1029 0x0000000115302290 code [0x0000000115302440, 0x00000001153025e0]
Event: 3.416 Thread 0x00007fd95102e000 1031       3       jdk.internal.loader.NativeLibraries::find (72 bytes)
Event: 3.416 Thread 0x00007fd95102e000 nmethod 1031 0x0000000115302690 code [0x00000001153028c0, 0x0000000115303130]
Event: 3.416 Thread 0x00007fd95102e000 1030       3       java.lang.ClassLoader::findNative (21 bytes)
Event: 3.416 Thread 0x00007fd95102e000 nmethod 1030 0x0000000115303390 code [0x0000000115303560, 0x0000000115303770]
Event: 3.418 Thread 0x00007fd95102e000 1032       3       java.util.concurrent.locks.AbstractQueuedSynchronizer::compareAndSetState (13 bytes)
Event: 3.418 Thread 0x00007fd95102e000 nmethod 1032 0x0000000115303890 code [0x0000000115303a20, 0x0000000115303b50]
Event: 3.429 Thread 0x00007fd95102e000 1033       3       java.util.concurrent.ConcurrentHashMap$BaseIterator::<init> (21 bytes)
Event: 3.429 Thread 0x00007fd95102e000 nmethod 1033 0x0000000115303c10 code [0x0000000115303dc0, 0x0000000115303fb0]
Event: 3.429 Thread 0x00007fd95102e000 1034       3       java.util.concurrent.ConcurrentHashMap$Traverser::<init> (36 bytes)
Event: 3.429 Thread 0x00007fd95102e000 nmethod 1034 0x0000000115304090 code [0x0000000115304240, 0x0000000115304450]

GC Heap History (2 events):
Event: 2.115 GC heap before
{Heap before GC invocations=0 (full 0):
 garbage-first heap   total 266240K, used 24532K [0x0000000700000000, 0x0000000800000000)
  region size 2048K, 11 young (22528K), 0 survivors (0K)
 Metaspace       used 4204K, committed 4416K, reserved 1056768K
  class space    used 390K, committed 512K, reserved 1048576K
}
Event: 2.117 GC heap after
{Heap after GC invocations=1 (full 0):
 garbage-first heap   total 266240K, used 4478K [0x0000000700000000, 0x0000000800000000)
  region size 2048K, 2 young (4096K), 2 survivors (4096K)
 Metaspace       used 4204K, committed 4416K, reserved 1056768K
  class space    used 390K, committed 512K, reserved 1048576K
}

Dll operation events (13 events):
Event: 0.006 Loaded shared library /Library/Java/JavaVirtualMachines/temurin-17.jdk/Contents/Home/lib/libjava.dylib
Event: 0.044 Loaded shared library /Library/Java/JavaVirtualMachines/temurin-17.jdk/Contents/Home/lib/libnio.dylib
Event: 0.048 Loaded shared library /Library/Java/JavaVirtualMachines/temurin-17.jdk/Contents/Home/lib/libzip.dylib
Event: 0.065 Loaded shared library /Library/Java/JavaVirtualMachines/temurin-17.jdk/Contents/Home/lib/libnet.dylib
Event: 0.156 Loaded shared library /Library/Java/JavaVirtualMachines/temurin-17.jdk/Contents/Home/lib/libjimage.dylib
Event: 1.822 Loaded shared library /Library/Java/JavaVirtualMachines/temurin-17.jdk/Contents/Home/lib/libawt.dylib
Event: 1.825 Loaded shared library /Library/Java/JavaVirtualMachines/temurin-17.jdk/Contents/Home/lib/libawt_lwawt.dylib
Event: 1.855 Loaded shared library /Library/Java/JavaVirtualMachines/temurin-17.jdk/Contents/Home/lib/libfontmanager.dylib
Event: 2.337 Loaded shared library /private/var/folders/fv/s9jfp5cj2xxb3mp3t2tl0ydh0000gn/T/jogamp_0000/file_cache/jln13599441799951907463/jln8465330836865853749/natives/macosx-universal/libgluegen_rt.dylib
Event: 2.423 Loaded shared library /private/var/folders/fv/s9jfp5cj2xxb3mp3t2tl0ydh0000gn/T/jogamp_0000/file_cache/jln13599441799951907463/jln8465330836865853749/natives/macosx-universal/libnativewindow_awt.dylib
Event: 2.484 Loaded shared library /private/var/folders/fv/s9jfp5cj2xxb3mp3t2tl0ydh0000gn/T/jogamp_0000/file_cache/jln13599441799951907463/jln8465330836865853749/natives/macosx-universal/libnativewindow_macosx.dylib
Event: 2.661 Loaded shared library /private/var/folders/fv/s9jfp5cj2xxb3mp3t2tl0ydh0000gn/T/jogamp_0000/file_cache/jln13599441799951907463/jln8465330836865853749/natives/macosx-universal/libjogl_desktop.dylib
Event: 2.822 Loaded shared library /private/var/folders/fv/s9jfp5cj2xxb3mp3t2tl0ydh0000gn/T/jogamp_0000/file_cache/jln13599441799951907463/jln8465330836865853749/natives/macosx-universal/libjogl_mobile.dylib

Deoptimization events (20 events):
Event: 2.852 Thread 0x00007fd953008a00 Uncommon trap: trap_request=0xffffff45 fr.pc=0x000000011cc46e30 relative=0x0000000000000190
Event: 2.852 Thread 0x00007fd953008a00 Uncommon trap: reason=unstable_if action=reinterpret pc=0x000000011cc46e30 method=java.util.regex.Pattern.lambda$Single$7(II)Z @ 2 c2
Event: 2.852 Thread 0x00007fd953008a00 DEOPT PACKING pc=0x000000011cc46e30 sp=0x000070000be42b90
Event: 2.852 Thread 0x00007fd953008a00 DEOPT UNPACKING pc=0x000000011c6c0699 sp=0x000070000be42a98 mode 2
Event: 2.852 Thread 0x00007fd953008a00 Uncommon trap: trap_request=0xffffff45 fr.pc=0x000000011cc1e678 relative=0x0000000000000358
Event: 2.852 Thread 0x00007fd953008a00 Uncommon trap: reason=unstable_if action=reinterpret pc=0x000000011cc1e678 method=java.lang.Integer.parseInt(Ljava/lang/String;I)I @ 1 c2
Event: 2.852 Thread 0x00007fd953008a00 DEOPT PACKING pc=0x000000011cc1e678 sp=0x000070000be43060
Event: 2.852 Thread 0x00007fd953008a00 DEOPT UNPACKING pc=0x000000011c6c0699 sp=0x000070000be42f88 mode 2
Event: 2.853 Thread 0x00007fd953008a00 Uncommon trap: trap_request=0xffffff45 fr.pc=0x000000011cc47afc relative=0x000000000000005c
Event: 2.853 Thread 0x00007fd953008a00 Uncommon trap: reason=unstable_if action=reinterpret pc=0x000000011cc47afc method=java.util.regex.Pattern.lambda$Single$7(II)Z @ 2 c2
Event: 2.853 Thread 0x00007fd953008a00 DEOPT PACKING pc=0x000000011cc47afc sp=0x000070000be42b50
Event: 2.853 Thread 0x00007fd953008a00 DEOPT UNPACKING pc=0x000000011c6c0699 sp=0x000070000be42aa0 mode 2
Event: 3.038 Thread 0x00007fd953008a00 Uncommon trap: trap_request=0xffffff45 fr.pc=0x000000011cc5913c relative=0x000000000000017c
Event: 3.038 Thread 0x00007fd953008a00 Uncommon trap: reason=unstable_if action=reinterpret pc=0x000000011cc5913c method=java.util.HashMap.getNode(Ljava/lang/Object;)Ljava/util/HashMap$Node; @ 145 c2
Event: 3.038 Thread 0x00007fd953008a00 DEOPT PACKING pc=0x000000011cc5913c sp=0x000070000be429b0
Event: 3.038 Thread 0x00007fd953008a00 DEOPT UNPACKING pc=0x000000011c6c0699 sp=0x000070000be42940 mode 2
Event: 3.379 Thread 0x00007fd95349b400 Uncommon trap: trap_request=0xffffff45 fr.pc=0x000000011cc0e9c0 relative=0x00000000000001a0
Event: 3.379 Thread 0x00007fd95349b400 Uncommon trap: reason=unstable_if action=reinterpret pc=0x000000011cc0e9c0 method=java.lang.String.equals(Ljava/lang/Object;)Z @ 33 c2
Event: 3.379 Thread 0x00007fd95349b400 DEOPT PACKING pc=0x000000011cc0e9c0 sp=0x000070000dca9800
Event: 3.379 Thread 0x00007fd95349b400 DEOPT UNPACKING pc=0x000000011c6c0699 sp=0x000070000dca97c0 mode 2

Classes unloaded (0 events):
No events

Classes redefined (0 events):
No events

Internal exceptions (20 events):
Event: 2.200 Thread 0x00007fd953008a00 Exception <a 'java/lang/UnsatisfiedLinkError'{0x000000070faa1848}: 'boolean com.jogamp.common.util.JarUtil.fixNativeLibAttribs(java.lang.String)'> (0x000000070faa1848) 
thrown [src/hotspot/share/prims/nativeLookup.cpp, line 543]
Event: 2.201 Thread 0x00007fd953008a00 Exception <a 'java/lang/UnsatisfiedLinkError'{0x000000070faa9930}: 'boolean com.jogamp.common.util.JarUtil.fixNativeLibAttribs(java.lang.String)'> (0x000000070faa9930) 
thrown [src/hotspot/share/prims/nativeLookup.cpp, line 543]
Event: 2.201 Thread 0x00007fd953008a00 Exception <a 'java/lang/UnsatisfiedLinkError'{0x000000070fab3b10}: 'boolean com.jogamp.common.util.JarUtil.fixNativeLibAttribs(java.lang.String)'> (0x000000070fab3b10) 
thrown [src/hotspot/share/prims/nativeLookup.cpp, line 543]
Event: 2.202 Thread 0x00007fd953008a00 Exception <a 'java/lang/UnsatisfiedLinkError'{0x000000070fac97c8}: 'boolean com.jogamp.common.util.JarUtil.fixNativeLibAttribs(java.lang.String)'> (0x000000070fac97c8) 
thrown [src/hotspot/share/prims/nativeLookup.cpp, line 543]
Event: 2.204 Thread 0x00007fd953008a00 Exception <a 'java/lang/UnsatisfiedLinkError'{0x000000070fad18b0}: 'boolean com.jogamp.common.util.JarUtil.fixNativeLibAttribs(java.lang.String)'> (0x000000070fad18b0) 
thrown [src/hotspot/share/prims/nativeLookup.cpp, line 543]
Event: 2.211 Thread 0x00007fd953008a00 Exception <a 'java/lang/UnsatisfiedLinkError'{0x000000070fad9990}: 'boolean com.jogamp.common.util.JarUtil.fixNativeLibAttribs(java.lang.String)'> (0x000000070fad9990) 
thrown [src/hotspot/share/prims/nativeLookup.cpp, line 543]
Event: 2.215 Thread 0x00007fd953008a00 Exception <a 'java/lang/UnsatisfiedLinkError'{0x000000070fae1a78}: 'boolean com.jogamp.common.util.JarUtil.fixNativeLibAttribs(java.lang.String)'> (0x000000070fae1a78) 
thrown [src/hotspot/share/prims/nativeLookup.cpp, line 543]
Event: 2.215 Thread 0x00007fd953008a00 Exception <a 'java/lang/UnsatisfiedLinkError'{0x000000070fae9ff0}: 'boolean com.jogamp.common.util.JarUtil.fixNativeLibAttribs(java.lang.String)'> (0x000000070fae9ff0) 
thrown [src/hotspot/share/prims/nativeLookup.cpp, line 543]
Event: 2.224 Thread 0x00007fd953008a00 Exception <a 'java/lang/UnsatisfiedLinkError'{0x000000070faf20b8}: 'boolean com.jogamp.common.util.JarUtil.fixNativeLibAttribs(java.lang.String)'> (0x000000070faf20b8) 
thrown [src/hotspot/share/prims/nativeLookup.cpp, line 543]
Event: 2.852 Thread 0x00007fd953008a00 Implicit null exception at 0x000000011cc1e32f to 0x000000011cc1e668
Event: 3.256 Thread 0x00007fd951ddf000 Exception <a 'java/lang/NoSuchMethodError'{0x000000070efa9760}: 'void java.lang.invoke.DirectMethodHandle$Holder.invokeStaticInit(java.lang.Object)'> (0x000000070efa9760) 
thrown [src/hotspot/share/interpreter/linkResolver.cpp, line 759]
Event: 3.263 Thread 0x00007fd951ddf000 Exception <a 'java/lang/NoSuchMethodError'{0x000000070efb7370}: 'java.lang.Object java.lang.invoke.DirectMethodHandle$Holder.newInvokeSpecial(java.lang.Object, java.lang.Object, java.lang.Object, int, java.lang.Object)'> (0x000000070efb7370) 
thrown [src/hotspot/share/interpreter/linkResolver.cpp, line 759]
Event: 3.263 Thread 0x00007fd951ddf000 Exception <a 'java/lang/NoSuchMethodError'{0x000000070efbef30}: 'java.lang.Object java.lang.invoke.Invokers$Holder.linkToTargetMethod(java.lang.Object, java.lang.Object, int, java.lang.Object, java.lang.Object)'> (0x000000070efbef30) 
thrown [src/hotspot/share/interpreter/linkResolver.cpp, line 759]
Event: 3.284 Thread 0x00007fd951ddf000 Exception <a 'java/lang/NoSuchMethodError'{0x000000070efd02e8}: 'java.lang.Object java.lang.invoke.Invokers$Holder.linkToTargetMethod(int, int, int, int, java.lang.Object)'> (0x000000070efd02e8) 
thrown [src/hotspot/share/interpreter/linkResolver.cpp, line 759]
Event: 3.285 Thread 0x00007fd951ddf000 Exception <a 'java/lang/NoSuchMethodError'{0x000000070efd3cd8}: 'void java.lang.invoke.DirectMethodHandle$Holder.invokeStatic(java.lang.Object, java.lang.Object, long)'> (0x000000070efd3cd8) 
thrown [src/hotspot/share/interpreter/linkResolver.cpp, line 759]
Event: 3.291 Thread 0x00007fd953047e00 Exception <a 'java/lang/NoSuchMethodError'{0x000000070f57d270}: 'void java.lang.invoke.DirectMethodHandle$Holder.invokeSpecial(java.lang.Object, java.lang.Object, long)'> (0x000000070f57d270) 
thrown [src/hotspot/share/interpreter/linkResolver.cpp, line 759]
Event: 3.318 Thread 0x00007fd953047e00 Exception <a 'java/lang/NoSuchMethodError'{0x000000070f589c90}: 'void java.lang.invoke.DirectMethodHandle$Holder.invokeStatic(java.lang.Object, long)'> (0x000000070f589c90) 
thrown [src/hotspot/share/interpreter/linkResolver.cpp, line 759]
Event: 3.341 Thread 0x00007fd951ddf000 Exception <a 'java/lang/NoSuchMethodError'{0x000000070ec43ac0}: 'void java.lang.invoke.DirectMethodHandle$Holder.invokeStatic(java.lang.Object, long, long)'> (0x000000070ec43ac0) 
thrown [src/hotspot/share/interpreter/linkResolver.cpp, line 759]
Event: 3.341 Thread 0x00007fd951ddf000 Exception <a 'java/lang/NoSuchMethodError'{0x000000070ec490e8}: 'java.lang.Object java.lang.invoke.DirectMethodHandle$Holder.newInvokeSpecial(java.lang.Object, long)'> (0x000000070ec490e8) 
thrown [src/hotspot/share/interpreter/linkResolver.cpp, line 759]
Event: 3.342 Thread 0x00007fd951ddf000 Exception <a 'java/lang/NoSuchMethodError'{0x000000070ec53330}: 'java.lang.Object java.lang.invoke.DirectMethodHandle$Holder.newInvokeSpecial(java.lang.Object, java.lang.Object, int)'> (0x000000070ec53330) 
thrown [src/hotspot/share/interpreter/linkResolver.cpp, line 759]

VM Operations (20 events):
Event: 0.049 Executing VM operation: HandshakeAllThreads
Event: 0.049 Executing VM operation: HandshakeAllThreads done
Event: 0.150 Executing VM operation: HandshakeAllThreads
Event: 0.150 Executing VM operation: HandshakeAllThreads done
Event: 0.166 Executing VM operation: HandshakeAllThreads
Event: 0.166 Executing VM operation: HandshakeAllThreads done
Event: 1.167 Executing VM operation: Cleanup
Event: 1.168 Executing VM operation: Cleanup done
Event: 1.852 Executing VM operation: HandshakeAllThreads
Event: 1.852 Executing VM operation: HandshakeAllThreads done
Event: 2.098 Executing VM operation: HandshakeAllThreads
Event: 2.098 Executing VM operation: HandshakeAllThreads done
Event: 2.114 Executing VM operation: G1CollectForAllocation
Event: 2.117 Executing VM operation: G1CollectForAllocation done
Event: 2.164 Executing VM operation: HandshakeAllThreads
Event: 2.164 Executing VM operation: HandshakeAllThreads done
Event: 2.183 Executing VM operation: HandshakeAllThreads
Event: 2.183 Executing VM operation: HandshakeAllThreads done
Event: 3.188 Executing VM operation: Cleanup
Event: 3.188 Executing VM operation: Cleanup done

Events (20 events):
Event: 3.416 loading class sun/awt/image/ByteInterleavedRaster
Event: 3.416 loading class sun/awt/image/ByteComponentRaster
Event: 3.416 loading class sun/awt/image/ByteComponentRaster done
Event: 3.416 loading class sun/awt/image/ByteInterleavedRaster done
Event: 3.416 loading class sun/awt/image/NativeLibLoader
Event: 3.416 loading class sun/awt/image/NativeLibLoader done
Event: 3.416 loading class sun/awt/image/NativeLibLoader$1
Event: 3.416 loading class sun/awt/image/NativeLibLoader$1 done
Event: 3.417 loading class sun/lwawt/macosx/CCustomCursor
Event: 3.417 loading class sun/lwawt/macosx/CCustomCursor done
Event: 3.417 loading class java/awt/MediaTracker
Event: 3.417 loading class java/awt/MediaTracker done
Event: 3.417 loading class java/awt/ImageMediaEntry
Event: 3.417 loading class java/awt/MediaEntry
Event: 3.417 loading class java/awt/MediaEntry done
Event: 3.417 loading class java/awt/ImageMediaEntry done
Event: 3.417 loading class sun/awt/image/MultiResolutionToolkitImage
Event: 3.417 loading class java/awt/image/MultiResolutionImage
Event: 3.417 loading class java/awt/image/MultiResolutionImage done
Event: 3.417 loading class sun/awt/image/MultiResolutionToolkitImage done


Dynamic libraries:
0x000000010b442000 	/Library/Java/JavaVirtualMachines/temurin-17.jdk/Contents/Home/lib/libjli.dylib
0x00007ff81fa8c000 	/usr/lib/libz.1.dylib
0x00007ff81fb70000 	/usr/lib/libSystem.B.dylib
0x00007ff81fb6b000 	/usr/lib/system/libcache.dylib
0x00007ff81fb26000 	/usr/lib/system/libcommonCrypto.dylib
0x00007ff81fb4f000 	/usr/lib/system/libcompiler_rt.dylib
0x00007ff81fb45000 	/usr/lib/system/libcopyfile.dylib
0x00007ff813d05000 	/usr/lib/system/libcorecrypto.dylib
0x00007ff813dc7000 	/usr/lib/system/libdispatch.dylib
0x00007ff813f4f000 	/usr/lib/system/libdyld.dylib
0x00007ff81fb61000 	/usr/lib/system/libkeymgr.dylib
0x00007ff81fb05000 	/usr/lib/system/libmacho.dylib
0x00007ff81f0f9000 	/usr/lib/system/libquarantine.dylib
0x00007ff81fb5f000 	/usr/lib/system/libremovefile.dylib
0x00007ff818bda000 	/usr/lib/system/libsystem_asl.dylib
0x00007ff813ca7000 	/usr/lib/system/libsystem_blocks.dylib
0x00007ff813e11000 	/usr/lib/system/libsystem_c.dylib
0x00007ff81fb57000 	/usr/lib/system/libsystem_collections.dylib
0x00007ff81e38d000 	/usr/lib/system/libsystem_configuration.dylib
0x00007ff81d41b000 	/usr/lib/system/libsystem_containermanager.dylib
0x00007ff81f7d6000 	/usr/lib/system/libsystem_coreservices.dylib
0x00007ff816c66000 	/usr/lib/system/libsystem_darwin.dylib
0x00007ff81fb62000 	/usr/lib/system/libsystem_dnssd.dylib
0x00007ff813e0e000 	/usr/lib/system/libsystem_featureflags.dylib
0x00007ff813f7a000 	/usr/lib/system/libsystem_info.dylib
0x00007ff81fa9f000 	/usr/lib/system/libsystem_m.dylib
0x00007ff813d9a000 	/usr/lib/system/libsystem_malloc.dylib
0x00007ff818b69000 	/usr/lib/system/libsystem_networkextension.dylib
0x00007ff8170a7000 	/usr/lib/system/libsystem_notify.dylib
0x00007ff81e391000 	/usr/lib/system/libsystem_sandbox.dylib
0x00007ff81fb5c000 	/usr/lib/system/libsystem_secinit.dylib
0x00007ff813f09000 	/usr/lib/system/libsystem_kernel.dylib
0x00007ff813f70000 	/usr/lib/system/libsystem_platform.dylib
0x00007ff813f43000 	/usr/lib/system/libsystem_pthread.dylib
0x00007ff81a52a000 	/usr/lib/system/libsystem_symptoms.dylib
0x00007ff813ceb000 	/usr/lib/system/libsystem_trace.dylib
0x00007ff81fb32000 	/usr/lib/system/libunwind.dylib
0x00007ff813cab000 	/usr/lib/system/libxpc.dylib
0x00007ff813ef3000 	/usr/lib/libc++abi.dylib
0x00007ff813bd6000 	/usr/lib/libobjc.A.dylib
0x00007ff81fb3d000 	/usr/lib/liboah.dylib
0x00007ff813e9a000 	/usr/lib/libc++.1.dylib
0x00007ff82beb1000 	/System/Library/Frameworks/Cocoa.framework/Versions/A/Cocoa
0x00007ff817106000 	/System/Library/Frameworks/AppKit.framework/Versions/C/AppKit
0x00007ff819cb6000 	/System/Library/Frameworks/CoreData.framework/Versions/A/CoreData
0x00007ff814e1b000 	/System/Library/Frameworks/Foundation.framework/Versions/C/Foundation
0x00007ff81810b000 	/System/Library/PrivateFrameworks/UIFoundation.framework/Versions/A/UIFoundation
0x00007ffb140ea000 	/System/Library/PrivateFrameworks/CollectionViewCore.framework/Versions/A/CollectionViewCore
0x00007ff825ec5000 	/System/Library/PrivateFrameworks/RemoteViewServices.framework/Versions/A/RemoteViewServices
0x00007ff81dbe0000 	/System/Library/PrivateFrameworks/XCTTargetBootstrap.framework/Versions/A/XCTTargetBootstrap
0x00007ff8219df000 	/System/Library/PrivateFrameworks/InternationalSupport.framework/Versions/A/InternationalSupport
0x00007ff821a68000 	/System/Library/PrivateFrameworks/UserActivity.framework/Versions/A/UserActivity
0x00007ffb29e1f000 	/System/Library/PrivateFrameworks/WindowManagement.framework/Versions/A/WindowManagement
0x00007ff814b07000 	/System/Library/Frameworks/SystemConfiguration.framework/Versions/A/SystemConfiguration
0x00007ff820dd8000 	/usr/lib/libspindump.dylib
0x00007ff8182d8000 	/System/Library/Frameworks/UniformTypeIdentifiers.framework/Versions/A/UniformTypeIdentifiers
0x00007ff81c0d7000 	/usr/lib/libapp_launch_measurement.dylib
0x00007ff81b261000 	/System/Library/PrivateFrameworks/CoreAnalytics.framework/Versions/A/CoreAnalytics
0x00007ff81c0da000 	/System/Library/PrivateFrameworks/CoreAutoLayout.framework/Versions/A/CoreAutoLayout
0x00007ff81d467000 	/System/Library/Frameworks/Metal.framework/Versions/A/Metal
0x00007ff81e39c000 	/usr/lib/liblangid.dylib
0x00007ff81dbe5000 	/System/Library/PrivateFrameworks/CoreSVG.framework/Versions/A/CoreSVG
0x00007ff818c0c000 	/System/Library/PrivateFrameworks/SkyLight.framework/Versions/A/SkyLight
0x00007ff818ff5000 	/System/Library/Frameworks/CoreGraphics.framework/Versions/A/CoreGraphics
0x00007ff82659f000 	/System/Library/Frameworks/Accelerate.framework/Versions/A/Accelerate
0x00007ff82084d000 	/System/Library/PrivateFrameworks/IconServices.framework/Versions/A/IconServices
0x00007ff81d44a000 	/System/Library/Frameworks/IOSurface.framework/Versions/A/IOSurface
0x00007ff81b28a000 	/usr/lib/libDiagnosticMessagesClient.dylib
0x00007ff829ade000 	/System/Library/Frameworks/ApplicationServices.framework/Versions/A/ApplicationServices
0x00007ff81dbcc000 	/System/Library/PrivateFrameworks/DFRFoundation.framework/Versions/A/DFRFoundation
0x00007ff8169d2000 	/usr/lib/libicucore.A.dylib
0x00007ff82287f000 	/System/Library/Frameworks/AudioToolbox.framework/Versions/A/AudioToolbox
0x00007ff8219ea000 	/System/Library/PrivateFrameworks/DataDetectorsCore.framework/Versions/A/DataDetectorsCore
0x00007ff918e9a000 	/System/Library/PrivateFrameworks/TextInput.framework/Versions/A/TextInput
0x00007ff818b81000 	/usr/lib/libMobileGestalt.dylib
0x00007ff81d8d4000 	/System/Library/Frameworks/Carbon.framework/Versions/A/Frameworks/HIToolbox.framework/Versions/A/HIToolbox
0x00007ff81ba7b000 	/System/Library/Frameworks/QuartzCore.framework/Versions/A/QuartzCore
0x00007ff816652000 	/System/Library/Frameworks/Security.framework/Versions/A/Security
0x00007ff825efd000 	/System/Library/Frameworks/Carbon.framework/Versions/A/Frameworks/SpeechRecognition.framework/Versions/A/SpeechRecognition
0x00007ff81be17000 	/System/Library/PrivateFrameworks/CoreUI.framework/Versions/A/CoreUI
0x00007ff815f57000 	/System/Library/Frameworks/CoreAudio.framework/Versions/A/CoreAudio
0x00007ff81b364000 	/System/Library/Frameworks/DiskArbitration.framework/Versions/A/DiskArbitration
0x00007ff8211f9000 	/System/Library/PrivateFrameworks/MultitouchSupport.framework/Versions/A/MultitouchSupport
0x00007ff818b80000 	/usr/lib/libenergytrace.dylib
0x00007ff816fe8000 	/System/Library/Frameworks/IOKit.framework/Versions/A/IOKit
0x00007ff8262f6000 	/System/Library/Frameworks/CoreServices.framework/Versions/A/CoreServices
0x00007ff81c06f000 	/System/Library/PrivateFrameworks/PerformanceAnalysis.framework/Versions/A/PerformanceAnalysis
0x00007ffa282f2000 	/System/Library/Frameworks/OpenGL.framework/Versions/A/OpenGL
0x00007ff81c122000 	/usr/lib/libxml2.2.dylib
0x00007ff81f00d000 	/System/Library/PrivateFrameworks/MobileKeyBag.framework/Versions/A/MobileKeyBag
0x00007ff819718000 	/System/Library/Frameworks/ColorSync.framework/Versions/A/ColorSync
0x00007ff813fa5000 	/System/Library/Frameworks/CoreFoundation.framework/Versions/A/CoreFoundation
0x00007ff81df7e000 	/System/Library/Frameworks/CoreImage.framework/Versions/A/CoreImage
0x00007ff815d68000 	/System/Library/Frameworks/CoreText.framework/Versions/A/CoreText
0x00007ff81dc20000 	/System/Library/Frameworks/ImageIO.framework/Versions/A/ImageIO
0x00007ff81fb76000 	/System/Library/PrivateFrameworks/SoftLinking.framework/Versions/A/SoftLinking
0x00007ff81fdf7000 	/usr/lib/libcompression.dylib
0x00007ff821911000 	/System/Library/PrivateFrameworks/TextureIO.framework/Versions/A/TextureIO
0x00007ff820515000 	/usr/lib/libate.dylib
0x00007ff8202c3000 	/usr/lib/liblzma.5.dylib
0x00007ff81fb72000 	/usr/lib/libfakelink.dylib
0x00007ff8187c4000 	/System/Library/Frameworks/CFNetwork.framework/Versions/A/CFNetwork
0x00007ff81fcaf000 	/usr/lib/libarchive.2.dylib
0x00007ff8241ae000 	/System/Library/Frameworks/Combine.framework/Versions/A/Combine
0x00007ff8222f7000 	/usr/lib/swift/libswiftCore.dylib
0x00007ff915f14000 	/usr/lib/swift/libswiftCoreFoundation.dylib
0x00007ff913f16000 	/usr/lib/swift/libswiftDarwin.dylib
0x00007ff827b19000 	/usr/lib/swift/libswiftDispatch.dylib
0x00007ff915f30000 	/usr/lib/swift/libswiftIOKit.dylib
0x00007ff829f07000 	/usr/lib/swift/libswiftObjectiveC.dylib
0x00007ff915f25000 	/usr/lib/swift/libswiftXPC.dylib
0x00007ffb3069b000 	/usr/lib/swift/libswift_Concurrency.dylib
0x00007ffb307da000 	/usr/lib/swift/libswift_StringProcessing.dylib
0x00007ff829f0b000 	/usr/lib/swift/libswiftos.dylib
0x00007ff816f6d000 	/System/Library/PrivateFrameworks/CoreServicesInternal.framework/Versions/A/CoreServicesInternal
0x00007ff81f120000 	/usr/lib/libbsm.0.dylib
0x00007ff81fb0a000 	/usr/lib/system/libkxld.dylib
0x00007ff81c0a3000 	/System/Library/Frameworks/CoreServices.framework/Versions/A/Frameworks/FSEvents.framework/Versions/A/FSEvents
0x00007ff816c71000 	/System/Library/Frameworks/CoreServices.framework/Versions/A/Frameworks/CarbonCore.framework/Versions/A/CarbonCore
0x00007ff81b2cd000 	/System/Library/Frameworks/CoreServices.framework/Versions/A/Frameworks/Metadata.framework/Versions/A/Metadata
0x00007ff81f7dc000 	/System/Library/Frameworks/CoreServices.framework/Versions/A/Frameworks/OSServices.framework/Versions/A/OSServices
0x00007ff81fd37000 	/System/Library/Frameworks/CoreServices.framework/Versions/A/Frameworks/SearchKit.framework/Versions/A/SearchKit
0x00007ff81a4b1000 	/System/Library/Frameworks/CoreServices.framework/Versions/A/Frameworks/AE.framework/Versions/A/AE
0x00007ff81443e000 	/System/Library/Frameworks/CoreServices.framework/Versions/A/Frameworks/LaunchServices.framework/Versions/A/LaunchServices
0x00007ff820274000 	/System/Library/Frameworks/CoreServices.framework/Versions/A/Frameworks/DictionaryServices.framework/Versions/A/DictionaryServices
0x00007ff81c0b0000 	/System/Library/Frameworks/CoreServices.framework/Versions/A/Frameworks/SharedFileList.framework/Versions/A/SharedFileList
0x00007ff81fdc3000 	/usr/lib/libapple_nghttp2.dylib
0x00007ff8187c0000 	/usr/lib/libnetwork.dylib
0x00007ff81a12c000 	/usr/lib/libsqlite3.dylib
0x00007ff81a532000 	/System/Library/Frameworks/Network.framework/Versions/A/Network
0x00007ffb2f6c7000 	/usr/lib/libCoreEntitlements.dylib
0x00007ffb1d41c000 	/System/Library/PrivateFrameworks/MessageSecurity.framework/Versions/A/MessageSecurity
0x00007ff81a113000 	/System/Library/PrivateFrameworks/ProtocolBuffer.framework/Versions/A/ProtocolBuffer
0x00007ff81f7b6000 	/System/Library/PrivateFrameworks/AppleFSCompression.framework/Versions/A/AppleFSCompression
0x00007ff81f108000 	/usr/lib/libcoretls.dylib
0x00007ff8202dd000 	/usr/lib/libcoretls_cfhelpers.dylib
0x00007ff81fdf2000 	/usr/lib/libpam.2.dylib
0x00007ff82034a000 	/usr/lib/libxar.1.dylib
0x00007ff820829000 	/usr/lib/libheimdal-asn1.dylib
0x00007ff81fb77000 	/usr/lib/libpcap.A.dylib
0x00007ff81a521000 	/usr/lib/libdns_services.dylib
0x00007ff81e398000 	/System/Library/PrivateFrameworks/AppleSystemInfo.framework/Versions/A/AppleSystemInfo
0x00007ff81ee17000 	/System/Library/PrivateFrameworks/IOMobileFramebuffer.framework/Versions/A/IOMobileFramebuffer
0x00007ff81f7c6000 	/usr/lib/libbz2.1.0.dylib
0x00007ff81f0fc000 	/usr/lib/libCheckFix.dylib
0x00007ff818bf1000 	/System/Library/PrivateFrameworks/TCC.framework/Versions/A/TCC
0x00007ff81e39e000 	/System/Library/PrivateFrameworks/CoreNLP.framework/Versions/A/CoreNLP
0x00007ff81b28c000 	/System/Library/PrivateFrameworks/MetadataUtilities.framework/Versions/A/MetadataUtilities
0x00007ff81f130000 	/usr/lib/libmecab.dylib
0x00007ff814b86000 	/usr/lib/libCRFSuite.dylib
0x00007ff81f18a000 	/usr/lib/libgermantok.dylib
0x00007ff81fd9e000 	/usr/lib/libThaiTokenizer.dylib
0x00007ff81b36c000 	/System/Library/Frameworks/Accelerate.framework/Versions/A/Frameworks/vImage.framework/Versions/A/vImage
0x00007ff8262c9000 	/System/Library/Frameworks/Accelerate.framework/Versions/A/Frameworks/vecLib.framework/Versions/A/vecLib
0x00007ff82038c000 	/System/Library/Frameworks/Accelerate.framework/Versions/A/Frameworks/vecLib.framework/Versions/A/libvMisc.dylib
0x00007ff81ec3c000 	/System/Library/Frameworks/Accelerate.framework/Versions/A/Frameworks/vecLib.framework/Versions/A/libvDSP.dylib
0x00007ff8147f8000 	/System/Library/Frameworks/Accelerate.framework/Versions/A/Frameworks/vecLib.framework/Versions/A/libBLAS.dylib
0x00007ff81fed5000 	/System/Library/Frameworks/Accelerate.framework/Versions/A/Frameworks/vecLib.framework/Versions/A/libLAPACK.dylib
0x00007ff81f18d000 	/System/Library/Frameworks/Accelerate.framework/Versions/A/Frameworks/vecLib.framework/Versions/A/libLinearAlgebra.dylib
0x00007ff81fddb000 	/System/Library/Frameworks/Accelerate.framework/Versions/A/Frameworks/vecLib.framework/Versions/A/libSparseBLAS.dylib
0x00007ff81fecf000 	/System/Library/Frameworks/Accelerate.framework/Versions/A/Frameworks/vecLib.framework/Versions/A/libQuadrature.dylib
0x00007ff81e48b000 	/System/Library/Frameworks/Accelerate.framework/Versions/A/Frameworks/vecLib.framework/Versions/A/libBNNS.dylib
0x00007ff814a90000 	/System/Library/Frameworks/Accelerate.framework/Versions/A/Frameworks/vecLib.framework/Versions/A/libSparse.dylib
0x00007ffb1c759000 	/System/Library/PrivateFrameworks/MIL.framework/Versions/A/MIL
0x00007ff81fbac000 	/usr/lib/libiconv.2.dylib
0x00007ff81fb04000 	/usr/lib/libcharset.1.dylib
0x00007ff81c087000 	/System/Library/Frameworks/OpenDirectory.framework/Versions/A/Frameworks/CFOpenDirectory.framework/Versions/A/CFOpenDirectory
0x00007ff81c07b000 	/System/Library/Frameworks/OpenDirectory.framework/Versions/A/OpenDirectory
0x00007ff8202df000 	/System/Library/PrivateFrameworks/APFS.framework/Versions/A/APFS
0x00007ff81f040000 	/System/Library/Frameworks/SecurityFoundation.framework/Versions/A/SecurityFoundation
0x00007ff820358000 	/usr/lib/libutil.dylib
0x00007ffb1b95f000 	/System/Library/PrivateFrameworks/InstalledContentLibrary.framework/Versions/A/InstalledContentLibrary
0x00007ff816fac000 	/System/Library/PrivateFrameworks/CoreServicesStore.framework/Versions/A/CoreServicesStore
0x00007ffa32c51000 	/System/Library/PrivateFrameworks/AppleMobileFileIntegrity.framework/Versions/A/AppleMobileFileIntegrity
0x00007ff915ef4000 	/usr/lib/libmis.dylib
0x00007ff9243c0000 	/System/Library/PrivateFrameworks/MobileSystemServices.framework/Versions/A/MobileSystemServices
0x00007ffa1e1c8000 	/System/Library/PrivateFrameworks/ConfigProfileHelper.framework/Versions/A/ConfigProfileHelper
0x00007ff81fda0000 	/System/Library/PrivateFrameworks/AppleSauce.framework/Versions/A/AppleSauce
0x00007ff81582d000 	/System/Library/PrivateFrameworks/LanguageModeling.framework/Versions/A/LanguageModeling
0x00007ff82035c000 	/usr/lib/libxslt.1.dylib
0x00007ff81fc9e000 	/usr/lib/libcmph.dylib
0x00007ff81ee05000 	/System/Library/PrivateFrameworks/CoreEmoji.framework/Versions/A/CoreEmoji
0x00007ff81e485000 	/System/Library/PrivateFrameworks/LinguisticData.framework/Versions/A/LinguisticData
0x00007ff814a46000 	/System/Library/PrivateFrameworks/Lexicon.framework/Versions/A/Lexicon
0x00007ff81f0ce000 	/System/Library/PrivateFrameworks/BackgroundTaskManagement.framework/Versions/A/BackgroundTaskManagement
0x00007ffb2f7fd000 	/usr/lib/libTLE.dylib
0x00007ffb3071f000 	/usr/lib/swift/libswift_RegexParser.dylib
0x00007ff8210bf000 	/System/Library/PrivateFrameworks/AppleJPEG.framework/Versions/A/AppleJPEG
0x00007ff82080e000 	/usr/lib/libexpat.1.dylib
0x00007ff82176d000 	/System/Library/Frameworks/ImageIO.framework/Versions/A/Resources/libPng.dylib
0x00007ff82179a000 	/System/Library/Frameworks/ImageIO.framework/Versions/A/Resources/libTIFF.dylib
0x00007ff82188b000 	/System/Library/Frameworks/ImageIO.framework/Versions/A/Resources/libGIF.dylib
0x00007ff82110a000 	/System/Library/Frameworks/ImageIO.framework/Versions/A/Resources/libJP2.dylib
0x00007ff82182b000 	/System/Library/Frameworks/ImageIO.framework/Versions/A/Resources/libJPEG.dylib
0x00007ff821822000 	/System/Library/Frameworks/ImageIO.framework/Versions/A/Resources/libRadiance.dylib
0x00007ff81d76a000 	/System/Library/PrivateFrameworks/FontServices.framework/libFontParser.dylib
0x00007ff81a457000 	/System/Library/PrivateFrameworks/RunningBoardServices.framework/Versions/A/RunningBoardServices
0x00007ff82c4e7000 	/System/Library/PrivateFrameworks/IOSurfaceAccelerator.framework/Versions/A/IOSurfaceAccelerator
0x00007ff8211f5000 	/System/Library/PrivateFrameworks/WatchdogClient.framework/Versions/A/WatchdogClient
0x00007ff81598f000 	/System/Library/Frameworks/CoreDisplay.framework/Versions/A/CoreDisplay
0x00007ff81d65a000 	/System/Library/Frameworks/CoreMedia.framework/Versions/A/CoreMedia
0x00007ff81d45e000 	/System/Library/PrivateFrameworks/IOAccelerator.framework/Versions/A/IOAccelerator
0x00007ff81c201000 	/System/Library/Frameworks/CoreVideo.framework/Versions/A/CoreVideo
0x00007ff81fdf0000 	/System/Library/Frameworks/MetalPerformanceShaders.framework/Versions/A/MetalPerformanceShaders
0x00007ff821232000 	/System/Library/Frameworks/VideoToolbox.framework/Versions/A/VideoToolbox
0x00007ff81a39c000 	/System/Library/PrivateFrameworks/BaseBoard.framework/Versions/A/BaseBoard
0x00007ff82181b000 	/System/Library/PrivateFrameworks/GPUWrangler.framework/Versions/A/GPUWrangler
0x00007ff8217ff000 	/System/Library/PrivateFrameworks/IOPresentment.framework/Versions/A/IOPresentment
0x00007ff821825000 	/System/Library/PrivateFrameworks/DSExternalDisplay.framework/Versions/A/DSExternalDisplay
0x00007ffb18078000 	/System/Library/PrivateFrameworks/GPUCompiler.framework/Versions/31001/Libraries/libllvm-flatbuffers.dylib
0x00007ffa282e6000 	/System/Library/Frameworks/OpenGL.framework/Versions/A/Libraries/libCoreFSCache.dylib
0x00007ffb18074000 	/System/Library/PrivateFrameworks/GPUCompiler.framework/Versions/31001/Libraries/libGPUCompilerUtils.dylib
0x00007ff821891000 	/System/Library/PrivateFrameworks/CMCaptureCore.framework/Versions/A/CMCaptureCore
0x00007ffa2d2ba000 	/System/Library/Frameworks/ExtensionFoundation.framework/Versions/A/ExtensionFoundation
0x00007ff828292000 	/System/Library/PrivateFrameworks/CoreTime.framework/Versions/A/CoreTime
0x00007ff820dc2000 	/System/Library/PrivateFrameworks/AppServerSupport.framework/Versions/A/AppServerSupport
0x00007ff823144000 	/System/Library/PrivateFrameworks/perfdata.framework/Versions/A/perfdata
0x00007ff815abb000 	/System/Library/PrivateFrameworks/AudioToolboxCore.framework/Versions/A/AudioToolboxCore
0x00007ff81d634000 	/System/Library/PrivateFrameworks/caulk.framework/Versions/A/caulk
0x00007ff822a16000 	/usr/lib/libAudioStatistics.dylib
0x00007ff915399000 	/System/Library/PrivateFrameworks/SystemPolicy.framework/Versions/A/SystemPolicy
0x00007ff822caf000 	/usr/lib/libSMC.dylib
0x00007ff82bd56000 	/System/Library/Frameworks/CoreMIDI.framework/Versions/A/CoreMIDI
0x00007ff82173b000 	/usr/lib/libAudioToolboxUtility.dylib
0x00007ff83121d000 	/System/Library/PrivateFrameworks/OSAServicesClient.framework/Versions/A/OSAServicesClient
0x00007ff823151000 	/usr/lib/libperfcheck.dylib
0x00007ff8206f2000 	/System/Library/PrivateFrameworks/PlugInKit.framework/Versions/A/PlugInKit
0x00007ff81f033000 	/System/Library/PrivateFrameworks/AssertionServices.framework/Versions/A/AssertionServices
0x00007ffa28341000 	/System/Library/Frameworks/OpenGL.framework/Versions/A/Libraries/libGLU.dylib
0x00007ffa28305000 	/System/Library/Frameworks/OpenGL.framework/Versions/A/Libraries/libGFXShared.dylib
0x00007ffa2850e000 	/System/Library/Frameworks/OpenGL.framework/Versions/A/Libraries/libGL.dylib
0x00007ffa2830e000 	/System/Library/Frameworks/OpenGL.framework/Versions/A/Libraries/libGLImage.dylib
0x00007ffa28302000 	/System/Library/Frameworks/OpenGL.framework/Versions/A/Libraries/libCVMSPluginSupport.dylib
0x00007ffb2f7dc000 	/usr/lib/libRosetta.dylib
0x00007ffa282ed000 	/System/Library/Frameworks/OpenGL.framework/Versions/A/Libraries/libCoreVMClient.dylib
0x00007ff81e316000 	/System/Library/Frameworks/MetalPerformanceShaders.framework/Versions/A/Frameworks/MPSCore.framework/Versions/A/MPSCore
0x00007ff81f720000 	/System/Library/Frameworks/MetalPerformanceShaders.framework/Versions/A/Frameworks/MPSImage.framework/Versions/A/MPSImage
0x00007ff81f1a3000 	/System/Library/Frameworks/MetalPerformanceShaders.framework/Versions/A/Frameworks/MPSNeuralNetwork.framework/Versions/A/MPSNeuralNetwork
0x00007ff81f616000 	/System/Library/Frameworks/MetalPerformanceShaders.framework/Versions/A/Frameworks/MPSMatrix.framework/Versions/A/MPSMatrix
0x00007ff81f3d1000 	/System/Library/Frameworks/MetalPerformanceShaders.framework/Versions/A/Frameworks/MPSRayIntersector.framework/Versions/A/MPSRayIntersector
0x00007ff81f651000 	/System/Library/Frameworks/MetalPerformanceShaders.framework/Versions/A/Frameworks/MPSNDArray.framework/Versions/A/MPSNDArray
0x00007ffa2e60b000 	/System/Library/Frameworks/MetalPerformanceShaders.framework/Versions/A/Frameworks/MPSFunctions.framework/Versions/A/MPSFunctions
0x00007ff8146b9000 	/System/Library/PrivateFrameworks/MetalTools.framework/Versions/A/MetalTools
0x00007ff81e397000 	/System/Library/PrivateFrameworks/AggregateDictionary.framework/Versions/A/AggregateDictionary
0x00007ff8205ac000 	/usr/lib/libIOReport.dylib
0x00007ffa298f1000 	/System/Library/Frameworks/OpenCL.framework/Versions/A/OpenCL
0x00007ff820954000 	/System/Library/PrivateFrameworks/GraphVisualizer.framework/Versions/A/GraphVisualizer
0x00007ffb17f79000 	/System/Library/PrivateFrameworks/FontServices.framework/Versions/A/FontServices
0x00007ff820d7d000 	/System/Library/PrivateFrameworks/OTSVG.framework/Versions/A/OTSVG
0x00007ff81bdcb000 	/System/Library/Frameworks/ApplicationServices.framework/Versions/A/Frameworks/ATS.framework/Versions/A/Resources/libFontRegistry.dylib
0x00007ff820dcc000 	/System/Library/PrivateFrameworks/FontServices.framework/libhvf.dylib
0x00007ffb17f7a000 	/System/Library/PrivateFrameworks/FontServices.framework/libXTFontStaticRegistryData.dylib
0x00007ffb28dfb000 	/System/Library/PrivateFrameworks/VideoToolboxParavirtualizationSupport.framework/Versions/A/VideoToolboxParavirtualizationSupport
0x00007ff8207be000 	/System/Library/PrivateFrameworks/AppleVA.framework/Versions/A/AppleVA
0x00007ff822a52000 	/System/Library/Frameworks/ApplicationServices.framework/Versions/A/Frameworks/ATS.framework/Versions/A/ATS
0x00007ff819808000 	/System/Library/Frameworks/ApplicationServices.framework/Versions/A/Frameworks/HIServices.framework/Versions/A/HIServices
0x00007ff82189d000 	/System/Library/Frameworks/ApplicationServices.framework/Versions/A/Frameworks/PrintCore.framework/Versions/A/PrintCore
0x00007ff822e04000 	/System/Library/Frameworks/ApplicationServices.framework/Versions/A/Frameworks/QD.framework/Versions/A/QD
0x00007ff822dfc000 	/System/Library/Frameworks/ApplicationServices.framework/Versions/A/Frameworks/ColorSyncLegacy.framework/Versions/A/ColorSyncLegacy
0x00007ff822a2a000 	/System/Library/Frameworks/ApplicationServices.framework/Versions/A/Frameworks/SpeechSynthesis.framework/Versions/A/SpeechSynthesis
0x00007ff82185b000 	/System/Library/Frameworks/ApplicationServices.framework/Versions/A/Frameworks/ATSUI.framework/Versions/A/ATSUI
0x00007ff822d8f000 	/usr/lib/libcups.2.dylib
0x00007ff823160000 	/System/Library/Frameworks/Kerberos.framework/Versions/A/Kerberos
0x00007ff82316f000 	/System/Library/Frameworks/GSS.framework/Versions/A/GSS
0x00007ff822ac0000 	/usr/lib/libresolv.9.dylib
0x00007ff820ddd000 	/System/Library/PrivateFrameworks/Heimdal.framework/Versions/A/Heimdal
0x00007ff829e8b000 	/System/Library/Frameworks/Kerberos.framework/Versions/A/Libraries/libHeimdalProxy.dylib
0x00007ff8231ba000 	/System/Library/PrivateFrameworks/CommonAuth.framework/Versions/A/CommonAuth
0x00007ffa2c59a000 	/System/Library/Frameworks/AVFAudio.framework/Versions/A/AVFAudio
0x00007ff831266000 	/System/Library/PrivateFrameworks/AXCoreUtilities.framework/Versions/A/AXCoreUtilities
0x00007ff8229a6000 	/System/Library/PrivateFrameworks/AudioSession.framework/Versions/A/AudioSession
0x00007ff823f87000 	/System/Library/Frameworks/IOBluetooth.framework/Versions/A/IOBluetooth
0x00007ff8208c4000 	/System/Library/PrivateFrameworks/MediaExperience.framework/Versions/A/MediaExperience
0x00007ff82284e000 	/System/Library/PrivateFrameworks/AudioSession.framework/libSessionUtility.dylib
0x00007ff822e10000 	/System/Library/PrivateFrameworks/AudioResourceArbitration.framework/Versions/A/AudioResourceArbitration
0x00007ff826ed6000 	/System/Library/PrivateFrameworks/PowerLog.framework/Versions/A/PowerLog
0x00007ff826e18000 	/System/Library/Frameworks/CoreBluetooth.framework/Versions/A/CoreBluetooth
0x00007ff829e8c000 	/System/Library/Frameworks/AudioUnit.framework/Versions/A/AudioUnit
0x00007ff81ee9e000 	/System/Library/PrivateFrameworks/CoreUtils.framework/Versions/A/CoreUtils
0x00007ffb16b4e000 	/System/Library/PrivateFrameworks/CoreUtilsExtras.framework/Versions/A/CoreUtilsExtras
0x00007ffb1b7f6000 	/System/Library/PrivateFrameworks/IO80211.framework/Versions/A/IO80211
0x00007ff820832000 	/System/Library/PrivateFrameworks/IconFoundation.framework/Versions/A/IconFoundation
0x00007ff825eed000 	/System/Library/PrivateFrameworks/SpeechRecognitionCore.framework/Versions/A/SpeechRecognitionCore
0x000000010c59a000 	/Library/Java/JavaVirtualMachines/temurin-17.jdk/Contents/Home/lib/server/libjvm.dylib
0x000000010b3f9000 	/Library/Java/JavaVirtualMachines/temurin-17.jdk/Contents/Home/lib/libjimage.dylib
0x000000010b4d2000 	/Library/Java/JavaVirtualMachines/temurin-17.jdk/Contents/Home/lib/libjava.dylib
0x000000010b4bc000 	/Library/Java/JavaVirtualMachines/temurin-17.jdk/Contents/Home/lib/libnio.dylib
0x000000010bf72000 	/Library/Java/JavaVirtualMachines/temurin-17.jdk/Contents/Home/lib/libnet.dylib
0x000000010bf58000 	/Library/Java/JavaVirtualMachines/temurin-17.jdk/Contents/Home/lib/libzip.dylib
0x000000010c02a000 	/Library/Java/JavaVirtualMachines/temurin-17.jdk/Contents/Home/lib/libawt.dylib
0x000000010c0e9000 	/Library/Java/JavaVirtualMachines/temurin-17.jdk/Contents/Home/lib/libmlib_image.dylib
0x00007ffa2d868000 	/System/Library/Frameworks/JavaRuntimeSupport.framework/Versions/A/JavaRuntimeSupport
0x00007ff914dc8000 	/System/Library/Frameworks/Carbon.framework/Versions/A/Carbon
0x00007ff8281c1000 	/System/Library/PrivateFrameworks/CoreSymbolication.framework/Versions/A/CoreSymbolication
0x00007ff82d9d0000 	/System/Library/Frameworks/Carbon.framework/Versions/A/Frameworks/CommonPanels.framework/Versions/A/CommonPanels
0x00007ff82980c000 	/System/Library/Frameworks/Carbon.framework/Versions/A/Frameworks/Help.framework/Versions/A/Help
0x00007ff82d9d4000 	/System/Library/Frameworks/Carbon.framework/Versions/A/Frameworks/ImageCapture.framework/Versions/A/ImageCapture
0x00007ff82d9a4000 	/System/Library/Frameworks/Carbon.framework/Versions/A/Frameworks/OpenScripting.framework/Versions/A/OpenScripting
0x00007ff82d9cc000 	/System/Library/Frameworks/Carbon.framework/Versions/A/Frameworks/Ink.framework/Versions/A/Ink
0x00007ff914dc4000 	/System/Library/Frameworks/Carbon.framework/Versions/A/Frameworks/Print.framework/Versions/A/Print
0x00007ff82d9c8000 	/System/Library/Frameworks/Carbon.framework/Versions/A/Frameworks/SecurityHI.framework/Versions/A/SecurityHI
0x00007ff828186000 	/System/Library/PrivateFrameworks/DebugSymbols.framework/Versions/A/DebugSymbols
0x000000010c2ac000 	/Library/Java/JavaVirtualMachines/temurin-17.jdk/Contents/Home/lib/libawt_lwawt.dylib
0x000000010bfb2000 	/Library/Java/JavaVirtualMachines/temurin-17.jdk/Contents/Home/lib/libosxapp.dylib
0x00007ff913f84000 	/System/Library/Frameworks/ExceptionHandling.framework/Versions/A/ExceptionHandling
0x0000000131900000 	/Library/Java/JavaVirtualMachines/temurin-17.jdk/Contents/Home/lib/libfontmanager.dylib
0x000000010c3d7000 	/Library/Java/JavaVirtualMachines/temurin-17.jdk/Contents/Home/lib/libfreetype.dylib
0x00007ff8274c8000 	/System/Library/Frameworks/FileProvider.framework/Versions/A/FileProvider
0x00007ff81a307000 	/System/Library/Frameworks/Accounts.framework/Versions/A/Accounts
0x00007ff81c290000 	/System/Library/PrivateFrameworks/UserManagement.framework/Versions/A/UserManagement
0x00007ff827651000 	/System/Library/PrivateFrameworks/GenerationalStorage.framework/Versions/A/GenerationalStorage
0x00007ff826ecb000 	/System/Library/PrivateFrameworks/SymptomDiagnosticReporter.framework/Versions/A/SymptomDiagnosticReporter
0x00007ff8182ee000 	/System/Library/PrivateFrameworks/DesktopServicesPriv.framework/Versions/A/DesktopServicesPriv
0x00007ff8170b6000 	/usr/lib/libsandbox.1.dylib
0x00007ff822df1000 	/System/Library/PrivateFrameworks/NetAuth.framework/Versions/A/NetAuth
0x00007ff823e0b000 	/System/Library/PrivateFrameworks/Sharing.framework/Versions/A/Sharing
0x00007ff81c256000 	/System/Library/PrivateFrameworks/login.framework/Versions/A/Frameworks/loginsupport.framework/Versions/A/loginsupport
0x00007ff8293bc000 	/System/Library/PrivateFrameworks/Apple80211.framework/Versions/A/Apple80211
0x00007ff81f809000 	/System/Library/PrivateFrameworks/AuthKit.framework/Versions/A/AuthKit
0x00007ff81ee24000 	/System/Library/Frameworks/CoreWLAN.framework/Versions/A/CoreWLAN
0x00007ff8293c0000 	/System/Library/PrivateFrameworks/CoreWiFi.framework/Versions/A/CoreWiFi
0x00007ffa18343000 	/System/Library/PrivateFrameworks/WiFiPeerToPeer.framework/Versions/A/WiFiPeerToPeer
0x00007ff827d33000 	/System/Library/PrivateFrameworks/FrontBoardServices.framework/Versions/A/FrontBoardServices
0x00007ff827dca000 	/System/Library/PrivateFrameworks/BoardServices.framework/Versions/A/BoardServices
0x00007ff82951e000 	/System/Library/PrivateFrameworks/BackBoardServices.framework/Versions/A/BackBoardServices
0x00007ff81f96f000 	/System/Library/Frameworks/UserNotifications.framework/Versions/A/UserNotifications
0x00007ff8232ae000 	/System/Library/PrivateFrameworks/CorePhoneNumbers.framework/Versions/A/CorePhoneNumbers
0x00007ff822aed000 	/System/Library/PrivateFrameworks/MultiverseSupport.framework/Versions/A/MultiverseSupport
0x00007ff829799000 	/System/Library/PrivateFrameworks/RemoteServiceDiscovery.framework/Versions/A/RemoteServiceDiscovery
0x00007ff826fe9000 	/System/Library/PrivateFrameworks/DiskManagement.framework/Versions/A/DiskManagement
0x00007ff826efd000 	/System/Library/PrivateFrameworks/AppleIDAuthSupport.framework/Versions/A/AppleIDAuthSupport
0x00007ffa310ab000 	/System/Library/PrivateFrameworks/AAAFoundation.framework/Versions/A/AAAFoundation
0x00007ff823287000 	/System/Library/PrivateFrameworks/KeychainCircle.framework/Versions/A/KeychainCircle
0x00007ff8297a9000 	/System/Library/PrivateFrameworks/RemoteXPC.framework/Versions/A/RemoteXPC
0x00007ff826fb5000 	/System/Library/PrivateFrameworks/MediaKit.framework/Versions/A/MediaKit
0x00007ff826f09000 	/System/Library/Frameworks/DiscRecording.framework/Versions/A/DiscRecording
0x00007ff820736000 	/usr/lib/libCoreStorage.dylib
0x00007ff829814000 	/usr/lib/libcsfde.dylib
0x00007ff824058000 	/System/Library/PrivateFrameworks/ProtectedCloudStorage.framework/Versions/A/ProtectedCloudStorage
0x00007ff829810000 	/System/Library/PrivateFrameworks/EFILogin.framework/Versions/A/EFILogin
0x00007ff827677000 	/System/Library/PrivateFrameworks/OctagonTrust.framework/Versions/A/OctagonTrust
0x00007ff82072e000 	/usr/lib/libMatch.1.dylib
0x00007ff91db0f000 	/System/Library/CoreServices/RawCamera.bundle/Contents/MacOS/RawCamera
0x00007ff8231ca000 	/System/Library/PrivateFrameworks/MobileAsset.framework/Versions/A/MobileAsset
0x00007ff91b466000 	/System/Library/PrivateFrameworks/SoftwareUpdateCoreSupport.framework/Versions/A/SoftwareUpdateCoreSupport
0x00007ff92179d000 	/System/Library/PrivateFrameworks/SoftwareUpdateCoreConnect.framework/Versions/A/SoftwareUpdateCoreConnect
0x00007ff829eb0000 	/System/Library/PrivateFrameworks/StreamingZip.framework/Versions/A/StreamingZip
0x00007ff91b0ee000 	/System/Library/PrivateFrameworks/MSUDataAccessor.framework/Versions/A/MSUDataAccessor
0x00007ff91772d000 	/usr/lib/libbootpolicy.dylib
0x00007ff928003000 	/usr/lib/libpartition2_dynamic.dylib
0x00007ffa33737000 	/System/Library/PrivateFrameworks/CMPhoto.framework/Versions/A/CMPhoto
0x00007ff82805a000 	/System/Library/PrivateFrameworks/AppleVPA.framework/Versions/A/AppleVPA
0x00007ff821ad4000 	/System/Library/Frameworks/MediaToolbox.framework/Versions/A/MediaToolbox
0x00007ff827498000 	/System/Library/PrivateFrameworks/CoreAVCHD.framework/Versions/A/CoreAVCHD
0x00007ff8265e7000 	/System/Library/Frameworks/MediaAccessibility.framework/Versions/A/MediaAccessibility
0x00007ff827494000 	/System/Library/PrivateFrameworks/Mangrove.framework/Versions/A/Mangrove
0x00007ff8270d9000 	/System/Library/PrivateFrameworks/CoreAUC.framework/Versions/A/CoreAUC
0x00007ff91aad4000 	/System/Library/Frameworks/Accelerate.framework/Versions/A/Frameworks/vImage.framework/Versions/A/Libraries/libCGInterfaces.dylib
0x000000010c57a000 	/usr/lib/libobjc-trampolines.dylib
0x00007ffb2f598000 	/usr/lib/libAccessibilityBaseImplementations.dylib
0x00007ff81bf6f000 	/System/Library/PrivateFrameworks/ViewBridge.framework/Versions/A/ViewBridge
0x00007ff820e94000 	/System/Library/PrivateFrameworks/login.framework/Versions/A/login
0x00007ffa28519000 	/System/Library/Frameworks/OpenGL.framework/Versions/A/Resources/GLEngine.bundle/GLEngine
0x00007ffa2837f000 	/System/Library/Frameworks/OpenGL.framework/Versions/A/Libraries/libGLProgrammability.dylib
0x00007ffa20d74000 	/System/Library/Extensions/AppleIntelKBLGraphicsGLDriver.bundle/Contents/MacOS/AppleIntelKBLGraphicsGLDriver
0x00007ff921340000 	/System/Library/PrivateFrameworks/GPUSupport.framework/Versions/A/Libraries/libGPUSupportMercury.dylib
0x00007ffa286a3000 	/System/Library/Frameworks/OpenGL.framework/Versions/A/Resources/GLRendererFloat.bundle/GLRendererFloat
0x000000012f3f5000 	/private/var/folders/fv/s9jfp5cj2xxb3mp3t2tl0ydh0000gn/T/jogamp_0000/file_cache/jln13599441799951907463/jln8465330836865853749/natives/macosx-universal/libgluegen_rt.dylib
0x00000001360bf000 	/private/var/folders/fv/s9jfp5cj2xxb3mp3t2tl0ydh0000gn/T/jogamp_0000/file_cache/jln13599441799951907463/jln8465330836865853749/natives/macosx-universal/libnativewindow_awt.dylib
0x00000001360c9000 	/Library/Java/JavaVirtualMachines/temurin-17.jdk/Contents/Home/lib/libjawt.dylib
0x00000001360da000 	/private/var/folders/fv/s9jfp5cj2xxb3mp3t2tl0ydh0000gn/T/jogamp_0000/file_cache/jln13599441799951907463/jln8465330836865853749/natives/macosx-universal/libnativewindow_macosx.dylib
0x00000001361b9000 	/private/var/folders/fv/s9jfp5cj2xxb3mp3t2tl0ydh0000gn/T/jogamp_0000/file_cache/jln13599441799951907463/jln8465330836865853749/natives/macosx-universal/libjogl_desktop.dylib
0x000000013614a000 	/private/var/folders/fv/s9jfp5cj2xxb3mp3t2tl0ydh0000gn/T/jogamp_0000/file_cache/jln13599441799951907463/jln8465330836865853749/natives/macosx-universal/libjogl_mobile.dylib


VM Arguments:
jvm_args: --add-opens=java.desktop/sun.awt=ALL-UNNAMED 
java_command: Project2Main
java_class_path (initial): jar/j3dcore.jar:jar/j3dutils.jar:jar/vecmath.jar:jar/jogamp-fat.jar:.
Launcher Type: SUN_STANDARD

[Global flags]
     intx CICompilerCount                          = 4                                         {product} {ergonomic}
     uint ConcGCThreads                            = 2                                         {product} {ergonomic}
     uint G1ConcRefinementThreads                  = 8                                         {product} {ergonomic}
   size_t G1HeapRegionSize                         = 2097152                                   {product} {ergonomic}
    uintx GCDrainStackTargetSize                   = 64                                        {product} {ergonomic}
   size_t InitialHeapSize                          = 268435456                                 {product} {ergonomic}
   size_t MarkStackSize                            = 4194304                                   {product} {ergonomic}
   size_t MaxHeapSize                              = 4294967296                                {product} {ergonomic}
   size_t MaxNewSize                               = 2575302656                                {product} {ergonomic}
   size_t MinHeapDeltaBytes                        = 2097152                                   {product} {ergonomic}
   size_t MinHeapSize                              = 8388608                                   {product} {ergonomic}
    uintx NonNMethodCodeHeapSize                   = 5839372                                {pd product} {ergonomic}
    uintx NonProfiledCodeHeapSize                  = 122909434                              {pd product} {ergonomic}
    uintx ProfiledCodeHeapSize                     = 122909434                              {pd product} {ergonomic}
    uintx ReservedCodeCacheSize                    = 251658240                              {pd product} {ergonomic}
     bool SegmentedCodeCache                       = true                                      {product} {ergonomic}
   size_t SoftMaxHeapSize                          = 4294967296                             {manageable} {ergonomic}
     bool UseCompressedClassPointers               = true                           {product lp64_product} {ergonomic}
     bool UseCompressedOops                        = true                           {product lp64_product} {ergonomic}
     bool UseG1GC                                  = true                                      {product} {ergonomic}
     bool UseNUMA                                  = false                                     {product} {ergonomic}
     bool UseNUMAInterleaving                      = false                                     {product} {ergonomic}

Logging:
Log output configuration:
 #0: stdout all=warning uptime,level,tags
 #1: stderr all=off uptime,level,tags

Environment Variables:
PATH=/Users/ituki/opt/anaconda3/bin:/Users/ituki/opt/anaconda3/condabin:/Library/Frameworks/Python.framework/Versions/3.7/bin:/Users/ituki/.nodebrew/current/bin:/Users/ituki/.cargo/bin:/Library/Frameworks/Python.framework/Versions/3.9/bin:/usr/local/bin:/System/Cryptexes/App/usr/bin:/usr/bin:/bin:/usr/sbin:/sbin:/usr/local/MacGPG2/bin:/usr/local/share/dotnet:/opt/X11/bin:~/.dotnet/tools:/Library/Apple/usr/bin:/Library/Frameworks/Mono.framework/Versions/Current/Commands
SHELL=/bin/bash
DISPLAY=/private/tmp/com.apple.launchd.CrP4mYnLAq/org.xquartz:0
LANG=ja_JP.UTF-8
TERM=xterm-256color
TMPDIR=/var/folders/fv/s9jfp5cj2xxb3mp3t2tl0ydh0000gn/T/

Signal Handlers:
   SIGSEGV: crash_handler in libjvm.dylib, mask=11100110000111110111111111111111, flags=SA_RESTART|SA_SIGINFO
    SIGBUS: crash_handler in libjvm.dylib, mask=11100110000111110111111111111111, flags=SA_RESTART|SA_SIGINFO
    SIGFPE: crash_handler in libjvm.dylib, mask=11100110000111110111111111111111, flags=SA_RESTART|SA_SIGINFO
   SIGPIPE: javaSignalHandler in libjvm.dylib, mask=11100110000111110111111111111111, flags=SA_RESTART|SA_SIGINFO
   SIGXFSZ: javaSignalHandler in libjvm.dylib, mask=11100110000111110111111111111111, flags=SA_RESTART|SA_SIGINFO
    SIGILL: crash_handler in libjvm.dylib, mask=11100110000111110111111111111111, flags=SA_RESTART|SA_SIGINFO
   SIGUSR2: SR_handler in libjvm.dylib, mask=00000000000000000000000000000000, flags=SA_RESTART|SA_SIGINFO
    SIGHUP: UserHandler in libjvm.dylib, mask=11100110000111110111111111111111, flags=SA_RESTART|SA_SIGINFO
    SIGINT: UserHandler in libjvm.dylib, mask=11100110000111110111111111111111, flags=SA_RESTART|SA_SIGINFO
   SIGTERM: UserHandler in libjvm.dylib, mask=11100110000111110111111111111111, flags=SA_RESTART|SA_SIGINFO
   SIGQUIT: UserHandler in libjvm.dylib, mask=11100110000111110111111111111111, flags=SA_RESTART|SA_SIGINFO
   SIGTRAP: crash_handler in libjvm.dylib, mask=11100110000111110111111111111111, flags=SA_RESTART|SA_SIGINFO


---------------  S Y S T E M  ---------------

OS:
uname: Darwin 22.1.0 Darwin Kernel Version 22.1.0: Sun Oct  9 20:14:54 PDT 2022; root:xnu-8792.41.9~2/RELEASE_X86_64 x86_64
OS uptime: 0 days 4:46 hours
rlimit (soft/hard): STACK 8192k/65532k , CORE 0k/infinity , NPROC 2784/4176 , NOFILE 10240/infinity , AS infinity/infinity , CPU infinity/infinity , DATA infinity/infinity , FSIZE infinity/infinity , MEMLOCK infinity/infinity , RSS infinity/infinity
load average: 2.02 2.06 2.16

CPU: total 8 (initial active 8) (4 cores per cpu, 2 threads per core) family 6 model 142 stepping 10 microcode 0xf0, cx8, cmov, fxsr, ht, mmx, 3dnowpref, sse, sse2, sse3, ssse3, sse4.1, sse4.2, popcnt, lzcnt, tsc, tscinvbit, avx, avx2, aes, erms, clmul, bmi1, bmi2, adx, fma, vzeroupper, clflush, clflushopt

Memory: 4k page, physical 16777216k(646984k free), swap 0k(0k free)

vm_info: OpenJDK 64-Bit Server VM (17.0.6+10) for bsd-amd64 JRE (17.0.6+10), built on Jan 20 2023 19:28:23 by "temurin" with clang 4.2.1 Compatible Apple LLVM 10.0.1 (clang-1001.0.46.4)

END.
