#
# A fatal error has been detected by the Java Runtime Environment:
#
#  SIGSEGV (0xb) at pc=0x00007ff80b1f4e1d, pid=9992, tid=259
#
# JRE version: OpenJDK Runtime Environment Temurin-17.0.6+10 (17.0.6+10) (build 17.0.6+10)
# Java VM: OpenJDK 64-Bit Server VM Temurin-17.0.6+10 (17.0.6+10, mixed mode, sharing, tiered, compressed oops, compressed class ptrs, g1 gc, bsd-amd64)
# Problematic frame:
# C  [libobjc.A.dylib+0x6e1d]  objc_msgSend+0x1d
#
# No core dump will be written. Core dumps have been disabled. To enable core dumping, try "ulimit -c unlimited" before starting Java again
#
# If you would like to submit a bug report, please visit:
#   https://github.com/adoptium/adoptium-support/issues
# The crash happened outside the Java Virtual Machine in native code.
# See problematic frame for where to report the bug.
#

---------------  S U M M A R Y ------------

Command Line: --add-opens=java.desktop/sun.awt=ALL-UNNAMED Sub

Host: "MacBookPro15,2" x86_64 2300 MHz, 8 cores, 16G, Darwin 22.1.0, macOS 10.16 (22A400)
Time: Sun Feb  5 18:16:08 2023 JST elapsed time: 16.452141 seconds (0d 0h 0m 16s)

---------------  T H R E A D  ---------------

Current thread (0x00007fc8b1035400):  JavaThread "AppKit Thread" daemon [_thread_in_native, id=259, stack(0x00007ff7bd8a3000,0x00007ff7be0a3000)]

Stack: [0x00007ff7bd8a3000,0x00007ff7be0a3000],  sp=0x00007ff7be09f358,  free space=8176k
Native frames: (J=compiled Java code, j=interpreted, Vv=VM code, C=native code)
C  [libobjc.A.dylib+0x6e1d]  objc_msgSend+0x1d
C  [AppKit+0x995464]  -[NSWindow(NSWMWindowManagement) window:didUpdateWithChangedProperties:]+0x54
C  [WindowManagement+0x604b]  -[_WMWindow performUpdatesUsingBlock:]+0x6b
C  [AppKit+0x8d32d]  -[NSWindow _oldPlaceWindow:fromServer:]+0x166
C  [AppKit+0x8bae5]  -[NSWindow _setFrameCommon:display:fromServer:]+0x678
C  [AppKit+0x1a49a7]  -[NSWindow _setFrameAfterMove:]+0x342
C  [AppKit+0x9824db]  -[NSWindow _windowMovedToRect:dueToMoveEvent:]+0xbf
C  [AppKit+0x1a4466]  -[NSWindow _windowMoved:]+0x44a
C  [AppKit+0x1a3ff9]  -[NSWindow _internalHandleAppKitDefinedEvent:]+0xef
C  [AppKit+0x1a2f70]  -[NSWindow(NSEventRouting) _reallySendEvent:isDelayedEvent:]+0xee9
C  [AppKit+0x1a1e6b]  -[NSWindow(NSEventRouting) sendEvent:]+0x159
C  [libawt_lwawt.dylib+0xf2f7]  -[AWTWindow_Normal sendEvent:]+0x57
C  [AppKit+0x1a0985]  -[NSApplication(NSEvent) sendEvent:]+0x911
C  [libosxapp.dylib+0x26d3]  -[NSApplicationAWT sendEvent:]+0x1c3
C  [AppKit+0x45f009]  -[NSApplication _handleEvent:]+0x41
C  [AppKit+0x30018]  -[NSApplication run]+0x26f
C  [libosxapp.dylib+0x22c9]  +[NSApplicationAWT runAWTLoopWithApp:]+0xb9
C  [libawt_lwawt.dylib+0x727c8]  +[AWTStarter starter:headless:]+0x208
C  [libosxapp.dylib+0x400f]  +[ThreadUtilities invokeBlockCopy:]+0xf
C  [Foundation+0x7f420]  __NSThreadPerformPerform+0xb1
C  [CoreFoundation+0x7ebc8]  __CFRUNLOOP_IS_CALLING_OUT_TO_A_SOURCE0_PERFORM_FUNCTION__+0x11
C  [CoreFoundation+0x7eb77]  __CFRunLoopDoSource0+0x9d
C  [CoreFoundation+0x7e951]  __CFRunLoopDoSources0+0xd4
C  [CoreFoundation+0x7d5cb]  __CFRunLoopRun+0x3a1
C  [CoreFoundation+0x7cbb0]  CFRunLoopRunSpecific+0x230
C  [libjli.dylib+0x6f42]  CreateExecutionEnvironment+0x192
C  [libjli.dylib+0x2945]  JLI_Launch+0x605
C  [java+0xc0e]  main+0x19e
C  [dyld+0x6310]  start+0x980


siginfo: si_signo: 11 (SIGSEGV), si_code: 1 (SEGV_MAPERR), si_addr: 0x00007ee271af30e8

Register to memory mapping:

RAX=0x00007ff80b1f4e00: objc_msgSend+0 in /usr/lib/libobjc.A.dylib at 0x00007ff80b1ee000
RBX=0x0000600002a5b870 points into unknown readable memory: 0x031dfff84d56c3fd | fd c3 56 4d f8 ff 1d 03
RCX=0x00007fc8b080b150 points into unknown readable memory: 0xa3a3a3a3a3a3a3a3 | a3 a3 a3 a3 a3 a3 a3 a3
RDX=0x00006000025662e0 points into unknown readable memory: 0x011dfffb4d967ced | ed 7c 96 4d fb ff 1d 01
RSP=0x00007ff7be09f358 is pointing into the stack for thread: 0x00007fc8b1035400
RBP=0x00007ff7be09f3b0 is pointing into the stack for thread: 0x00007fc8b1035400
RSI=0x00007ff82b6faf06 points into unknown readable memory: 61 64
RDI=0x00006000003a30d0 points into unknown readable memory: 0x00007ee271af30d0 | d0 30 af 71 e2 7e 00 00
R8 =0x00007fc8b080b038 points into unknown readable memory: 0x0000000000000000 | 00 00 00 00 00 00 00 00
R9 =0x00006000003b06f0 points into unknown readable memory: 0x021dfff84ee9f551 | 51 f5 e9 4e f8 ff 1d 02
R10=0x00007ee271af30d0 is an unknown value
R11=0x00007ff82b6faf06 points into unknown readable memory: 61 64
R12=0x00006000003a30d0 points into unknown readable memory: 0x00007ee271af30d0 | d0 30 af 71 e2 7e 00 00
R13=0x00006000003a30d0 points into unknown readable memory: 0x00007ee271af30d0 | d0 30 af 71 e2 7e 00 00
R14=0x00007ff7be09f3c0 is pointing into the stack for thread: 0x00007fc8b1035400
R15=0x0000600000178080 points into unknown readable memory: 0x013dfff84d3d264d | 4d 26 3d 4d f8 ff 3d 01


Registers:
RAX=0x00007ff80b1f4e00, RBX=0x0000600002a5b870, RCX=0x00007fc8b080b150, RDX=0x00006000025662e0
RSP=0x00007ff7be09f358, RBP=0x00007ff7be09f3b0, RSI=0x00007ff82b6faf06, RDI=0x00006000003a30d0
R8 =0x00007fc8b080b038, R9 =0x00006000003b06f0, R10=0x00007ee271af30d0, R11=0x00007ff82b6faf06
R12=0x00006000003a30d0, R13=0x00006000003a30d0, R14=0x00007ff7be09f3c0, R15=0x0000600000178080
RIP=0x00007ff80b1f4e1d, EFLAGS=0x0000000000010202, ERR=0x0000000000000004
  TRAPNO=0x000000000000000e

Top of Stack: (sp=0x00007ff7be09f358)
0x00007ff7be09f358:   00007ff80f2638ac 00007ffb2143c230
0x00007ff7be09f368:   00007ffb4d962fc0 00007fc8b1912e80
0x00007ff7be09f378:   000019c70815075f 00007ff7be09f3f0
0x00007ff7be09f388:   00007ff7be09f500 0000000000000001
0x00007ff7be09f398:   00007fc8b1912e80 0000000000004000
0x00007ff7be09f3a8:   00007fc8b1932db0 00007ff7be09f3f0
0x00007ff7be09f3b8:   00007ff80f0b3464 00007ff84ee8dde0
0x00007ff7be09f3c8:   00000000c2000000 00007ff80f0b346a
0x00007ff7be09f3d8:   00007ff84b416588 00007fc8b1912e80
0x00007ff7be09f3e8:   0000000000004000 00007ff7be09f430
0x00007ff7be09f3f8:   00007ffb2143d04b 00007ff84b401770
0x00007ff7be09f408:   00007ff7be09f510 0000000000000001
0x00007ff7be09f418:   00007fc8b1932db0 00007fc8b1932e80
0x00007ff7be09f428:   00007ff80b1f4e00 00007ff7be09f500
0x00007ff7be09f438:   00007ff80e7ab32d 0000000000000000
0x00007ff7be09f448:   408b500000000000 3ff0000000000000
0x00007ff7be09f458:   3ff0000000000000 0000600000133a40
0x00007ff7be09f468:   00007ff84ee8dde0 00000000c2000000
0x00007ff7be09f478:   00007ff80f09d239 00007ff84b401770
0x00007ff7be09f488:   00007fc8b1932db0 0000000000000000
0x00007ff7be09f498:   00007ff84b444bc8 0000000000000000
0x00007ff7be09f4a8:   0000000013261e79 000060000256e280
0x00007ff7be09f4b8:   3ff0000000000000 00000000000000c8
0x00007ff7be09f4c8:   0000000000000000 b349cb5400000001
0x00007ff7be09f4d8:   00007ff82b5a697b 0000000000000001
0x00007ff7be09f4e8:   0000000000000000 00007ff7be09f8a0
0x00007ff7be09f4f8:   0000000000000000 00007ff7be09f890
0x00007ff7be09f508:   00007ff80e7a9ae5 0000000000000000
0x00007ff7be09f518:   408b500000000000 3ff0000000000000
0x00007ff7be09f528:   3ff0000000000000 0000000000000000
0x00007ff7be09f538:   408b500000000000 3ff0000000000000
0x00007ff7be09f548:   3ff0000000000000 0000000000000000 

Instructions: (pc=0x00007ff80b1f4e1d)
0x00007ff80b1f4d1d:   2e fa 3f ff 25 ea 15 fa 3f f6 41 1e 01 74 ca 48
0x00007ff80b1f4d2d:   89 f8 c3 48 8b 05 51 64 c9 43 ff e0 90 90 90 90
0x00007ff80b1f4d3d:   90 90 90 31 c0 31 d2 0f 57 c0 0f 57 c9 c3 90 d9
0x00007ff80b1f4d4d:   ee 31 c0 31 d2 0f 57 c0 0f 57 c9 c3 0f 1f 00 d9
0x00007ff80b1f4d5d:   ee d9 ee 31 c0 31 d2 0f 57 c0 0f 57 c9 c3 90 48
0x00007ff80b1f4d6d:   89 f8 c3 49 89 fa 49 89 f3 45 23 5a 18 49 c1 e3
0x00007ff80b1f4d7d:   04 4d 03 5a 10 49 3b 33 75 0e 49 8b 43 08 48 83
0x00007ff80b1f4d8d:   f8 00 74 03 4c 31 d0 c3 49 83 3b 01 76 17 49 83
0x00007ff80b1f4d9d:   c3 10 49 3b 33 75 f1 49 8b 43 08 48 83 f8 00 74
0x00007ff80b1f4dad:   03 4c 31 d0 c3 72 25 4d 8b 5b 08 eb 0a 49 83 3b
0x00007ff80b1f4dbd:   01 76 17 49 83 c3 10 49 3b 33 75 f1 49 8b 43 08
0x00007ff80b1f4dcd:   48 83 f8 00 74 03 4c 31 d0 c3 eb 00 31 c0 c3 66
0x00007ff80b1f4ddd:   66 66 66 66 66 2e 0f 1f 84 00 00 00 00 00 66 66
0x00007ff80b1f4ded:   66 66 66 66 2e 0f 1f 84 00 00 00 00 00 66 0f 1f
0x00007ff80b1f4dfd:   44 00 00 48 85 ff 2e 74 72 40 f6 c7 01 2e 75 76
0x00007ff80b1f4e0d:   49 ba f8 ff ff ff ff 7f 00 00 4c 23 17 49 89 f3
0x00007ff80b1f4e1d:   45 23 5a 18 49 c1 e3 04 4d 03 5a 10 49 3b 33 75
0x00007ff80b1f4e2d:   0a 4d 8b 5b 08 4d 31 d3 41 ff e3 49 83 3b 01 76
0x00007ff80b1f4e3d:   13 49 83 c3 10 49 3b 33 75 f1 4d 8b 5b 08 4d 31
0x00007ff80b1f4e4d:   d3 41 ff e3 72 70 4d 8b 5b 08 eb 0a 49 83 3b 01
0x00007ff80b1f4e5d:   76 13 49 83 c3 10 49 3b 33 75 f1 4d 8b 5b 08 4d
0x00007ff80b1f4e6d:   31 d3 41 ff e3 eb 4f 0f 1f 40 00 31 c0 31 d2 0f
0x00007ff80b1f4e7d:   57 c0 0f 57 c9 c3 41 89 fb 41 83 e3 0f 4c 8d 15
0x00007ff80b1f4e8d:   af 46 c9 43 4f 8b 14 da 4c 8d 1d 7c 45 c9 43 4d
0x00007ff80b1f4e9d:   39 d3 0f 85 75 ff ff ff 41 89 fb 41 c1 eb 04 41
0x00007ff80b1f4ead:   81 e3 ff 00 00 00 4c 8d 15 06 47 c9 43 4f 8b 14
0x00007ff80b1f4ebd:   da e9 57 ff ff ff e9 88 0a 00 00 66 66 66 66 66
0x00007ff80b1f4ecd:   66 2e 0f 1f 84 00 00 00 00 00 66 66 66 66 66 66
0x00007ff80b1f4edd:   2e 0f 1f 84 00 00 00 00 00 66 66 66 66 66 66 2e
0x00007ff80b1f4eed:   0f 1f 84 00 00 00 00 00 66 66 2e 0f 1f 84 00 00
0x00007ff80b1f4efd:   00 00 00 48 85 ff 2e 74 6a 40 f6 c7 01 2e 75 6b
0x00007ff80b1f4f0d:   49 ba f8 ff ff ff ff 7f 00 00 4c 23 17 49 89 f3 


Stack slot to memory mapping:
stack at sp + 0 slots: 0x00007ff80f2638ac: -[NSWMWindowCoordinator performTransactionUsingBlock:]+0x7b in /System/Library/Frameworks/AppKit.framework/Versions/C/AppKit at 0x00007ff80e71e000
stack at sp + 1 slots: 0x00007ffb2143c230: __31-[_WMWindow setFrameEventTime:]_block_invoke+0 in /System/Library/PrivateFrameworks/WindowManagement.framework/Versions/A/WindowManagement at 0x00007ffb21437000
stack at sp + 2 slots: 0x00007ffb4d962fc0: __block_descriptor_48_e8_32s_e19_v16?0"_WMWindow"8l+0 in /System/Library/PrivateFrameworks/WindowManagement.framework/Versions/A/WindowManagement at 0x00007ffb21437000
stack at sp + 3 slots: 0x00007fc8b1912e80 points into unknown readable memory: 0x031dfffb4d967ddd | dd 7d 96 4d fb ff 1d 03
stack at sp + 4 slots: 0x000019c70815075f is an unknown value
stack at sp + 5 slots: 0x00007ff7be09f3f0 is pointing into the stack for thread: 0x00007fc8b1035400
stack at sp + 6 slots: 0x00007ff7be09f500 is pointing into the stack for thread: 0x00007fc8b1035400
stack at sp + 7 slots: 0x0000000000000001 is an unknown value


---------------  P R O C E S S  ---------------

Threads class SMR info:
_java_thread_list=0x00006000001fd400, length=21, elements={
0x00007fc8b080ce00, 0x00007fc8b28bc400, 0x00007fc8b28bec00, 0x00007fc8b082c200,
0x00007fc8b0830000, 0x00007fc8b28c1200, 0x00007fc8b0830600, 0x00007fc8b28bfc00,
0x00007fc8b28c0200, 0x00007fc8b103b000, 0x00007fc8b103b600, 0x00007fc8b1035400,
0x00007fc8b2a0fe00, 0x00007fc8b0aa8200, 0x00007fc8b108e000, 0x00007fc8b084fc00,
0x00007fc8b10f2a00, 0x00007fc8b40a3e00, 0x00007fc8b4042000, 0x00007fc8b10f2200,
0x00007fc8b0998a00
}

Java Threads: ( => current thread )
  0x00007fc8b080ce00 JavaThread "main" [_thread_blocked, id=4611, stack(0x00007000028eb000,0x00007000029eb000)]
  0x00007fc8b28bc400 JavaThread "Reference Handler" daemon [_thread_blocked, id=18947, stack(0x0000700003000000,0x0000700003100000)]
  0x00007fc8b28bec00 JavaThread "Finalizer" daemon [_thread_blocked, id=19715, stack(0x0000700003103000,0x0000700003203000)]
  0x00007fc8b082c200 JavaThread "Signal Dispatcher" daemon [_thread_blocked, id=30979, stack(0x000070000330c000,0x000070000340c000)]
  0x00007fc8b0830000 JavaThread "Service Thread" daemon [_thread_blocked, id=22787, stack(0x000070000340f000,0x000070000350f000)]
  0x00007fc8b28c1200 JavaThread "Monitor Deflation Thread" daemon [_thread_blocked, id=30467, stack(0x0000700003512000,0x0000700003612000)]
  0x00007fc8b0830600 JavaThread "C2 CompilerThread0" daemon [_thread_blocked, id=23555, stack(0x0000700003615000,0x0000700003715000)]
  0x00007fc8b28bfc00 JavaThread "C1 CompilerThread0" daemon [_thread_blocked, id=29955, stack(0x0000700003718000,0x0000700003818000)]
  0x00007fc8b28c0200 JavaThread "Sweeper thread" daemon [_thread_blocked, id=29699, stack(0x000070000381b000,0x000070000391b000)]
  0x00007fc8b103b000 JavaThread "Common-Cleaner" daemon [_thread_blocked, id=29443, stack(0x000070000391e000,0x0000700003a1e000)]
  0x00007fc8b103b600 JavaThread "Notification Thread" daemon [_thread_blocked, id=24579, stack(0x0000700003a21000,0x0000700003b21000)]
=>0x00007fc8b1035400 JavaThread "AppKit Thread" daemon [_thread_in_native, id=259, stack(0x00007ff7bd8a3000,0x00007ff7be0a3000)]
  0x00007fc8b2a0fe00 JavaThread "AWT-Shutdown" [_thread_blocked, id=36611, stack(0x0000700003c27000,0x0000700003d27000)]
  0x00007fc8b0aa8200 JavaThread "Java2D Queue Flusher" daemon [_thread_blocked, id=51987, stack(0x00007000040bf000,0x00007000041bf000)]
  0x00007fc8b108e000 JavaThread "Java2D Disposer" daemon [_thread_blocked, id=69639, stack(0x00007000041c2000,0x00007000042c2000)]
  0x00007fc8b084fc00 JavaThread "AWT-EventQueue-0" [_thread_blocked, id=84023, stack(0x00007000042c5000,0x00007000043c5000)]
  0x00007fc8b10f2a00 JavaThread "J3D-RenderingAttributesStructureUpdateThread" daemon [_thread_blocked, id=87559, stack(0x00007000048d7000,0x00007000049d7000)]
  0x00007fc8b40a3e00 JavaThread "J3D-TimerThread" daemon [_thread_blocked, id=77343, stack(0x00007000049da000,0x0000700004ada000)]
  0x00007fc8b4042000 JavaThread "J3D-NotificationThread" daemon [_thread_blocked, id=77087, stack(0x0000700004add000,0x0000700004bdd000)]
  0x00007fc8b10f2200 JavaThread "J3D-MasterControl-1" daemon [_thread_blocked, id=87811, stack(0x0000700004be0000,0x0000700004ce0000)]
  0x00007fc8b0998a00 JavaThread "J3D-Renderer-1" daemon [_thread_blocked, id=130563, stack(0x0000700004ce3000,0x0000700004de3000)]

Other Threads:
  0x00007fc8b1907d10 VMThread "VM Thread" [stack: 0x0000700002efd000,0x0000700002ffd000] [id=18435]
  0x00007fc8b190be70 WatcherThread [stack: 0x0000700003b24000,0x0000700003c24000] [id=25091]
  0x00007fc8b0707db0 GCTaskThread "GC Thread#0" [stack: 0x00007000029ee000,0x0000700002aee000] [id=12803]
  0x00007fc8b1a51a30 GCTaskThread "GC Thread#1" [stack: 0x00007000043c8000,0x00007000044c8000] [id=75043]
  0x00007fc8b1a51cd0 GCTaskThread "GC Thread#2" [stack: 0x00007000044cb000,0x00007000045cb000] [id=75295]
  0x00007fc8b0723870 GCTaskThread "GC Thread#3" [stack: 0x00007000045ce000,0x00007000046ce000] [id=75779]
  0x00007fc8b19245f0 GCTaskThread "GC Thread#4" [stack: 0x00007000046d1000,0x00007000047d1000] [id=76035]
  0x00007fc8b0723bd0 GCTaskThread "GC Thread#5" [stack: 0x00007000047d4000,0x00007000048d4000] [id=76547]
  0x00007fc8b1904fe0 ConcurrentGCThread "G1 Main Marker" [stack: 0x0000700002af1000,0x0000700002bf1000] [id=14595]
  0x00007fc8b1a04240 ConcurrentGCThread "G1 Conc#0" [stack: 0x0000700002bf4000,0x0000700002cf4000] [id=13571]
  0x00007fc8b1a06920 ConcurrentGCThread "G1 Refine#0" [stack: 0x0000700002cf7000,0x0000700002df7000] [id=16643]
  0x00007fc8b1a071b0 ConcurrentGCThread "G1 Service" [stack: 0x0000700002dfa000,0x0000700002efa000] [id=21507]

Threads with active compile tasks:

VM state: not at safepoint (normal execution)

VM Mutex/Monitor currently owned by a thread: None

Heap address: 0x0000000700000000, size: 4096 MB, Compressed Oops mode: Zero based, Oop shift amount: 3

CDS archive(s) mapped at: [0x0000000800000000-0x0000000800bd4000-0x0000000800bd4000), size 12402688, SharedBaseAddress: 0x0000000800000000, ArchiveRelocationMode: 0.
Compressed class space mapped at: 0x0000000800c00000-0x0000000840c00000, reserved size: 1073741824
Narrow klass base: 0x0000000800000000, Narrow klass shift: 0, Narrow klass range: 0x100000000

GC Precious Log:
 CPUs: 8 total, 8 available
 Memory: 16384M
 Large Page Support: Disabled
 NUMA Support: Disabled
 Compressed Oops: Enabled (Zero based)
 Heap Region Size: 2M
 Heap Min Capacity: 8M
 Heap Initial Capacity: 256M
 Heap Max Capacity: 4G
 Pre-touch: Disabled
 Parallel Workers: 8
 Concurrent Workers: 2
 Concurrent Refinement Workers: 8
 Periodic GC: Disabled

Heap:
 garbage-first heap   total 266240K, used 14590K [0x0000000700000000, 0x0000000800000000)
  region size 2048K, 9 young (18432K), 2 survivors (4096K)
 Metaspace       used 12110K, committed 12288K, reserved 1064960K
  class space    used 994K, committed 1088K, reserved 1048576K

Heap Regions: E=young(eden), S=young(survivor), O=old, HS=humongous(starts), HC=humongous(continues), CS=collection set, F=free, OA=open archive, CA=closed archive, TAMS=top-at-mark-start (previous, next)
|   0|0x0000000700000000, 0x0000000700000000, 0x0000000700200000|  0%| F|  |TAMS 0x0000000700000000, 0x0000000700000000| Untracked 
|   1|0x0000000700200000, 0x0000000700200000, 0x0000000700400000|  0%| F|  |TAMS 0x0000000700200000, 0x0000000700200000| Untracked 
|   2|0x0000000700400000, 0x0000000700400000, 0x0000000700600000|  0%| F|  |TAMS 0x0000000700400000, 0x0000000700400000| Untracked 
|   3|0x0000000700600000, 0x0000000700600000, 0x0000000700800000|  0%| F|  |TAMS 0x0000000700600000, 0x0000000700600000| Untracked 
|   4|0x0000000700800000, 0x0000000700800000, 0x0000000700a00000|  0%| F|  |TAMS 0x0000000700800000, 0x0000000700800000| Untracked 
|   5|0x0000000700a00000, 0x0000000700a00000, 0x0000000700c00000|  0%| F|  |TAMS 0x0000000700a00000, 0x0000000700a00000| Untracked 
|   6|0x0000000700c00000, 0x0000000700c00000, 0x0000000700e00000|  0%| F|  |TAMS 0x0000000700c00000, 0x0000000700c00000| Untracked 
|   7|0x0000000700e00000, 0x0000000700e00000, 0x0000000701000000|  0%| F|  |TAMS 0x0000000700e00000, 0x0000000700e00000| Untracked 
|   8|0x0000000701000000, 0x0000000701000000, 0x0000000701200000|  0%| F|  |TAMS 0x0000000701000000, 0x0000000701000000| Untracked 
|   9|0x0000000701200000, 0x0000000701200000, 0x0000000701400000|  0%| F|  |TAMS 0x0000000701200000, 0x0000000701200000| Untracked 
|  10|0x0000000701400000, 0x0000000701400000, 0x0000000701600000|  0%| F|  |TAMS 0x0000000701400000, 0x0000000701400000| Untracked 
|  11|0x0000000701600000, 0x0000000701600000, 0x0000000701800000|  0%| F|  |TAMS 0x0000000701600000, 0x0000000701600000| Untracked 
|  12|0x0000000701800000, 0x0000000701800000, 0x0000000701a00000|  0%| F|  |TAMS 0x0000000701800000, 0x0000000701800000| Untracked 
|  13|0x0000000701a00000, 0x0000000701a00000, 0x0000000701c00000|  0%| F|  |TAMS 0x0000000701a00000, 0x0000000701a00000| Untracked 
|  14|0x0000000701c00000, 0x0000000701c00000, 0x0000000701e00000|  0%| F|  |TAMS 0x0000000701c00000, 0x0000000701c00000| Untracked 
|  15|0x0000000701e00000, 0x0000000701e00000, 0x0000000702000000|  0%| F|  |TAMS 0x0000000701e00000, 0x0000000701e00000| Untracked 
|  16|0x0000000702000000, 0x0000000702000000, 0x0000000702200000|  0%| F|  |TAMS 0x0000000702000000, 0x0000000702000000| Untracked 
|  17|0x0000000702200000, 0x0000000702200000, 0x0000000702400000|  0%| F|  |TAMS 0x0000000702200000, 0x0000000702200000| Untracked 
|  18|0x0000000702400000, 0x0000000702400000, 0x0000000702600000|  0%| F|  |TAMS 0x0000000702400000, 0x0000000702400000| Untracked 
|  19|0x0000000702600000, 0x0000000702600000, 0x0000000702800000|  0%| F|  |TAMS 0x0000000702600000, 0x0000000702600000| Untracked 
|  20|0x0000000702800000, 0x0000000702800000, 0x0000000702a00000|  0%| F|  |TAMS 0x0000000702800000, 0x0000000702800000| Untracked 
|  21|0x0000000702a00000, 0x0000000702a00000, 0x0000000702c00000|  0%| F|  |TAMS 0x0000000702a00000, 0x0000000702a00000| Untracked 
|  22|0x0000000702c00000, 0x0000000702c00000, 0x0000000702e00000|  0%| F|  |TAMS 0x0000000702c00000, 0x0000000702c00000| Untracked 
|  23|0x0000000702e00000, 0x0000000702e00000, 0x0000000703000000|  0%| F|  |TAMS 0x0000000702e00000, 0x0000000702e00000| Untracked 
|  24|0x0000000703000000, 0x0000000703000000, 0x0000000703200000|  0%| F|  |TAMS 0x0000000703000000, 0x0000000703000000| Untracked 
|  25|0x0000000703200000, 0x0000000703200000, 0x0000000703400000|  0%| F|  |TAMS 0x0000000703200000, 0x0000000703200000| Untracked 
|  26|0x0000000703400000, 0x0000000703400000, 0x0000000703600000|  0%| F|  |TAMS 0x0000000703400000, 0x0000000703400000| Untracked 
|  27|0x0000000703600000, 0x0000000703600000, 0x0000000703800000|  0%| F|  |TAMS 0x0000000703600000, 0x0000000703600000| Untracked 
|  28|0x0000000703800000, 0x0000000703800000, 0x0000000703a00000|  0%| F|  |TAMS 0x0000000703800000, 0x0000000703800000| Untracked 
|  29|0x0000000703a00000, 0x0000000703a00000, 0x0000000703c00000|  0%| F|  |TAMS 0x0000000703a00000, 0x0000000703a00000| Untracked 
|  30|0x0000000703c00000, 0x0000000703c00000, 0x0000000703e00000|  0%| F|  |TAMS 0x0000000703c00000, 0x0000000703c00000| Untracked 
|  31|0x0000000703e00000, 0x0000000703e00000, 0x0000000704000000|  0%| F|  |TAMS 0x0000000703e00000, 0x0000000703e00000| Untracked 
|  32|0x0000000704000000, 0x0000000704000000, 0x0000000704200000|  0%| F|  |TAMS 0x0000000704000000, 0x0000000704000000| Untracked 
|  33|0x0000000704200000, 0x0000000704200000, 0x0000000704400000|  0%| F|  |TAMS 0x0000000704200000, 0x0000000704200000| Untracked 
|  34|0x0000000704400000, 0x0000000704400000, 0x0000000704600000|  0%| F|  |TAMS 0x0000000704400000, 0x0000000704400000| Untracked 
|  35|0x0000000704600000, 0x0000000704600000, 0x0000000704800000|  0%| F|  |TAMS 0x0000000704600000, 0x0000000704600000| Untracked 
|  36|0x0000000704800000, 0x0000000704800000, 0x0000000704a00000|  0%| F|  |TAMS 0x0000000704800000, 0x0000000704800000| Untracked 
|  37|0x0000000704a00000, 0x0000000704a00000, 0x0000000704c00000|  0%| F|  |TAMS 0x0000000704a00000, 0x0000000704a00000| Untracked 
|  38|0x0000000704c00000, 0x0000000704c00000, 0x0000000704e00000|  0%| F|  |TAMS 0x0000000704c00000, 0x0000000704c00000| Untracked 
|  39|0x0000000704e00000, 0x0000000704e00000, 0x0000000705000000|  0%| F|  |TAMS 0x0000000704e00000, 0x0000000704e00000| Untracked 
|  40|0x0000000705000000, 0x0000000705000000, 0x0000000705200000|  0%| F|  |TAMS 0x0000000705000000, 0x0000000705000000| Untracked 
|  41|0x0000000705200000, 0x0000000705200000, 0x0000000705400000|  0%| F|  |TAMS 0x0000000705200000, 0x0000000705200000| Untracked 
|  42|0x0000000705400000, 0x0000000705400000, 0x0000000705600000|  0%| F|  |TAMS 0x0000000705400000, 0x0000000705400000| Untracked 
|  43|0x0000000705600000, 0x0000000705600000, 0x0000000705800000|  0%| F|  |TAMS 0x0000000705600000, 0x0000000705600000| Untracked 
|  44|0x0000000705800000, 0x0000000705800000, 0x0000000705a00000|  0%| F|  |TAMS 0x0000000705800000, 0x0000000705800000| Untracked 
|  45|0x0000000705a00000, 0x0000000705a00000, 0x0000000705c00000|  0%| F|  |TAMS 0x0000000705a00000, 0x0000000705a00000| Untracked 
|  46|0x0000000705c00000, 0x0000000705c00000, 0x0000000705e00000|  0%| F|  |TAMS 0x0000000705c00000, 0x0000000705c00000| Untracked 
|  47|0x0000000705e00000, 0x0000000705e00000, 0x0000000706000000|  0%| F|  |TAMS 0x0000000705e00000, 0x0000000705e00000| Untracked 
|  48|0x0000000706000000, 0x0000000706000000, 0x0000000706200000|  0%| F|  |TAMS 0x0000000706000000, 0x0000000706000000| Untracked 
|  49|0x0000000706200000, 0x0000000706200000, 0x0000000706400000|  0%| F|  |TAMS 0x0000000706200000, 0x0000000706200000| Untracked 
|  50|0x0000000706400000, 0x0000000706400000, 0x0000000706600000|  0%| F|  |TAMS 0x0000000706400000, 0x0000000706400000| Untracked 
|  51|0x0000000706600000, 0x0000000706600000, 0x0000000706800000|  0%| F|  |TAMS 0x0000000706600000, 0x0000000706600000| Untracked 
|  52|0x0000000706800000, 0x0000000706800000, 0x0000000706a00000|  0%| F|  |TAMS 0x0000000706800000, 0x0000000706800000| Untracked 
|  53|0x0000000706a00000, 0x0000000706a00000, 0x0000000706c00000|  0%| F|  |TAMS 0x0000000706a00000, 0x0000000706a00000| Untracked 
|  54|0x0000000706c00000, 0x0000000706c00000, 0x0000000706e00000|  0%| F|  |TAMS 0x0000000706c00000, 0x0000000706c00000| Untracked 
|  55|0x0000000706e00000, 0x0000000706e00000, 0x0000000707000000|  0%| F|  |TAMS 0x0000000706e00000, 0x0000000706e00000| Untracked 
|  56|0x0000000707000000, 0x0000000707000000, 0x0000000707200000|  0%| F|  |TAMS 0x0000000707000000, 0x0000000707000000| Untracked 
|  57|0x0000000707200000, 0x0000000707200000, 0x0000000707400000|  0%| F|  |TAMS 0x0000000707200000, 0x0000000707200000| Untracked 
|  58|0x0000000707400000, 0x0000000707400000, 0x0000000707600000|  0%| F|  |TAMS 0x0000000707400000, 0x0000000707400000| Untracked 
|  59|0x0000000707600000, 0x0000000707600000, 0x0000000707800000|  0%| F|  |TAMS 0x0000000707600000, 0x0000000707600000| Untracked 
|  60|0x0000000707800000, 0x0000000707800000, 0x0000000707a00000|  0%| F|  |TAMS 0x0000000707800000, 0x0000000707800000| Untracked 
|  61|0x0000000707a00000, 0x0000000707a00000, 0x0000000707c00000|  0%| F|  |TAMS 0x0000000707a00000, 0x0000000707a00000| Untracked 
|  62|0x0000000707c00000, 0x0000000707c00000, 0x0000000707e00000|  0%| F|  |TAMS 0x0000000707c00000, 0x0000000707c00000| Untracked 
|  63|0x0000000707e00000, 0x0000000707e00000, 0x0000000708000000|  0%| F|  |TAMS 0x0000000707e00000, 0x0000000707e00000| Untracked 
|  64|0x0000000708000000, 0x0000000708000000, 0x0000000708200000|  0%| F|  |TAMS 0x0000000708000000, 0x0000000708000000| Untracked 
|  65|0x0000000708200000, 0x0000000708200000, 0x0000000708400000|  0%| F|  |TAMS 0x0000000708200000, 0x0000000708200000| Untracked 
|  66|0x0000000708400000, 0x0000000708400000, 0x0000000708600000|  0%| F|  |TAMS 0x0000000708400000, 0x0000000708400000| Untracked 
|  67|0x0000000708600000, 0x0000000708600000, 0x0000000708800000|  0%| F|  |TAMS 0x0000000708600000, 0x0000000708600000| Untracked 
|  68|0x0000000708800000, 0x0000000708800000, 0x0000000708a00000|  0%| F|  |TAMS 0x0000000708800000, 0x0000000708800000| Untracked 
|  69|0x0000000708a00000, 0x0000000708a00000, 0x0000000708c00000|  0%| F|  |TAMS 0x0000000708a00000, 0x0000000708a00000| Untracked 
|  70|0x0000000708c00000, 0x0000000708c00000, 0x0000000708e00000|  0%| F|  |TAMS 0x0000000708c00000, 0x0000000708c00000| Untracked 
|  71|0x0000000708e00000, 0x0000000708e00000, 0x0000000709000000|  0%| F|  |TAMS 0x0000000708e00000, 0x0000000708e00000| Untracked 
|  72|0x0000000709000000, 0x0000000709000000, 0x0000000709200000|  0%| F|  |TAMS 0x0000000709000000, 0x0000000709000000| Untracked 
|  73|0x0000000709200000, 0x0000000709200000, 0x0000000709400000|  0%| F|  |TAMS 0x0000000709200000, 0x0000000709200000| Untracked 
|  74|0x0000000709400000, 0x0000000709400000, 0x0000000709600000|  0%| F|  |TAMS 0x0000000709400000, 0x0000000709400000| Untracked 
|  75|0x0000000709600000, 0x0000000709600000, 0x0000000709800000|  0%| F|  |TAMS 0x0000000709600000, 0x0000000709600000| Untracked 
|  76|0x0000000709800000, 0x0000000709800000, 0x0000000709a00000|  0%| F|  |TAMS 0x0000000709800000, 0x0000000709800000| Untracked 
|  77|0x0000000709a00000, 0x0000000709a00000, 0x0000000709c00000|  0%| F|  |TAMS 0x0000000709a00000, 0x0000000709a00000| Untracked 
|  78|0x0000000709c00000, 0x0000000709c00000, 0x0000000709e00000|  0%| F|  |TAMS 0x0000000709c00000, 0x0000000709c00000| Untracked 
|  79|0x0000000709e00000, 0x0000000709e00000, 0x000000070a000000|  0%| F|  |TAMS 0x0000000709e00000, 0x0000000709e00000| Untracked 
|  80|0x000000070a000000, 0x000000070a000000, 0x000000070a200000|  0%| F|  |TAMS 0x000000070a000000, 0x000000070a000000| Untracked 
|  81|0x000000070a200000, 0x000000070a200000, 0x000000070a400000|  0%| F|  |TAMS 0x000000070a200000, 0x000000070a200000| Untracked 
|  82|0x000000070a400000, 0x000000070a400000, 0x000000070a600000|  0%| F|  |TAMS 0x000000070a400000, 0x000000070a400000| Untracked 
|  83|0x000000070a600000, 0x000000070a600000, 0x000000070a800000|  0%| F|  |TAMS 0x000000070a600000, 0x000000070a600000| Untracked 
|  84|0x000000070a800000, 0x000000070a800000, 0x000000070aa00000|  0%| F|  |TAMS 0x000000070a800000, 0x000000070a800000| Untracked 
|  85|0x000000070aa00000, 0x000000070aa00000, 0x000000070ac00000|  0%| F|  |TAMS 0x000000070aa00000, 0x000000070aa00000| Untracked 
|  86|0x000000070ac00000, 0x000000070ac00000, 0x000000070ae00000|  0%| F|  |TAMS 0x000000070ac00000, 0x000000070ac00000| Untracked 
|  87|0x000000070ae00000, 0x000000070ae00000, 0x000000070b000000|  0%| F|  |TAMS 0x000000070ae00000, 0x000000070ae00000| Untracked 
|  88|0x000000070b000000, 0x000000070b000000, 0x000000070b200000|  0%| F|  |TAMS 0x000000070b000000, 0x000000070b000000| Untracked 
|  89|0x000000070b200000, 0x000000070b200000, 0x000000070b400000|  0%| F|  |TAMS 0x000000070b200000, 0x000000070b200000| Untracked 
|  90|0x000000070b400000, 0x000000070b400000, 0x000000070b600000|  0%| F|  |TAMS 0x000000070b400000, 0x000000070b400000| Untracked 
|  91|0x000000070b600000, 0x000000070b600000, 0x000000070b800000|  0%| F|  |TAMS 0x000000070b600000, 0x000000070b600000| Untracked 
|  92|0x000000070b800000, 0x000000070b800000, 0x000000070ba00000|  0%| F|  |TAMS 0x000000070b800000, 0x000000070b800000| Untracked 
|  93|0x000000070ba00000, 0x000000070ba00000, 0x000000070bc00000|  0%| F|  |TAMS 0x000000070ba00000, 0x000000070ba00000| Untracked 
|  94|0x000000070bc00000, 0x000000070bc00000, 0x000000070be00000|  0%| F|  |TAMS 0x000000070bc00000, 0x000000070bc00000| Untracked 
|  95|0x000000070be00000, 0x000000070be00000, 0x000000070c000000|  0%| F|  |TAMS 0x000000070be00000, 0x000000070be00000| Untracked 
|  96|0x000000070c000000, 0x000000070c000000, 0x000000070c200000|  0%| F|  |TAMS 0x000000070c000000, 0x000000070c000000| Untracked 
|  97|0x000000070c200000, 0x000000070c200000, 0x000000070c400000|  0%| F|  |TAMS 0x000000070c200000, 0x000000070c200000| Untracked 
|  98|0x000000070c400000, 0x000000070c400000, 0x000000070c600000|  0%| F|  |TAMS 0x000000070c400000, 0x000000070c400000| Untracked 
|  99|0x000000070c600000, 0x000000070c600000, 0x000000070c800000|  0%| F|  |TAMS 0x000000070c600000, 0x000000070c600000| Untracked 
| 100|0x000000070c800000, 0x000000070c800000, 0x000000070ca00000|  0%| F|  |TAMS 0x000000070c800000, 0x000000070c800000| Untracked 
| 101|0x000000070ca00000, 0x000000070ca00000, 0x000000070cc00000|  0%| F|  |TAMS 0x000000070ca00000, 0x000000070ca00000| Untracked 
| 102|0x000000070cc00000, 0x000000070cc00000, 0x000000070ce00000|  0%| F|  |TAMS 0x000000070cc00000, 0x000000070cc00000| Untracked 
| 103|0x000000070ce00000, 0x000000070ce00000, 0x000000070d000000|  0%| F|  |TAMS 0x000000070ce00000, 0x000000070ce00000| Untracked 
| 104|0x000000070d000000, 0x000000070d000000, 0x000000070d200000|  0%| F|  |TAMS 0x000000070d000000, 0x000000070d000000| Untracked 
| 105|0x000000070d200000, 0x000000070d200000, 0x000000070d400000|  0%| F|  |TAMS 0x000000070d200000, 0x000000070d200000| Untracked 
| 106|0x000000070d400000, 0x000000070d400000, 0x000000070d600000|  0%| F|  |TAMS 0x000000070d400000, 0x000000070d400000| Untracked 
| 107|0x000000070d600000, 0x000000070d600000, 0x000000070d800000|  0%| F|  |TAMS 0x000000070d600000, 0x000000070d600000| Untracked 
| 108|0x000000070d800000, 0x000000070d800000, 0x000000070da00000|  0%| F|  |TAMS 0x000000070d800000, 0x000000070d800000| Untracked 
| 109|0x000000070da00000, 0x000000070da00000, 0x000000070dc00000|  0%| F|  |TAMS 0x000000070da00000, 0x000000070da00000| Untracked 
| 110|0x000000070dc00000, 0x000000070dc00000, 0x000000070de00000|  0%| F|  |TAMS 0x000000070dc00000, 0x000000070dc00000| Untracked 
| 111|0x000000070de00000, 0x000000070de00000, 0x000000070e000000|  0%| F|  |TAMS 0x000000070de00000, 0x000000070de00000| Untracked 
| 112|0x000000070e000000, 0x000000070e000000, 0x000000070e200000|  0%| F|  |TAMS 0x000000070e000000, 0x000000070e000000| Untracked 
| 113|0x000000070e200000, 0x000000070e200000, 0x000000070e400000|  0%| F|  |TAMS 0x000000070e200000, 0x000000070e200000| Untracked 
| 114|0x000000070e400000, 0x000000070e400000, 0x000000070e600000|  0%| F|  |TAMS 0x000000070e400000, 0x000000070e400000| Untracked 
| 115|0x000000070e600000, 0x000000070e64aa98, 0x000000070e800000| 14%| S|CS|TAMS 0x000000070e600000, 0x000000070e600000| Complete 
| 116|0x000000070e800000, 0x000000070ea00000, 0x000000070ea00000|100%| S|CS|TAMS 0x000000070e800000, 0x000000070e800000| Complete 
| 117|0x000000070ea00000, 0x000000070ea00000, 0x000000070ec00000|  0%| F|  |TAMS 0x000000070ea00000, 0x000000070ea00000| Untracked 
| 118|0x000000070ec00000, 0x000000070ec00000, 0x000000070ee00000|  0%| F|  |TAMS 0x000000070ec00000, 0x000000070ec00000| Untracked 
| 119|0x000000070ee00000, 0x000000070ee00000, 0x000000070f000000|  0%| F|  |TAMS 0x000000070ee00000, 0x000000070ee00000| Untracked 
| 120|0x000000070f000000, 0x000000070f000000, 0x000000070f200000|  0%| F|  |TAMS 0x000000070f000000, 0x000000070f000000| Untracked 
| 121|0x000000070f200000, 0x000000070f299d30, 0x000000070f400000| 30%| E|  |TAMS 0x000000070f200000, 0x000000070f200000| Complete 
| 122|0x000000070f400000, 0x000000070f600000, 0x000000070f600000|100%| E|  |TAMS 0x000000070f400000, 0x000000070f400000| Complete 
| 123|0x000000070f600000, 0x000000070f800000, 0x000000070f800000|100%| E|CS|TAMS 0x000000070f600000, 0x000000070f600000| Complete 
| 124|0x000000070f800000, 0x000000070fa00000, 0x000000070fa00000|100%| E|CS|TAMS 0x000000070f800000, 0x000000070f800000| Complete 
| 125|0x000000070fa00000, 0x000000070fc00000, 0x000000070fc00000|100%| E|CS|TAMS 0x000000070fa00000, 0x000000070fa00000| Complete 
| 126|0x000000070fc00000, 0x000000070fe00000, 0x000000070fe00000|100%| E|CS|TAMS 0x000000070fc00000, 0x000000070fc00000| Complete 
| 127|0x000000070fe00000, 0x0000000710000000, 0x0000000710000000|100%| E|CS|TAMS 0x000000070fe00000, 0x000000070fe00000| Complete 
|2046|0x00000007ffc00000, 0x00000007ffd76000, 0x00000007ffe00000| 73%|OA|  |TAMS 0x00000007ffc00000, 0x00000007ffc00000| Untracked 
|2047|0x00000007ffe00000, 0x00000007ffe7f000, 0x0000000800000000| 24%|CA|  |TAMS 0x00000007ffe00000, 0x00000007ffe00000| Untracked 

Card table byte_map: [0x000000011abeb000,0x000000011b3eb000] _byte_map_base: 0x00000001173eb000

Marking Bits (Prev, Next): (CMBitMap*) 0x00007fc8b100f010, (CMBitMap*) 0x00007fc8b100f050
 Prev Bits: [0x000000011bbeb000, 0x000000011fbeb000)
 Next Bits: [0x000000011fbeb000, 0x0000000123beb000)

Polling page: 0x0000000101ea5000

Metaspace:

Usage:
  Non-class:     10.86 MB used.
      Class:    994.81 KB used.
       Both:     11.83 MB used.

Virtual space:
  Non-class space:       16.00 MB reserved,      10.94 MB ( 68%) committed,  2 nodes.
      Class space:        1.00 GB reserved,       1.06 MB ( <1%) committed,  1 nodes.
             Both:        1.02 GB reserved,      12.00 MB (  1%) committed. 

Chunk freelists:
   Non-Class:  960.00 KB
       Class:  2.95 MB
        Both:  3.89 MB

MaxMetaspaceSize: unlimited
CompressedClassSpaceSize: 1.00 GB
Initial GC threshold: 21.00 MB
Current GC threshold: 21.00 MB
CDS: on
MetaspaceReclaimPolicy: balanced
 - commit_granule_bytes: 65536.
 - commit_granule_words: 8192.
 - virtual_space_node_default_size: 1048576.
 - enlarge_chunks_in_place: 1.
 - new_chunks_are_fully_committed: 0.
 - uncommit_free_chunks: 1.
 - use_allocation_guard: 0.
 - handle_deallocations: 1.


Internal statistics:

num_allocs_failed_limit: 0.
num_arena_births: 116.
num_arena_deaths: 0.
num_vsnodes_births: 3.
num_vsnodes_deaths: 0.
num_space_committed: 188.
num_space_uncommitted: 0.
num_chunks_returned_to_freelist: 0.
num_chunks_taken_from_freelist: 326.
num_chunk_merges: 0.
num_chunk_splits: 254.
num_chunks_enlarged: 209.
num_purges: 0.
num_inconsistent_stats: 0.

CodeHeap 'non-profiled nmethods': size=120028Kb used=390Kb max_used=390Kb free=119637Kb
 bounds [0x00000001136b4000, 0x0000000113924000, 0x000000011abeb000]
CodeHeap 'profiled nmethods': size=120028Kb used=1779Kb max_used=1779Kb free=118248Kb
 bounds [0x000000010bbeb000, 0x000000010be5b000, 0x0000000113122000]
CodeHeap 'non-nmethods': size=5704Kb used=1523Kb max_used=1537Kb free=4180Kb
 bounds [0x0000000113122000, 0x0000000113392000, 0x00000001136b4000]
 total_blobs=1937 nmethods=1010 adapters=841
 compilation: enabled
              stopped_count=0, restarted_count=0
 full_count=0

Compilation events (20 events):
Event: 16.415 Thread 0x00007fc8b0830600 nmethod 1000 0x0000000113714d10 code [0x0000000113714ea0, 0x0000000113714f78]
Event: 16.415 Thread 0x00007fc8b28bfc00 nmethod 1001 0x000000010bda3c90 code [0x000000010bda3f80, 0x000000010bda50e0]
Event: 16.436 Thread 0x00007fc8b28bfc00 1002       3       java.util.concurrent.ConcurrentHashMap::isEmpty (15 bytes)
Event: 16.436 Thread 0x00007fc8b28bfc00 nmethod 1002 0x000000010bda5890 code [0x000000010bda5a40, 0x000000010bda5be0]
Event: 16.439 Thread 0x00007fc8b28bfc00 1003       3       java.lang.String::equals (56 bytes)
Event: 16.440 Thread 0x00007fc8b28bfc00 nmethod 1003 0x000000010bda5c90 code [0x000000010bda5e60, 0x000000010bda62e0]
Event: 16.440 Thread 0x00007fc8b28bfc00 1004       1       java.awt.AWTEvent::getID (5 bytes)
Event: 16.440 Thread 0x00007fc8b28bfc00 nmethod 1004 0x0000000113715090 code [0x0000000113715220, 0x00000001137152f0]
Event: 16.440 Thread 0x00007fc8b28bfc00 1005       1       java.util.logging.Level::intValue (5 bytes)
Event: 16.440 Thread 0x00007fc8b28bfc00 nmethod 1005 0x0000000113715390 code [0x0000000113715520, 0x00000001137155f0]
Event: 16.445 Thread 0x00007fc8b28bfc00 1006       3       java.util.concurrent.locks.AbstractQueuedSynchronizer::compareAndSetState (13 bytes)
Event: 16.445 Thread 0x00007fc8b28bfc00 nmethod 1006 0x000000010bda6410 code [0x000000010bda65a0, 0x000000010bda66d0]
Event: 16.445 Thread 0x00007fc8b28bfc00 1007       1       java.util.EventObject::getSource (5 bytes)
Event: 16.445 Thread 0x00007fc8b28bfc00 nmethod 1007 0x0000000113715690 code [0x0000000113715820, 0x00000001137158f0]
Event: 16.446 Thread 0x00007fc8b28bfc00 1008       3       java.util.IdentityHashMap::isEmpty (13 bytes)
Event: 16.446 Thread 0x00007fc8b28bfc00 nmethod 1008 0x000000010bda6790 code [0x000000010bda6920, 0x000000010bda6a90]
Event: 16.447 Thread 0x00007fc8b28bfc00 1009       3       java.lang.ClassLoader::findNative (21 bytes)
Event: 16.447 Thread 0x00007fc8b28bfc00 nmethod 1009 0x000000010bda6b10 code [0x000000010bda6ce0, 0x000000010bda6ef0]
Event: 16.447 Thread 0x00007fc8b28bfc00 1010       3       jdk.internal.loader.NativeLibraries::find (72 bytes)
Event: 16.447 Thread 0x00007fc8b28bfc00 nmethod 1010 0x000000010bda7010 code [0x000000010bda7240, 0x000000010bda7ab0]

GC Heap History (2 events):
Event: 15.383 GC heap before
{Heap before GC invocations=0 (full 0):
 garbage-first heap   total 266240K, used 22484K [0x0000000700000000, 0x0000000800000000)
  region size 2048K, 11 young (22528K), 0 survivors (0K)
 Metaspace       used 6939K, committed 7040K, reserved 1056768K
  class space    used 645K, committed 704K, reserved 1048576K
}
Event: 15.386 GC heap after
{Heap after GC invocations=1 (full 0):
 garbage-first heap   total 266240K, used 4350K [0x0000000700000000, 0x0000000800000000)
  region size 2048K, 2 young (4096K), 2 survivors (4096K)
 Metaspace       used 6939K, committed 7040K, reserved 1056768K
  class space    used 645K, committed 704K, reserved 1048576K
}

Dll operation events (13 events):
Event: 0.005 Loaded shared library /Library/Java/JavaVirtualMachines/temurin-17.jdk/Contents/Home/lib/libjava.dylib
Event: 0.046 Loaded shared library /Library/Java/JavaVirtualMachines/temurin-17.jdk/Contents/Home/lib/libnio.dylib
Event: 0.050 Loaded shared library /Library/Java/JavaVirtualMachines/temurin-17.jdk/Contents/Home/lib/libzip.dylib
Event: 0.074 Loaded shared library /Library/Java/JavaVirtualMachines/temurin-17.jdk/Contents/Home/lib/libjimage.dylib
Event: 4.371 Loaded shared library /Library/Java/JavaVirtualMachines/temurin-17.jdk/Contents/Home/lib/libnet.dylib
Event: 13.592 Loaded shared library /Library/Java/JavaVirtualMachines/temurin-17.jdk/Contents/Home/lib/libawt.dylib
Event: 13.595 Loaded shared library /Library/Java/JavaVirtualMachines/temurin-17.jdk/Contents/Home/lib/libawt_lwawt.dylib
Event: 13.619 Loaded shared library /Library/Java/JavaVirtualMachines/temurin-17.jdk/Contents/Home/lib/libfontmanager.dylib
Event: 15.205 Loaded shared library /private/var/folders/fv/s9jfp5cj2xxb3mp3t2tl0ydh0000gn/T/jogamp_0000/file_cache/jln16815213101409428788/jln17267911698664358107/natives/macosx-universal/libgluegen_rt.dylib
Event: 15.307 Loaded shared library /private/var/folders/fv/s9jfp5cj2xxb3mp3t2tl0ydh0000gn/T/jogamp_0000/file_cache/jln16815213101409428788/jln17267911698664358107/natives/macosx-universal/libnativewindow_awt.dylib
Event: 15.378 Loaded shared library /private/var/folders/fv/s9jfp5cj2xxb3mp3t2tl0ydh0000gn/T/jogamp_0000/file_cache/jln16815213101409428788/jln17267911698664358107/natives/macosx-universal/libnativewindow_macosx.dylib
Event: 15.667 Loaded shared library /private/var/folders/fv/s9jfp5cj2xxb3mp3t2tl0ydh0000gn/T/jogamp_0000/file_cache/jln16815213101409428788/jln17267911698664358107/natives/macosx-universal/libjogl_desktop.dylib
Event: 15.831 Loaded shared library /private/var/folders/fv/s9jfp5cj2xxb3mp3t2tl0ydh0000gn/T/jogamp_0000/file_cache/jln16815213101409428788/jln17267911698664358107/natives/macosx-universal/libjogl_mobile.dylib

Deoptimization events (20 events):
Event: 15.225 Thread 0x00007fc8b080ce00 Uncommon trap: trap_request=0xffffff45 fr.pc=0x00000001136f5058 relative=0x00000000000001b8
Event: 15.225 Thread 0x00007fc8b080ce00 Uncommon trap: reason=unstable_if action=reinterpret pc=0x00000001136f5058 method=java.lang.StringLatin1.lastIndexOf([BI[BII)I @ 111 c2
Event: 15.225 Thread 0x00007fc8b080ce00 DEOPT PACKING pc=0x00000001136f5058 sp=0x00007000029e9a30
Event: 15.225 Thread 0x00007fc8b080ce00 DEOPT UNPACKING pc=0x0000000113178699 sp=0x00007000029e99b8 mode 2
Event: 15.862 Thread 0x00007fc8b080ce00 Uncommon trap: trap_request=0xffffff45 fr.pc=0x00000001136f2230 relative=0x0000000000000190
Event: 15.862 Thread 0x00007fc8b080ce00 Uncommon trap: reason=unstable_if action=reinterpret pc=0x00000001136f2230 method=java.util.regex.Pattern.lambda$Single$7(II)Z @ 2 c2
Event: 15.862 Thread 0x00007fc8b080ce00 DEOPT PACKING pc=0x00000001136f2230 sp=0x00007000029e8b40
Event: 15.862 Thread 0x00007fc8b080ce00 DEOPT UNPACKING pc=0x0000000113178699 sp=0x00007000029e8a48 mode 2
Event: 15.862 Thread 0x00007fc8b080ce00 Uncommon trap: trap_request=0xffffff45 fr.pc=0x00000001136f1dfc relative=0x000000000000005c
Event: 15.862 Thread 0x00007fc8b080ce00 Uncommon trap: reason=unstable_if action=reinterpret pc=0x00000001136f1dfc method=java.util.regex.Pattern.lambda$Single$7(II)Z @ 2 c2
Event: 15.862 Thread 0x00007fc8b080ce00 DEOPT PACKING pc=0x00000001136f1dfc sp=0x00007000029e8b00
Event: 15.862 Thread 0x00007fc8b080ce00 DEOPT UNPACKING pc=0x0000000113178699 sp=0x00007000029e8a50 mode 2
Event: 15.862 Thread 0x00007fc8b080ce00 Uncommon trap: trap_request=0xffffff45 fr.pc=0x00000001136d68ac relative=0x000000000000008c
Event: 15.862 Thread 0x00007fc8b080ce00 Uncommon trap: reason=unstable_if action=reinterpret pc=0x00000001136d68ac method=java.lang.StringLatin1.trim([B)Ljava/lang/String; @ 19 c2
Event: 15.862 Thread 0x00007fc8b080ce00 DEOPT PACKING pc=0x00000001136d68ac sp=0x00007000029e91a0
Event: 15.862 Thread 0x00007fc8b080ce00 DEOPT UNPACKING pc=0x0000000113178699 sp=0x00007000029e9150 mode 2
Event: 16.413 Thread 0x00007fc8b084fc00 Uncommon trap: trap_request=0xffffff45 fr.pc=0x00000001136cc7c0 relative=0x00000000000001a0
Event: 16.413 Thread 0x00007fc8b084fc00 Uncommon trap: reason=unstable_if action=reinterpret pc=0x00000001136cc7c0 method=java.lang.String.equals(Ljava/lang/Object;)Z @ 33 c2
Event: 16.413 Thread 0x00007fc8b084fc00 DEOPT PACKING pc=0x00000001136cc7c0 sp=0x00007000043c3800
Event: 16.413 Thread 0x00007fc8b084fc00 DEOPT UNPACKING pc=0x0000000113178699 sp=0x00007000043c37c0 mode 2

Classes unloaded (0 events):
No events

Classes redefined (0 events):
No events

Internal exceptions (20 events):
Event: 13.989 Thread 0x00007fc8b080ce00 Exception <a 'java/lang/UnsatisfiedLinkError'{0x000000070ed04690}: 'boolean com.jogamp.common.util.JarUtil.fixNativeLibAttribs(java.lang.String)'> (0x000000070ed04690) 
thrown [src/hotspot/share/prims/nativeLookup.cpp, line 543]
Event: 13.990 Thread 0x00007fc8b080ce00 Exception <a 'java/lang/UnsatisfiedLinkError'{0x000000070ed0c758}: 'boolean com.jogamp.common.util.JarUtil.fixNativeLibAttribs(java.lang.String)'> (0x000000070ed0c758) 
thrown [src/hotspot/share/prims/nativeLookup.cpp, line 543]
Event: 13.991 Thread 0x00007fc8b080ce00 Exception <a 'java/lang/UnsatisfiedLinkError'{0x000000070ed14840}: 'boolean com.jogamp.common.util.JarUtil.fixNativeLibAttribs(java.lang.String)'> (0x000000070ed14840) 
thrown [src/hotspot/share/prims/nativeLookup.cpp, line 543]
Event: 13.992 Thread 0x00007fc8b080ce00 Exception <a 'java/lang/UnsatisfiedLinkError'{0x000000070ed1e2f8}: 'boolean com.jogamp.common.util.JarUtil.fixNativeLibAttribs(java.lang.String)'> (0x000000070ed1e2f8) 
thrown [src/hotspot/share/prims/nativeLookup.cpp, line 543]
Event: 13.993 Thread 0x00007fc8b080ce00 Exception <a 'java/lang/UnsatisfiedLinkError'{0x000000070ed33fb0}: 'boolean com.jogamp.common.util.JarUtil.fixNativeLibAttribs(java.lang.String)'> (0x000000070ed33fb0) 
thrown [src/hotspot/share/prims/nativeLookup.cpp, line 543]
Event: 13.996 Thread 0x00007fc8b080ce00 Exception <a 'java/lang/UnsatisfiedLinkError'{0x000000070ed3c098}: 'boolean com.jogamp.common.util.JarUtil.fixNativeLibAttribs(java.lang.String)'> (0x000000070ed3c098) 
thrown [src/hotspot/share/prims/nativeLookup.cpp, line 543]
Event: 14.002 Thread 0x00007fc8b080ce00 Exception <a 'java/lang/UnsatisfiedLinkError'{0x000000070ed44178}: 'boolean com.jogamp.common.util.JarUtil.fixNativeLibAttribs(java.lang.String)'> (0x000000070ed44178) 
thrown [src/hotspot/share/prims/nativeLookup.cpp, line 543]
Event: 14.006 Thread 0x00007fc8b080ce00 Exception <a 'java/lang/UnsatisfiedLinkError'{0x000000070ed4c260}: 'boolean com.jogamp.common.util.JarUtil.fixNativeLibAttribs(java.lang.String)'> (0x000000070ed4c260) 
thrown [src/hotspot/share/prims/nativeLookup.cpp, line 543]
Event: 14.006 Thread 0x00007fc8b080ce00 Exception <a 'java/lang/UnsatisfiedLinkError'{0x000000070ed55a28}: 'boolean com.jogamp.common.util.JarUtil.fixNativeLibAttribs(java.lang.String)'> (0x000000070ed55a28) 
thrown [src/hotspot/share/prims/nativeLookup.cpp, line 543]
Event: 14.015 Thread 0x00007fc8b080ce00 Exception <a 'java/lang/UnsatisfiedLinkError'{0x000000070ed5daf0}: 'boolean com.jogamp.common.util.JarUtil.fixNativeLibAttribs(java.lang.String)'> (0x000000070ed5daf0) 
thrown [src/hotspot/share/prims/nativeLookup.cpp, line 543]
Event: 16.270 Thread 0x00007fc8b0998a00 Exception <a 'java/lang/NoSuchMethodError'{0x000000070f4dadd0}: 'void java.lang.invoke.DirectMethodHandle$Holder.invokeStaticInit(java.lang.Object)'> (0x000000070f4dadd0) 
thrown [src/hotspot/share/interpreter/linkResolver.cpp, line 759]
Event: 16.277 Thread 0x00007fc8b0998a00 Exception <a 'java/lang/NoSuchMethodError'{0x000000070f4e9000}: 'java.lang.Object java.lang.invoke.DirectMethodHandle$Holder.newInvokeSpecial(java.lang.Object, java.lang.Object, java.lang.Object, int, java.lang.Object)'> (0x000000070f4e9000) 
thrown [src/hotspot/share/interpreter/linkResolver.cpp, line 759]
Event: 16.278 Thread 0x00007fc8b0998a00 Exception <a 'java/lang/NoSuchMethodError'{0x000000070f4f0bc0}: 'java.lang.Object java.lang.invoke.Invokers$Holder.linkToTargetMethod(java.lang.Object, java.lang.Object, int, java.lang.Object, java.lang.Object)'> (0x000000070f4f0bc0) 
thrown [src/hotspot/share/interpreter/linkResolver.cpp, line 759]
Event: 16.299 Thread 0x00007fc8b0998a00 Exception <a 'java/lang/NoSuchMethodError'{0x000000070f501f78}: 'java.lang.Object java.lang.invoke.Invokers$Holder.linkToTargetMethod(int, int, int, int, java.lang.Object)'> (0x000000070f501f78) 
thrown [src/hotspot/share/interpreter/linkResolver.cpp, line 759]
Event: 16.300 Thread 0x00007fc8b0998a00 Exception <a 'java/lang/NoSuchMethodError'{0x000000070f505968}: 'void java.lang.invoke.DirectMethodHandle$Holder.invokeStatic(java.lang.Object, java.lang.Object, long)'> (0x000000070f505968) 
thrown [src/hotspot/share/interpreter/linkResolver.cpp, line 759]
Event: 16.308 Thread 0x00007fc8b1035400 Exception <a 'java/lang/NoSuchMethodError'{0x000000070fb26518}: 'void java.lang.invoke.DirectMethodHandle$Holder.invokeSpecial(java.lang.Object, java.lang.Object, long)'> (0x000000070fb26518) 
thrown [src/hotspot/share/interpreter/linkResolver.cpp, line 759]
Event: 16.337 Thread 0x00007fc8b1035400 Exception <a 'java/lang/NoSuchMethodError'{0x000000070fb32f38}: 'void java.lang.invoke.DirectMethodHandle$Holder.invokeStatic(java.lang.Object, long)'> (0x000000070fb32f38) 
thrown [src/hotspot/share/interpreter/linkResolver.cpp, line 759]
Event: 16.362 Thread 0x00007fc8b0998a00 Exception <a 'java/lang/NoSuchMethodError'{0x000000070f22caf8}: 'void java.lang.invoke.DirectMethodHandle$Holder.invokeStatic(java.lang.Object, long, long)'> (0x000000070f22caf8) 
thrown [src/hotspot/share/interpreter/linkResolver.cpp, line 759]
Event: 16.362 Thread 0x00007fc8b0998a00 Exception <a 'java/lang/NoSuchMethodError'{0x000000070f232120}: 'java.lang.Object java.lang.invoke.DirectMethodHandle$Holder.newInvokeSpecial(java.lang.Object, long)'> (0x000000070f232120) 
thrown [src/hotspot/share/interpreter/linkResolver.cpp, line 759]
Event: 16.363 Thread 0x00007fc8b0998a00 Exception <a 'java/lang/NoSuchMethodError'{0x000000070f23c5c0}: 'java.lang.Object java.lang.invoke.DirectMethodHandle$Holder.newInvokeSpecial(java.lang.Object, java.lang.Object, int)'> (0x000000070f23c5c0) 
thrown [src/hotspot/share/interpreter/linkResolver.cpp, line 759]

VM Operations (20 events):
Event: 1.051 Executing VM operation: Cleanup
Event: 1.051 Executing VM operation: Cleanup done
Event: 5.058 Executing VM operation: Cleanup
Event: 5.058 Executing VM operation: Cleanup done
Event: 13.616 Executing VM operation: HandshakeAllThreads
Event: 13.616 Executing VM operation: HandshakeAllThreads done
Event: 13.616 Executing VM operation: Cleanup
Event: 13.616 Executing VM operation: Cleanup done
Event: 13.889 Executing VM operation: HandshakeAllThreads
Event: 13.889 Executing VM operation: HandshakeAllThreads done
Event: 13.954 Executing VM operation: HandshakeAllThreads
Event: 13.954 Executing VM operation: HandshakeAllThreads done
Event: 13.974 Executing VM operation: HandshakeAllThreads
Event: 13.974 Executing VM operation: HandshakeAllThreads done
Event: 14.979 Executing VM operation: Cleanup
Event: 14.979 Executing VM operation: Cleanup done
Event: 15.383 Executing VM operation: G1CollectForAllocation
Event: 15.386 Executing VM operation: G1CollectForAllocation done
Event: 16.392 Executing VM operation: Cleanup
Event: 16.395 Executing VM operation: Cleanup done

Events (20 events):
Event: 16.413 loading class sun/lwawt/macosx/CInputMethodDescriptor
Event: 16.413 loading class java/awt/im/spi/InputMethodDescriptor
Event: 16.413 loading class java/awt/im/spi/InputMethodDescriptor done
Event: 16.413 loading class sun/lwawt/macosx/CInputMethodDescriptor done
Event: 16.414 loading class sun/awt/im/InputMethodLocator
Event: 16.414 loading class sun/awt/im/InputMethodLocator done
Event: 16.414 loading class sun/awt/im/ExecutableInputMethodManager$3
Event: 16.414 loading class sun/awt/im/ExecutableInputMethodManager$3 done
Event: 16.414 loading class sun/lwawt/macosx/CInputMethod
Event: 16.414 loading class sun/awt/im/InputMethodAdapter
Event: 16.414 loading class java/awt/im/spi/InputMethod
Event: 16.414 loading class java/awt/im/spi/InputMethod done
Event: 16.414 loading class sun/awt/im/InputMethodAdapter done
Event: 16.414 loading class sun/lwawt/macosx/CInputMethod done
Event: 16.440 loading class java/awt/GraphicsCallback$PaintCallback
Event: 16.440 loading class java/awt/GraphicsCallback
Event: 16.440 loading class sun/awt/SunGraphicsCallback
Event: 16.440 loading class sun/awt/SunGraphicsCallback done
Event: 16.440 loading class java/awt/GraphicsCallback done
Event: 16.440 loading class java/awt/GraphicsCallback$PaintCallback done


Dynamic libraries:
0x0000000101efa000 	/Library/Java/JavaVirtualMachines/temurin-17.jdk/Contents/Home/lib/libjli.dylib
0x00007ff8170a4000 	/usr/lib/libz.1.dylib
0x00007ff817188000 	/usr/lib/libSystem.B.dylib
0x00007ff817183000 	/usr/lib/system/libcache.dylib
0x00007ff81713e000 	/usr/lib/system/libcommonCrypto.dylib
0x00007ff817167000 	/usr/lib/system/libcompiler_rt.dylib
0x00007ff81715d000 	/usr/lib/system/libcopyfile.dylib
0x00007ff80b31d000 	/usr/lib/system/libcorecrypto.dylib
0x00007ff80b3df000 	/usr/lib/system/libdispatch.dylib
0x00007ff80b567000 	/usr/lib/system/libdyld.dylib
0x00007ff817179000 	/usr/lib/system/libkeymgr.dylib
0x00007ff81711d000 	/usr/lib/system/libmacho.dylib
0x00007ff816711000 	/usr/lib/system/libquarantine.dylib
0x00007ff817177000 	/usr/lib/system/libremovefile.dylib
0x00007ff8101f2000 	/usr/lib/system/libsystem_asl.dylib
0x00007ff80b2bf000 	/usr/lib/system/libsystem_blocks.dylib
0x00007ff80b429000 	/usr/lib/system/libsystem_c.dylib
0x00007ff81716f000 	/usr/lib/system/libsystem_collections.dylib
0x00007ff8159a5000 	/usr/lib/system/libsystem_configuration.dylib
0x00007ff814a33000 	/usr/lib/system/libsystem_containermanager.dylib
0x00007ff816dee000 	/usr/lib/system/libsystem_coreservices.dylib
0x00007ff80e27e000 	/usr/lib/system/libsystem_darwin.dylib
0x00007ff81717a000 	/usr/lib/system/libsystem_dnssd.dylib
0x00007ff80b426000 	/usr/lib/system/libsystem_featureflags.dylib
0x00007ff80b592000 	/usr/lib/system/libsystem_info.dylib
0x00007ff8170b7000 	/usr/lib/system/libsystem_m.dylib
0x00007ff80b3b2000 	/usr/lib/system/libsystem_malloc.dylib
0x00007ff810181000 	/usr/lib/system/libsystem_networkextension.dylib
0x00007ff80e6bf000 	/usr/lib/system/libsystem_notify.dylib
0x00007ff8159a9000 	/usr/lib/system/libsystem_sandbox.dylib
0x00007ff817174000 	/usr/lib/system/libsystem_secinit.dylib
0x00007ff80b521000 	/usr/lib/system/libsystem_kernel.dylib
0x00007ff80b588000 	/usr/lib/system/libsystem_platform.dylib
0x00007ff80b55b000 	/usr/lib/system/libsystem_pthread.dylib
0x00007ff811b42000 	/usr/lib/system/libsystem_symptoms.dylib
0x00007ff80b303000 	/usr/lib/system/libsystem_trace.dylib
0x00007ff81714a000 	/usr/lib/system/libunwind.dylib
0x00007ff80b2c3000 	/usr/lib/system/libxpc.dylib
0x00007ff80b50b000 	/usr/lib/libc++abi.dylib
0x00007ff80b1ee000 	/usr/lib/libobjc.A.dylib
0x00007ff817155000 	/usr/lib/liboah.dylib
0x00007ff80b4b2000 	/usr/lib/libc++.1.dylib
0x00007ff8234c9000 	/System/Library/Frameworks/Cocoa.framework/Versions/A/Cocoa
0x00007ff80e71e000 	/System/Library/Frameworks/AppKit.framework/Versions/C/AppKit
0x00007ff8112ce000 	/System/Library/Frameworks/CoreData.framework/Versions/A/CoreData
0x00007ff80c433000 	/System/Library/Frameworks/Foundation.framework/Versions/C/Foundation
0x00007ff80f723000 	/System/Library/PrivateFrameworks/UIFoundation.framework/Versions/A/UIFoundation
0x00007ffb0b702000 	/System/Library/PrivateFrameworks/CollectionViewCore.framework/Versions/A/CollectionViewCore
0x00007ff81d4dd000 	/System/Library/PrivateFrameworks/RemoteViewServices.framework/Versions/A/RemoteViewServices
0x00007ff8151f8000 	/System/Library/PrivateFrameworks/XCTTargetBootstrap.framework/Versions/A/XCTTargetBootstrap
0x00007ff818ff7000 	/System/Library/PrivateFrameworks/InternationalSupport.framework/Versions/A/InternationalSupport
0x00007ff819080000 	/System/Library/PrivateFrameworks/UserActivity.framework/Versions/A/UserActivity
0x00007ffb21437000 	/System/Library/PrivateFrameworks/WindowManagement.framework/Versions/A/WindowManagement
0x00007ff80c11f000 	/System/Library/Frameworks/SystemConfiguration.framework/Versions/A/SystemConfiguration
0x00007ff8183f0000 	/usr/lib/libspindump.dylib
0x00007ff80f8f0000 	/System/Library/Frameworks/UniformTypeIdentifiers.framework/Versions/A/UniformTypeIdentifiers
0x00007ff8136ef000 	/usr/lib/libapp_launch_measurement.dylib
0x00007ff812879000 	/System/Library/PrivateFrameworks/CoreAnalytics.framework/Versions/A/CoreAnalytics
0x00007ff8136f2000 	/System/Library/PrivateFrameworks/CoreAutoLayout.framework/Versions/A/CoreAutoLayout
0x00007ff814a7f000 	/System/Library/Frameworks/Metal.framework/Versions/A/Metal
0x00007ff8159b4000 	/usr/lib/liblangid.dylib
0x00007ff8151fd000 	/System/Library/PrivateFrameworks/CoreSVG.framework/Versions/A/CoreSVG
0x00007ff810224000 	/System/Library/PrivateFrameworks/SkyLight.framework/Versions/A/SkyLight
0x00007ff81060d000 	/System/Library/Frameworks/CoreGraphics.framework/Versions/A/CoreGraphics
0x00007ff81dbb7000 	/System/Library/Frameworks/Accelerate.framework/Versions/A/Accelerate
0x00007ff817e65000 	/System/Library/PrivateFrameworks/IconServices.framework/Versions/A/IconServices
0x00007ff814a62000 	/System/Library/Frameworks/IOSurface.framework/Versions/A/IOSurface
0x00007ff8128a2000 	/usr/lib/libDiagnosticMessagesClient.dylib
0x00007ff8210f6000 	/System/Library/Frameworks/ApplicationServices.framework/Versions/A/ApplicationServices
0x00007ff8151e4000 	/System/Library/PrivateFrameworks/DFRFoundation.framework/Versions/A/DFRFoundation
0x00007ff80dfea000 	/usr/lib/libicucore.A.dylib
0x00007ff819e97000 	/System/Library/Frameworks/AudioToolbox.framework/Versions/A/AudioToolbox
0x00007ff819002000 	/System/Library/PrivateFrameworks/DataDetectorsCore.framework/Versions/A/DataDetectorsCore
0x00007ff9104b2000 	/System/Library/PrivateFrameworks/TextInput.framework/Versions/A/TextInput
0x00007ff810199000 	/usr/lib/libMobileGestalt.dylib
0x00007ff814eec000 	/System/Library/Frameworks/Carbon.framework/Versions/A/Frameworks/HIToolbox.framework/Versions/A/HIToolbox
0x00007ff813093000 	/System/Library/Frameworks/QuartzCore.framework/Versions/A/QuartzCore
0x00007ff80dc6a000 	/System/Library/Frameworks/Security.framework/Versions/A/Security
0x00007ff81d515000 	/System/Library/Frameworks/Carbon.framework/Versions/A/Frameworks/SpeechRecognition.framework/Versions/A/SpeechRecognition
0x00007ff81342f000 	/System/Library/PrivateFrameworks/CoreUI.framework/Versions/A/CoreUI
0x00007ff80d56f000 	/System/Library/Frameworks/CoreAudio.framework/Versions/A/CoreAudio
0x00007ff81297c000 	/System/Library/Frameworks/DiskArbitration.framework/Versions/A/DiskArbitration
0x00007ff818811000 	/System/Library/PrivateFrameworks/MultitouchSupport.framework/Versions/A/MultitouchSupport
0x00007ff810198000 	/usr/lib/libenergytrace.dylib
0x00007ff80e600000 	/System/Library/Frameworks/IOKit.framework/Versions/A/IOKit
0x00007ff81d90e000 	/System/Library/Frameworks/CoreServices.framework/Versions/A/CoreServices
0x00007ff813687000 	/System/Library/PrivateFrameworks/PerformanceAnalysis.framework/Versions/A/PerformanceAnalysis
0x00007ffa1f90a000 	/System/Library/Frameworks/OpenGL.framework/Versions/A/OpenGL
0x00007ff81373a000 	/usr/lib/libxml2.2.dylib
0x00007ff816625000 	/System/Library/PrivateFrameworks/MobileKeyBag.framework/Versions/A/MobileKeyBag
0x00007ff810d30000 	/System/Library/Frameworks/ColorSync.framework/Versions/A/ColorSync
0x00007ff80b5bd000 	/System/Library/Frameworks/CoreFoundation.framework/Versions/A/CoreFoundation
0x00007ff815596000 	/System/Library/Frameworks/CoreImage.framework/Versions/A/CoreImage
0x00007ff80d380000 	/System/Library/Frameworks/CoreText.framework/Versions/A/CoreText
0x00007ff815238000 	/System/Library/Frameworks/ImageIO.framework/Versions/A/ImageIO
0x00007ff81718e000 	/System/Library/PrivateFrameworks/SoftLinking.framework/Versions/A/SoftLinking
0x00007ff81740f000 	/usr/lib/libcompression.dylib
0x00007ff818f29000 	/System/Library/PrivateFrameworks/TextureIO.framework/Versions/A/TextureIO
0x00007ff817b2d000 	/usr/lib/libate.dylib
0x00007ff8178db000 	/usr/lib/liblzma.5.dylib
0x00007ff81718a000 	/usr/lib/libfakelink.dylib
0x00007ff80fddc000 	/System/Library/Frameworks/CFNetwork.framework/Versions/A/CFNetwork
0x00007ff8172c7000 	/usr/lib/libarchive.2.dylib
0x00007ff81b7c6000 	/System/Library/Frameworks/Combine.framework/Versions/A/Combine
0x00007ff81990f000 	/usr/lib/swift/libswiftCore.dylib
0x00007ff90d52c000 	/usr/lib/swift/libswiftCoreFoundation.dylib
0x00007ff90b52e000 	/usr/lib/swift/libswiftDarwin.dylib
0x00007ff81f131000 	/usr/lib/swift/libswiftDispatch.dylib
0x00007ff90d548000 	/usr/lib/swift/libswiftIOKit.dylib
0x00007ff82151f000 	/usr/lib/swift/libswiftObjectiveC.dylib
0x00007ff90d53d000 	/usr/lib/swift/libswiftXPC.dylib
0x00007ffb27cb3000 	/usr/lib/swift/libswift_Concurrency.dylib
0x00007ffb27df2000 	/usr/lib/swift/libswift_StringProcessing.dylib
0x00007ff821523000 	/usr/lib/swift/libswiftos.dylib
0x00007ff80e585000 	/System/Library/PrivateFrameworks/CoreServicesInternal.framework/Versions/A/CoreServicesInternal
0x00007ff816738000 	/usr/lib/libbsm.0.dylib
0x00007ff817122000 	/usr/lib/system/libkxld.dylib
0x00007ff8136bb000 	/System/Library/Frameworks/CoreServices.framework/Versions/A/Frameworks/FSEvents.framework/Versions/A/FSEvents
0x00007ff80e289000 	/System/Library/Frameworks/CoreServices.framework/Versions/A/Frameworks/CarbonCore.framework/Versions/A/CarbonCore
0x00007ff8128e5000 	/System/Library/Frameworks/CoreServices.framework/Versions/A/Frameworks/Metadata.framework/Versions/A/Metadata
0x00007ff816df4000 	/System/Library/Frameworks/CoreServices.framework/Versions/A/Frameworks/OSServices.framework/Versions/A/OSServices
0x00007ff81734f000 	/System/Library/Frameworks/CoreServices.framework/Versions/A/Frameworks/SearchKit.framework/Versions/A/SearchKit
0x00007ff811ac9000 	/System/Library/Frameworks/CoreServices.framework/Versions/A/Frameworks/AE.framework/Versions/A/AE
0x00007ff80ba56000 	/System/Library/Frameworks/CoreServices.framework/Versions/A/Frameworks/LaunchServices.framework/Versions/A/LaunchServices
0x00007ff81788c000 	/System/Library/Frameworks/CoreServices.framework/Versions/A/Frameworks/DictionaryServices.framework/Versions/A/DictionaryServices
0x00007ff8136c8000 	/System/Library/Frameworks/CoreServices.framework/Versions/A/Frameworks/SharedFileList.framework/Versions/A/SharedFileList
0x00007ff8173db000 	/usr/lib/libapple_nghttp2.dylib
0x00007ff80fdd8000 	/usr/lib/libnetwork.dylib
0x00007ff811744000 	/usr/lib/libsqlite3.dylib
0x00007ff811b4a000 	/System/Library/Frameworks/Network.framework/Versions/A/Network
0x00007ffb26cdf000 	/usr/lib/libCoreEntitlements.dylib
0x00007ffb14a34000 	/System/Library/PrivateFrameworks/MessageSecurity.framework/Versions/A/MessageSecurity
0x00007ff81172b000 	/System/Library/PrivateFrameworks/ProtocolBuffer.framework/Versions/A/ProtocolBuffer
0x00007ff816dce000 	/System/Library/PrivateFrameworks/AppleFSCompression.framework/Versions/A/AppleFSCompression
0x00007ff816720000 	/usr/lib/libcoretls.dylib
0x00007ff8178f5000 	/usr/lib/libcoretls_cfhelpers.dylib
0x00007ff81740a000 	/usr/lib/libpam.2.dylib
0x00007ff817962000 	/usr/lib/libxar.1.dylib
0x00007ff817e41000 	/usr/lib/libheimdal-asn1.dylib
0x00007ff81718f000 	/usr/lib/libpcap.A.dylib
0x00007ff811b39000 	/usr/lib/libdns_services.dylib
0x00007ff8159b0000 	/System/Library/PrivateFrameworks/AppleSystemInfo.framework/Versions/A/AppleSystemInfo
0x00007ff81642f000 	/System/Library/PrivateFrameworks/IOMobileFramebuffer.framework/Versions/A/IOMobileFramebuffer
0x00007ff816dde000 	/usr/lib/libbz2.1.0.dylib
0x00007ff816714000 	/usr/lib/libCheckFix.dylib
0x00007ff810209000 	/System/Library/PrivateFrameworks/TCC.framework/Versions/A/TCC
0x00007ff8159b6000 	/System/Library/PrivateFrameworks/CoreNLP.framework/Versions/A/CoreNLP
0x00007ff8128a4000 	/System/Library/PrivateFrameworks/MetadataUtilities.framework/Versions/A/MetadataUtilities
0x00007ff816748000 	/usr/lib/libmecab.dylib
0x00007ff80c19e000 	/usr/lib/libCRFSuite.dylib
0x00007ff8167a2000 	/usr/lib/libgermantok.dylib
0x00007ff8173b6000 	/usr/lib/libThaiTokenizer.dylib
0x00007ff812984000 	/System/Library/Frameworks/Accelerate.framework/Versions/A/Frameworks/vImage.framework/Versions/A/vImage
0x00007ff81d8e1000 	/System/Library/Frameworks/Accelerate.framework/Versions/A/Frameworks/vecLib.framework/Versions/A/vecLib
0x00007ff8179a4000 	/System/Library/Frameworks/Accelerate.framework/Versions/A/Frameworks/vecLib.framework/Versions/A/libvMisc.dylib
0x00007ff816254000 	/System/Library/Frameworks/Accelerate.framework/Versions/A/Frameworks/vecLib.framework/Versions/A/libvDSP.dylib
0x00007ff80be10000 	/System/Library/Frameworks/Accelerate.framework/Versions/A/Frameworks/vecLib.framework/Versions/A/libBLAS.dylib
0x00007ff8174ed000 	/System/Library/Frameworks/Accelerate.framework/Versions/A/Frameworks/vecLib.framework/Versions/A/libLAPACK.dylib
0x00007ff8167a5000 	/System/Library/Frameworks/Accelerate.framework/Versions/A/Frameworks/vecLib.framework/Versions/A/libLinearAlgebra.dylib
0x00007ff8173f3000 	/System/Library/Frameworks/Accelerate.framework/Versions/A/Frameworks/vecLib.framework/Versions/A/libSparseBLAS.dylib
0x00007ff8174e7000 	/System/Library/Frameworks/Accelerate.framework/Versions/A/Frameworks/vecLib.framework/Versions/A/libQuadrature.dylib
0x00007ff815aa3000 	/System/Library/Frameworks/Accelerate.framework/Versions/A/Frameworks/vecLib.framework/Versions/A/libBNNS.dylib
0x00007ff80c0a8000 	/System/Library/Frameworks/Accelerate.framework/Versions/A/Frameworks/vecLib.framework/Versions/A/libSparse.dylib
0x00007ffb13d71000 	/System/Library/PrivateFrameworks/MIL.framework/Versions/A/MIL
0x00007ff8171c4000 	/usr/lib/libiconv.2.dylib
0x00007ff81711c000 	/usr/lib/libcharset.1.dylib
0x00007ff81369f000 	/System/Library/Frameworks/OpenDirectory.framework/Versions/A/Frameworks/CFOpenDirectory.framework/Versions/A/CFOpenDirectory
0x00007ff813693000 	/System/Library/Frameworks/OpenDirectory.framework/Versions/A/OpenDirectory
0x00007ff8178f7000 	/System/Library/PrivateFrameworks/APFS.framework/Versions/A/APFS
0x00007ff816658000 	/System/Library/Frameworks/SecurityFoundation.framework/Versions/A/SecurityFoundation
0x00007ff817970000 	/usr/lib/libutil.dylib
0x00007ffb12f77000 	/System/Library/PrivateFrameworks/InstalledContentLibrary.framework/Versions/A/InstalledContentLibrary
0x00007ff80e5c4000 	/System/Library/PrivateFrameworks/CoreServicesStore.framework/Versions/A/CoreServicesStore
0x00007ffa2a269000 	/System/Library/PrivateFrameworks/AppleMobileFileIntegrity.framework/Versions/A/AppleMobileFileIntegrity
0x00007ff90d50c000 	/usr/lib/libmis.dylib
0x00007ff91b9d8000 	/System/Library/PrivateFrameworks/MobileSystemServices.framework/Versions/A/MobileSystemServices
0x00007ffa157e0000 	/System/Library/PrivateFrameworks/ConfigProfileHelper.framework/Versions/A/ConfigProfileHelper
0x00007ff8173b8000 	/System/Library/PrivateFrameworks/AppleSauce.framework/Versions/A/AppleSauce
0x00007ff80ce45000 	/System/Library/PrivateFrameworks/LanguageModeling.framework/Versions/A/LanguageModeling
0x00007ff817974000 	/usr/lib/libxslt.1.dylib
0x00007ff8172b6000 	/usr/lib/libcmph.dylib
0x00007ff81641d000 	/System/Library/PrivateFrameworks/CoreEmoji.framework/Versions/A/CoreEmoji
0x00007ff815a9d000 	/System/Library/PrivateFrameworks/LinguisticData.framework/Versions/A/LinguisticData
0x00007ff80c05e000 	/System/Library/PrivateFrameworks/Lexicon.framework/Versions/A/Lexicon
0x00007ff8166e6000 	/System/Library/PrivateFrameworks/BackgroundTaskManagement.framework/Versions/A/BackgroundTaskManagement
0x00007ffb26e15000 	/usr/lib/libTLE.dylib
0x00007ffb27d37000 	/usr/lib/swift/libswift_RegexParser.dylib
0x00007ff8186d7000 	/System/Library/PrivateFrameworks/AppleJPEG.framework/Versions/A/AppleJPEG
0x00007ff817e26000 	/usr/lib/libexpat.1.dylib
0x00007ff818d85000 	/System/Library/Frameworks/ImageIO.framework/Versions/A/Resources/libPng.dylib
0x00007ff818db2000 	/System/Library/Frameworks/ImageIO.framework/Versions/A/Resources/libTIFF.dylib
0x00007ff818ea3000 	/System/Library/Frameworks/ImageIO.framework/Versions/A/Resources/libGIF.dylib
0x00007ff818722000 	/System/Library/Frameworks/ImageIO.framework/Versions/A/Resources/libJP2.dylib
0x00007ff818e43000 	/System/Library/Frameworks/ImageIO.framework/Versions/A/Resources/libJPEG.dylib
0x00007ff818e3a000 	/System/Library/Frameworks/ImageIO.framework/Versions/A/Resources/libRadiance.dylib
0x00007ff814d82000 	/System/Library/PrivateFrameworks/FontServices.framework/libFontParser.dylib
0x00007ff811a6f000 	/System/Library/PrivateFrameworks/RunningBoardServices.framework/Versions/A/RunningBoardServices
0x00007ff823aff000 	/System/Library/PrivateFrameworks/IOSurfaceAccelerator.framework/Versions/A/IOSurfaceAccelerator
0x00007ff81880d000 	/System/Library/PrivateFrameworks/WatchdogClient.framework/Versions/A/WatchdogClient
0x00007ff80cfa7000 	/System/Library/Frameworks/CoreDisplay.framework/Versions/A/CoreDisplay
0x00007ff814c72000 	/System/Library/Frameworks/CoreMedia.framework/Versions/A/CoreMedia
0x00007ff814a76000 	/System/Library/PrivateFrameworks/IOAccelerator.framework/Versions/A/IOAccelerator
0x00007ff813819000 	/System/Library/Frameworks/CoreVideo.framework/Versions/A/CoreVideo
0x00007ff817408000 	/System/Library/Frameworks/MetalPerformanceShaders.framework/Versions/A/MetalPerformanceShaders
0x00007ff81884a000 	/System/Library/Frameworks/VideoToolbox.framework/Versions/A/VideoToolbox
0x00007ff8119b4000 	/System/Library/PrivateFrameworks/BaseBoard.framework/Versions/A/BaseBoard
0x00007ff818e33000 	/System/Library/PrivateFrameworks/GPUWrangler.framework/Versions/A/GPUWrangler
0x00007ff818e17000 	/System/Library/PrivateFrameworks/IOPresentment.framework/Versions/A/IOPresentment
0x00007ff818e3d000 	/System/Library/PrivateFrameworks/DSExternalDisplay.framework/Versions/A/DSExternalDisplay
0x00007ffb0f690000 	/System/Library/PrivateFrameworks/GPUCompiler.framework/Versions/31001/Libraries/libllvm-flatbuffers.dylib
0x00007ffa1f8fe000 	/System/Library/Frameworks/OpenGL.framework/Versions/A/Libraries/libCoreFSCache.dylib
0x00007ffb0f68c000 	/System/Library/PrivateFrameworks/GPUCompiler.framework/Versions/31001/Libraries/libGPUCompilerUtils.dylib
0x00007ff818ea9000 	/System/Library/PrivateFrameworks/CMCaptureCore.framework/Versions/A/CMCaptureCore
0x00007ffa248d2000 	/System/Library/Frameworks/ExtensionFoundation.framework/Versions/A/ExtensionFoundation
0x00007ff81f8aa000 	/System/Library/PrivateFrameworks/CoreTime.framework/Versions/A/CoreTime
0x00007ff8183da000 	/System/Library/PrivateFrameworks/AppServerSupport.framework/Versions/A/AppServerSupport
0x00007ff81a75c000 	/System/Library/PrivateFrameworks/perfdata.framework/Versions/A/perfdata
0x00007ff80d0d3000 	/System/Library/PrivateFrameworks/AudioToolboxCore.framework/Versions/A/AudioToolboxCore
0x00007ff814c4c000 	/System/Library/PrivateFrameworks/caulk.framework/Versions/A/caulk
0x00007ff81a02e000 	/usr/lib/libAudioStatistics.dylib
0x00007ff90c9b1000 	/System/Library/PrivateFrameworks/SystemPolicy.framework/Versions/A/SystemPolicy
0x00007ff81a2c7000 	/usr/lib/libSMC.dylib
0x00007ff82336e000 	/System/Library/Frameworks/CoreMIDI.framework/Versions/A/CoreMIDI
0x00007ff818d53000 	/usr/lib/libAudioToolboxUtility.dylib
0x00007ff828835000 	/System/Library/PrivateFrameworks/OSAServicesClient.framework/Versions/A/OSAServicesClient
0x00007ff81a769000 	/usr/lib/libperfcheck.dylib
0x00007ff817d0a000 	/System/Library/PrivateFrameworks/PlugInKit.framework/Versions/A/PlugInKit
0x00007ff81664b000 	/System/Library/PrivateFrameworks/AssertionServices.framework/Versions/A/AssertionServices
0x00007ffa1f959000 	/System/Library/Frameworks/OpenGL.framework/Versions/A/Libraries/libGLU.dylib
0x00007ffa1f91d000 	/System/Library/Frameworks/OpenGL.framework/Versions/A/Libraries/libGFXShared.dylib
0x00007ffa1fb26000 	/System/Library/Frameworks/OpenGL.framework/Versions/A/Libraries/libGL.dylib
0x00007ffa1f926000 	/System/Library/Frameworks/OpenGL.framework/Versions/A/Libraries/libGLImage.dylib
0x00007ffa1f91a000 	/System/Library/Frameworks/OpenGL.framework/Versions/A/Libraries/libCVMSPluginSupport.dylib
0x00007ffb26df4000 	/usr/lib/libRosetta.dylib
0x00007ffa1f905000 	/System/Library/Frameworks/OpenGL.framework/Versions/A/Libraries/libCoreVMClient.dylib
0x00007ff81592e000 	/System/Library/Frameworks/MetalPerformanceShaders.framework/Versions/A/Frameworks/MPSCore.framework/Versions/A/MPSCore
0x00007ff816d38000 	/System/Library/Frameworks/MetalPerformanceShaders.framework/Versions/A/Frameworks/MPSImage.framework/Versions/A/MPSImage
0x00007ff8167bb000 	/System/Library/Frameworks/MetalPerformanceShaders.framework/Versions/A/Frameworks/MPSNeuralNetwork.framework/Versions/A/MPSNeuralNetwork
0x00007ff816c2e000 	/System/Library/Frameworks/MetalPerformanceShaders.framework/Versions/A/Frameworks/MPSMatrix.framework/Versions/A/MPSMatrix
0x00007ff8169e9000 	/System/Library/Frameworks/MetalPerformanceShaders.framework/Versions/A/Frameworks/MPSRayIntersector.framework/Versions/A/MPSRayIntersector
0x00007ff816c69000 	/System/Library/Frameworks/MetalPerformanceShaders.framework/Versions/A/Frameworks/MPSNDArray.framework/Versions/A/MPSNDArray
0x00007ffa25c23000 	/System/Library/Frameworks/MetalPerformanceShaders.framework/Versions/A/Frameworks/MPSFunctions.framework/Versions/A/MPSFunctions
0x00007ff80bcd1000 	/System/Library/PrivateFrameworks/MetalTools.framework/Versions/A/MetalTools
0x00007ff8159af000 	/System/Library/PrivateFrameworks/AggregateDictionary.framework/Versions/A/AggregateDictionary
0x00007ff817bc4000 	/usr/lib/libIOReport.dylib
0x00007ffa20f09000 	/System/Library/Frameworks/OpenCL.framework/Versions/A/OpenCL
0x00007ff817f6c000 	/System/Library/PrivateFrameworks/GraphVisualizer.framework/Versions/A/GraphVisualizer
0x00007ffb0f591000 	/System/Library/PrivateFrameworks/FontServices.framework/Versions/A/FontServices
0x00007ff818395000 	/System/Library/PrivateFrameworks/OTSVG.framework/Versions/A/OTSVG
0x00007ff8133e3000 	/System/Library/Frameworks/ApplicationServices.framework/Versions/A/Frameworks/ATS.framework/Versions/A/Resources/libFontRegistry.dylib
0x00007ff8183e4000 	/System/Library/PrivateFrameworks/FontServices.framework/libhvf.dylib
0x00007ffb0f592000 	/System/Library/PrivateFrameworks/FontServices.framework/libXTFontStaticRegistryData.dylib
0x00007ffb20413000 	/System/Library/PrivateFrameworks/VideoToolboxParavirtualizationSupport.framework/Versions/A/VideoToolboxParavirtualizationSupport
0x00007ff817dd6000 	/System/Library/PrivateFrameworks/AppleVA.framework/Versions/A/AppleVA
0x00007ff81a06a000 	/System/Library/Frameworks/ApplicationServices.framework/Versions/A/Frameworks/ATS.framework/Versions/A/ATS
0x00007ff810e20000 	/System/Library/Frameworks/ApplicationServices.framework/Versions/A/Frameworks/HIServices.framework/Versions/A/HIServices
0x00007ff818eb5000 	/System/Library/Frameworks/ApplicationServices.framework/Versions/A/Frameworks/PrintCore.framework/Versions/A/PrintCore
0x00007ff81a41c000 	/System/Library/Frameworks/ApplicationServices.framework/Versions/A/Frameworks/QD.framework/Versions/A/QD
0x00007ff81a414000 	/System/Library/Frameworks/ApplicationServices.framework/Versions/A/Frameworks/ColorSyncLegacy.framework/Versions/A/ColorSyncLegacy
0x00007ff81a042000 	/System/Library/Frameworks/ApplicationServices.framework/Versions/A/Frameworks/SpeechSynthesis.framework/Versions/A/SpeechSynthesis
0x00007ff818e73000 	/System/Library/Frameworks/ApplicationServices.framework/Versions/A/Frameworks/ATSUI.framework/Versions/A/ATSUI
0x00007ff81a3a7000 	/usr/lib/libcups.2.dylib
0x00007ff81a778000 	/System/Library/Frameworks/Kerberos.framework/Versions/A/Kerberos
0x00007ff81a787000 	/System/Library/Frameworks/GSS.framework/Versions/A/GSS
0x00007ff81a0d8000 	/usr/lib/libresolv.9.dylib
0x00007ff8183f5000 	/System/Library/PrivateFrameworks/Heimdal.framework/Versions/A/Heimdal
0x00007ff8214a3000 	/System/Library/Frameworks/Kerberos.framework/Versions/A/Libraries/libHeimdalProxy.dylib
0x00007ff81a7d2000 	/System/Library/PrivateFrameworks/CommonAuth.framework/Versions/A/CommonAuth
0x00007ffa23bb2000 	/System/Library/Frameworks/AVFAudio.framework/Versions/A/AVFAudio
0x00007ff82887e000 	/System/Library/PrivateFrameworks/AXCoreUtilities.framework/Versions/A/AXCoreUtilities
0x00007ff819fbe000 	/System/Library/PrivateFrameworks/AudioSession.framework/Versions/A/AudioSession
0x00007ff81b59f000 	/System/Library/Frameworks/IOBluetooth.framework/Versions/A/IOBluetooth
0x00007ff817edc000 	/System/Library/PrivateFrameworks/MediaExperience.framework/Versions/A/MediaExperience
0x00007ff819e66000 	/System/Library/PrivateFrameworks/AudioSession.framework/libSessionUtility.dylib
0x00007ff81a428000 	/System/Library/PrivateFrameworks/AudioResourceArbitration.framework/Versions/A/AudioResourceArbitration
0x00007ff81e4ee000 	/System/Library/PrivateFrameworks/PowerLog.framework/Versions/A/PowerLog
0x00007ff81e430000 	/System/Library/Frameworks/CoreBluetooth.framework/Versions/A/CoreBluetooth
0x00007ff8214a4000 	/System/Library/Frameworks/AudioUnit.framework/Versions/A/AudioUnit
0x00007ff8164b6000 	/System/Library/PrivateFrameworks/CoreUtils.framework/Versions/A/CoreUtils
0x00007ffb0e166000 	/System/Library/PrivateFrameworks/CoreUtilsExtras.framework/Versions/A/CoreUtilsExtras
0x00007ffb12e0e000 	/System/Library/PrivateFrameworks/IO80211.framework/Versions/A/IO80211
0x00007ff817e4a000 	/System/Library/PrivateFrameworks/IconFoundation.framework/Versions/A/IconFoundation
0x00007ff81d505000 	/System/Library/PrivateFrameworks/SpeechRecognitionCore.framework/Versions/A/SpeechRecognitionCore
0x0000000103052000 	/Library/Java/JavaVirtualMachines/temurin-17.jdk/Contents/Home/lib/server/libjvm.dylib
0x0000000101eb1000 	/Library/Java/JavaVirtualMachines/temurin-17.jdk/Contents/Home/lib/libjimage.dylib
0x0000000101f8a000 	/Library/Java/JavaVirtualMachines/temurin-17.jdk/Contents/Home/lib/libjava.dylib
0x0000000101f74000 	/Library/Java/JavaVirtualMachines/temurin-17.jdk/Contents/Home/lib/libnio.dylib
0x0000000102a2a000 	/Library/Java/JavaVirtualMachines/temurin-17.jdk/Contents/Home/lib/libnet.dylib
0x0000000102a10000 	/Library/Java/JavaVirtualMachines/temurin-17.jdk/Contents/Home/lib/libzip.dylib
0x0000000102ae2000 	/Library/Java/JavaVirtualMachines/temurin-17.jdk/Contents/Home/lib/libawt.dylib
0x0000000102ba1000 	/Library/Java/JavaVirtualMachines/temurin-17.jdk/Contents/Home/lib/libmlib_image.dylib
0x00007ffa24e80000 	/System/Library/Frameworks/JavaRuntimeSupport.framework/Versions/A/JavaRuntimeSupport
0x00007ff90c3e0000 	/System/Library/Frameworks/Carbon.framework/Versions/A/Carbon
0x00007ff81f7d9000 	/System/Library/PrivateFrameworks/CoreSymbolication.framework/Versions/A/CoreSymbolication
0x00007ff824fe8000 	/System/Library/Frameworks/Carbon.framework/Versions/A/Frameworks/CommonPanels.framework/Versions/A/CommonPanels
0x00007ff820e24000 	/System/Library/Frameworks/Carbon.framework/Versions/A/Frameworks/Help.framework/Versions/A/Help
0x00007ff824fec000 	/System/Library/Frameworks/Carbon.framework/Versions/A/Frameworks/ImageCapture.framework/Versions/A/ImageCapture
0x00007ff824fbc000 	/System/Library/Frameworks/Carbon.framework/Versions/A/Frameworks/OpenScripting.framework/Versions/A/OpenScripting
0x00007ff824fe4000 	/System/Library/Frameworks/Carbon.framework/Versions/A/Frameworks/Ink.framework/Versions/A/Ink
0x00007ff90c3dc000 	/System/Library/Frameworks/Carbon.framework/Versions/A/Frameworks/Print.framework/Versions/A/Print
0x00007ff824fe0000 	/System/Library/Frameworks/Carbon.framework/Versions/A/Frameworks/SecurityHI.framework/Versions/A/SecurityHI
0x00007ff81f79e000 	/System/Library/PrivateFrameworks/DebugSymbols.framework/Versions/A/DebugSymbols
0x0000000102d64000 	/Library/Java/JavaVirtualMachines/temurin-17.jdk/Contents/Home/lib/libawt_lwawt.dylib
0x0000000102a6a000 	/Library/Java/JavaVirtualMachines/temurin-17.jdk/Contents/Home/lib/libosxapp.dylib
0x00007ff90b59c000 	/System/Library/Frameworks/ExceptionHandling.framework/Versions/A/ExceptionHandling
0x00000001282d3000 	/Library/Java/JavaVirtualMachines/temurin-17.jdk/Contents/Home/lib/libfontmanager.dylib
0x0000000102e8f000 	/Library/Java/JavaVirtualMachines/temurin-17.jdk/Contents/Home/lib/libfreetype.dylib
0x00007ff81eae0000 	/System/Library/Frameworks/FileProvider.framework/Versions/A/FileProvider
0x00007ff81191f000 	/System/Library/Frameworks/Accounts.framework/Versions/A/Accounts
0x00007ff8138a8000 	/System/Library/PrivateFrameworks/UserManagement.framework/Versions/A/UserManagement
0x00007ff81ec69000 	/System/Library/PrivateFrameworks/GenerationalStorage.framework/Versions/A/GenerationalStorage
0x00007ff81e4e3000 	/System/Library/PrivateFrameworks/SymptomDiagnosticReporter.framework/Versions/A/SymptomDiagnosticReporter
0x00007ff80f906000 	/System/Library/PrivateFrameworks/DesktopServicesPriv.framework/Versions/A/DesktopServicesPriv
0x00007ff80e6ce000 	/usr/lib/libsandbox.1.dylib
0x00007ff81a409000 	/System/Library/PrivateFrameworks/NetAuth.framework/Versions/A/NetAuth
0x00007ff81b423000 	/System/Library/PrivateFrameworks/Sharing.framework/Versions/A/Sharing
0x00007ff81386e000 	/System/Library/PrivateFrameworks/login.framework/Versions/A/Frameworks/loginsupport.framework/Versions/A/loginsupport
0x00007ff8209d4000 	/System/Library/PrivateFrameworks/Apple80211.framework/Versions/A/Apple80211
0x00007ff816e21000 	/System/Library/PrivateFrameworks/AuthKit.framework/Versions/A/AuthKit
0x00007ff81643c000 	/System/Library/Frameworks/CoreWLAN.framework/Versions/A/CoreWLAN
0x00007ff8209d8000 	/System/Library/PrivateFrameworks/CoreWiFi.framework/Versions/A/CoreWiFi
0x00007ffa0f95b000 	/System/Library/PrivateFrameworks/WiFiPeerToPeer.framework/Versions/A/WiFiPeerToPeer
0x00007ff81f34b000 	/System/Library/PrivateFrameworks/FrontBoardServices.framework/Versions/A/FrontBoardServices
0x00007ff81f3e2000 	/System/Library/PrivateFrameworks/BoardServices.framework/Versions/A/BoardServices
0x00007ff820b36000 	/System/Library/PrivateFrameworks/BackBoardServices.framework/Versions/A/BackBoardServices
0x00007ff816f87000 	/System/Library/Frameworks/UserNotifications.framework/Versions/A/UserNotifications
0x00007ff81a8c6000 	/System/Library/PrivateFrameworks/CorePhoneNumbers.framework/Versions/A/CorePhoneNumbers
0x00007ff81a105000 	/System/Library/PrivateFrameworks/MultiverseSupport.framework/Versions/A/MultiverseSupport
0x00007ff820db1000 	/System/Library/PrivateFrameworks/RemoteServiceDiscovery.framework/Versions/A/RemoteServiceDiscovery
0x00007ff81e601000 	/System/Library/PrivateFrameworks/DiskManagement.framework/Versions/A/DiskManagement
0x00007ff81e515000 	/System/Library/PrivateFrameworks/AppleIDAuthSupport.framework/Versions/A/AppleIDAuthSupport
0x00007ffa286c3000 	/System/Library/PrivateFrameworks/AAAFoundation.framework/Versions/A/AAAFoundation
0x00007ff81a89f000 	/System/Library/PrivateFrameworks/KeychainCircle.framework/Versions/A/KeychainCircle
0x00007ff820dc1000 	/System/Library/PrivateFrameworks/RemoteXPC.framework/Versions/A/RemoteXPC
0x00007ff81e5cd000 	/System/Library/PrivateFrameworks/MediaKit.framework/Versions/A/MediaKit
0x00007ff81e521000 	/System/Library/Frameworks/DiscRecording.framework/Versions/A/DiscRecording
0x00007ff817d4e000 	/usr/lib/libCoreStorage.dylib
0x00007ff820e2c000 	/usr/lib/libcsfde.dylib
0x00007ff81b670000 	/System/Library/PrivateFrameworks/ProtectedCloudStorage.framework/Versions/A/ProtectedCloudStorage
0x00007ff820e28000 	/System/Library/PrivateFrameworks/EFILogin.framework/Versions/A/EFILogin
0x00007ff81ec8f000 	/System/Library/PrivateFrameworks/OctagonTrust.framework/Versions/A/OctagonTrust
0x00007ff817d46000 	/usr/lib/libMatch.1.dylib
0x00007ff915127000 	/System/Library/CoreServices/RawCamera.bundle/Contents/MacOS/RawCamera
0x00007ff81a7e2000 	/System/Library/PrivateFrameworks/MobileAsset.framework/Versions/A/MobileAsset
0x00007ff912a7e000 	/System/Library/PrivateFrameworks/SoftwareUpdateCoreSupport.framework/Versions/A/SoftwareUpdateCoreSupport
0x00007ff918db5000 	/System/Library/PrivateFrameworks/SoftwareUpdateCoreConnect.framework/Versions/A/SoftwareUpdateCoreConnect
0x00007ff8214c8000 	/System/Library/PrivateFrameworks/StreamingZip.framework/Versions/A/StreamingZip
0x00007ff912706000 	/System/Library/PrivateFrameworks/MSUDataAccessor.framework/Versions/A/MSUDataAccessor
0x00007ff90ed45000 	/usr/lib/libbootpolicy.dylib
0x00007ff91f61b000 	/usr/lib/libpartition2_dynamic.dylib
0x00007ffa2ad4f000 	/System/Library/PrivateFrameworks/CMPhoto.framework/Versions/A/CMPhoto
0x00007ff81f672000 	/System/Library/PrivateFrameworks/AppleVPA.framework/Versions/A/AppleVPA
0x00007ff8190ec000 	/System/Library/Frameworks/MediaToolbox.framework/Versions/A/MediaToolbox
0x00007ff81eab0000 	/System/Library/PrivateFrameworks/CoreAVCHD.framework/Versions/A/CoreAVCHD
0x00007ff81dbff000 	/System/Library/Frameworks/MediaAccessibility.framework/Versions/A/MediaAccessibility
0x00007ff81eaac000 	/System/Library/PrivateFrameworks/Mangrove.framework/Versions/A/Mangrove
0x00007ff81e6f1000 	/System/Library/PrivateFrameworks/CoreAUC.framework/Versions/A/CoreAUC
0x00007ff9120ec000 	/System/Library/Frameworks/Accelerate.framework/Versions/A/Frameworks/vImage.framework/Versions/A/Libraries/libCGInterfaces.dylib
0x0000000103032000 	/usr/lib/libobjc-trampolines.dylib
0x00007ffb26bb0000 	/usr/lib/libAccessibilityBaseImplementations.dylib
0x00007ff813587000 	/System/Library/PrivateFrameworks/ViewBridge.framework/Versions/A/ViewBridge
0x00007ff8184ac000 	/System/Library/PrivateFrameworks/login.framework/Versions/A/login
0x00007ff817bcd000 	/System/Library/PrivateFrameworks/CrashReporterSupport.framework/Versions/A/CrashReporterSupport
0x00007ff91ac4e000 	/System/Library/PrivateFrameworks/OSAnalytics.framework/Versions/A/OSAnalytics
0x00007ff9267fb000 	/System/Library/PrivateFrameworks/Symbolication.framework/Versions/A/Symbolication
0x00007ff90d4e2000 	/System/Library/PrivateFrameworks/MallocStackLogging.framework/Versions/A/MallocStackLogging
0x00007ffa1fb31000 	/System/Library/Frameworks/OpenGL.framework/Versions/A/Resources/GLEngine.bundle/GLEngine
0x00007ffa1f997000 	/System/Library/Frameworks/OpenGL.framework/Versions/A/Libraries/libGLProgrammability.dylib
0x00007ffa1838c000 	/System/Library/Extensions/AppleIntelKBLGraphicsGLDriver.bundle/Contents/MacOS/AppleIntelKBLGraphicsGLDriver
0x00007ff918958000 	/System/Library/PrivateFrameworks/GPUSupport.framework/Versions/A/Libraries/libGPUSupportMercury.dylib
0x00007ffa1fcbb000 	/System/Library/Frameworks/OpenGL.framework/Versions/A/Resources/GLRendererFloat.bundle/GLRendererFloat
0x00000001282cf000 	/private/var/folders/fv/s9jfp5cj2xxb3mp3t2tl0ydh0000gn/T/jogamp_0000/file_cache/jln16815213101409428788/jln17267911698664358107/natives/macosx-universal/libgluegen_rt.dylib
0x00000001282c6000 	/private/var/folders/fv/s9jfp5cj2xxb3mp3t2tl0ydh0000gn/T/jogamp_0000/file_cache/jln16815213101409428788/jln17267911698664358107/natives/macosx-universal/libnativewindow_awt.dylib
0x000000012d0fe000 	/Library/Java/JavaVirtualMachines/temurin-17.jdk/Contents/Home/lib/libjawt.dylib
0x000000012d10f000 	/private/var/folders/fv/s9jfp5cj2xxb3mp3t2tl0ydh0000gn/T/jogamp_0000/file_cache/jln16815213101409428788/jln17267911698664358107/natives/macosx-universal/libnativewindow_macosx.dylib
0x000000012d1ee000 	/private/var/folders/fv/s9jfp5cj2xxb3mp3t2tl0ydh0000gn/T/jogamp_0000/file_cache/jln16815213101409428788/jln17267911698664358107/natives/macosx-universal/libjogl_desktop.dylib
0x000000012d17f000 	/private/var/folders/fv/s9jfp5cj2xxb3mp3t2tl0ydh0000gn/T/jogamp_0000/file_cache/jln16815213101409428788/jln17267911698664358107/natives/macosx-universal/libjogl_mobile.dylib


VM Arguments:
jvm_args: --add-opens=java.desktop/sun.awt=ALL-UNNAMED 
java_command: Sub
java_class_path (initial): jar/j3dcore.jar:jar/j3dutils.jar:jar/vecmath.jar:jar/jogamp-fat.jar:.
Launcher Type: SUN_STANDARD

[Global flags]
     intx CICompilerCount                          = 4                                         {product} {ergonomic}
     uint ConcGCThreads                            = 2                                         {product} {ergonomic}
     uint G1ConcRefinementThreads                  = 8                                         {product} {ergonomic}
   size_t G1HeapRegionSize                         = 2097152                                   {product} {ergonomic}
    uintx GCDrainStackTargetSize                   = 64                                        {product} {ergonomic}
   size_t InitialHeapSize                          = 268435456                                 {product} {ergonomic}
   size_t MarkStackSize                            = 4194304                                   {product} {ergonomic}
   size_t MaxHeapSize                              = 4294967296                                {product} {ergonomic}
   size_t MaxNewSize                               = 2575302656                                {product} {ergonomic}
   size_t MinHeapDeltaBytes                        = 2097152                                   {product} {ergonomic}
   size_t MinHeapSize                              = 8388608                                   {product} {ergonomic}
    uintx NonNMethodCodeHeapSize                   = 5839372                                {pd product} {ergonomic}
    uintx NonProfiledCodeHeapSize                  = 122909434                              {pd product} {ergonomic}
    uintx ProfiledCodeHeapSize                     = 122909434                              {pd product} {ergonomic}
    uintx ReservedCodeCacheSize                    = 251658240                              {pd product} {ergonomic}
     bool SegmentedCodeCache                       = true                                      {product} {ergonomic}
   size_t SoftMaxHeapSize                          = 4294967296                             {manageable} {ergonomic}
     bool UseCompressedClassPointers               = true                           {product lp64_product} {ergonomic}
     bool UseCompressedOops                        = true                           {product lp64_product} {ergonomic}
     bool UseG1GC                                  = true                                      {product} {ergonomic}
     bool UseNUMA                                  = false                                     {product} {ergonomic}
     bool UseNUMAInterleaving                      = false                                     {product} {ergonomic}

Logging:
Log output configuration:
 #0: stdout all=warning uptime,level,tags
 #1: stderr all=off uptime,level,tags

Environment Variables:
PATH=/Users/ituki/opt/anaconda3/bin:/Users/ituki/opt/anaconda3/condabin:/Library/Frameworks/Python.framework/Versions/3.7/bin:/Users/ituki/.nodebrew/current/bin:/Users/ituki/.cargo/bin:/Library/Frameworks/Python.framework/Versions/3.9/bin:/usr/local/bin:/System/Cryptexes/App/usr/bin:/usr/bin:/bin:/usr/sbin:/sbin:/usr/local/MacGPG2/bin:/usr/local/share/dotnet:/opt/X11/bin:~/.dotnet/tools:/Library/Apple/usr/bin:/Library/Frameworks/Mono.framework/Versions/Current/Commands
SHELL=/bin/bash
DISPLAY=/private/tmp/com.apple.launchd.gipNJHD0SG/org.xquartz:0
LANG=ja_JP.UTF-8
TERM=xterm-256color
TMPDIR=/var/folders/fv/s9jfp5cj2xxb3mp3t2tl0ydh0000gn/T/

Signal Handlers:
   SIGSEGV: crash_handler in libjvm.dylib, mask=11100110000111110111111111111111, flags=SA_RESTART|SA_SIGINFO
    SIGBUS: crash_handler in libjvm.dylib, mask=11100110000111110111111111111111, flags=SA_RESTART|SA_SIGINFO
    SIGFPE: crash_handler in libjvm.dylib, mask=11100110000111110111111111111111, flags=SA_RESTART|SA_SIGINFO
   SIGPIPE: javaSignalHandler in libjvm.dylib, mask=11100110000111110111111111111111, flags=SA_RESTART|SA_SIGINFO
   SIGXFSZ: javaSignalHandler in libjvm.dylib, mask=11100110000111110111111111111111, flags=SA_RESTART|SA_SIGINFO
    SIGILL: crash_handler in libjvm.dylib, mask=11100110000111110111111111111111, flags=SA_RESTART|SA_SIGINFO
   SIGUSR2: SR_handler in libjvm.dylib, mask=00000000000000000000000000000000, flags=SA_RESTART|SA_SIGINFO
    SIGHUP: UserHandler in libjvm.dylib, mask=11100110000111110111111111111111, flags=SA_RESTART|SA_SIGINFO
    SIGINT: UserHandler in libjvm.dylib, mask=11100110000111110111111111111111, flags=SA_RESTART|SA_SIGINFO
   SIGTERM: UserHandler in libjvm.dylib, mask=11100110000111110111111111111111, flags=SA_RESTART|SA_SIGINFO
   SIGQUIT: UserHandler in libjvm.dylib, mask=11100110000111110111111111111111, flags=SA_RESTART|SA_SIGINFO
   SIGTRAP: crash_handler in libjvm.dylib, mask=11100110000111110111111111111111, flags=SA_RESTART|SA_SIGINFO


---------------  S Y S T E M  ---------------

OS:
uname: Darwin 22.1.0 Darwin Kernel Version 22.1.0: Sun Oct  9 20:14:54 PDT 2022; root:xnu-8792.41.9~2/RELEASE_X86_64 x86_64
OS uptime: 0 days 7:52 hours
rlimit (soft/hard): STACK 8192k/65532k , CORE 0k/infinity , NPROC 2784/4176 , NOFILE 10240/infinity , AS infinity/infinity , CPU infinity/infinity , DATA infinity/infinity , FSIZE infinity/infinity , MEMLOCK infinity/infinity , RSS infinity/infinity
load average: 1.59 1.78 1.85

CPU: total 8 (initial active 8) (4 cores per cpu, 2 threads per core) family 6 model 142 stepping 10 microcode 0xf0, cx8, cmov, fxsr, ht, mmx, 3dnowpref, sse, sse2, sse3, ssse3, sse4.1, sse4.2, popcnt, lzcnt, tsc, tscinvbit, avx, avx2, aes, erms, clmul, bmi1, bmi2, adx, fma, vzeroupper, clflush, clflushopt

Memory: 4k page, physical 16777216k(395652k free), swap 0k(0k free)

vm_info: OpenJDK 64-Bit Server VM (17.0.6+10) for bsd-amd64 JRE (17.0.6+10), built on Jan 20 2023 19:28:23 by "temurin" with clang 4.2.1 Compatible Apple LLVM 10.0.1 (clang-1001.0.46.4)

END.
